[0.200s] Invoking command in '/home/umarv/ws/src/build/nav2_gradient_costmap_plugin': /usr/bin/cmake /home/umarv/ws/src/navigation2_tutorials/nav2_gradient_costmap_plugin -DCMAKE_INSTALL_PREFIX=/home/umarv/ws/src/install/nav2_gradient_costmap_plugin
[0.248s] [31mCMake Error at CMakeLists.txt:24 (find_package):
[0.249s]   By not providing "Findament_cmake.cmake" in CMAKE_MODULE_PATH this project
[0.250s]   has asked CMake to find a package configuration file provided by
[0.250s]   "ament_cmake", but CMake did not find one.
[0.252s] 
[0.252s]   Could not find a package configuration file provided by "ament_cmake" with
[0.253s]   any of the following names:
[0.254s] 
[0.255s]     ament_cmakeConfig.cmake
[0.256s]     ament_cmake-config.cmake
[0.256s] 
[0.256s]   Add the installation prefix of "ament_cmake" to CMAKE_PREFIX_PATH or set
[0.256s]   "ament_cmake_DIR" to a directory containing one of the above files.  If
[0.257s]   "ament_cmake" provides a separate development package or SDK, be sure it
[0.257s]   has been installed.
[0.257s] 
[0.258s] [0m
[0.260s] -- Configuring incomplete, errors occurred!
[0.261s] See also "/home/umarv/ws/src/build/nav2_gradient_costmap_plugin/CMakeFiles/CMakeOutput.log".
[0.272s] Invoked command in '/home/umarv/ws/src/build/nav2_gradient_costmap_plugin' returned '1': /usr/bin/cmake /home/umarv/ws/src/navigation2_tutorials/nav2_gradient_costmap_plugin -DCMAKE_INSTALL_PREFIX=/home/umarv/ws/src/install/nav2_gradient_costmap_plugin
