[0.189s] Invoking command in '/home/umarv/ws/src/build/nav2_gradient_costmap_plugin': /usr/bin/cmake /home/umarv/ws/src/navigation2_tutorials/nav2_gradient_costmap_plugin -DCMAKE_INSTALL_PREFIX=/home/umarv/ws/src/install/nav2_gradient_costmap_plugin
[0.233s] -- The C compiler identification is GNU 11.4.0
[0.282s] -- The CXX compiler identification is GNU 11.4.0
[0.288s] -- Detecting C compiler ABI info
[0.351s] -- Detecting C compiler ABI info - done
[0.360s] -- Check for working C compiler: /usr/bin/cc - skipped
[0.360s] -- Detecting C compile features
[0.361s] -- Detecting C compile features - done
[0.364s] -- Detecting CXX compiler ABI info
[0.437s] -- Detecting CXX compiler ABI info - done
[0.448s] -- Check for working CXX compiler: /usr/bin/c++ - skipped
[0.448s] -- Detecting CXX compile features
[0.449s] -- Detecting CXX compile features - done
[0.462s] [31mCMake Error at CMakeLists.txt:24 (find_package):
[0.462s]   By not providing "Findament_cmake.cmake" in CMAKE_MODULE_PATH this project
[0.463s]   has asked CMake to find a package configuration file provided by
[0.463s]   "ament_cmake", but CMake did not find one.
[0.463s] 
[0.463s]   Could not find a package configuration file provided by "ament_cmake" with
[0.463s]   any of the following names:
[0.463s] 
[0.463s]     ament_cmakeConfig.cmake
[0.463s]     ament_cmake-config.cmake
[0.463s] 
[0.463s]   Add the installation prefix of "ament_cmake" to CMAKE_PREFIX_PATH or set
[0.463s]   "ament_cmake_DIR" to a directory containing one of the above files.  If
[0.463s]   "ament_cmake" provides a separate development package or SDK, be sure it
[0.463s]   has been installed.
[0.463s] 
[0.463s] [0m
[0.463s] -- Configuring incomplete, errors occurred!
[0.464s] See also "/home/umarv/ws/src/build/nav2_gradient_costmap_plugin/CMakeFiles/CMakeOutput.log".
[0.475s] Invoked command in '/home/umarv/ws/src/build/nav2_gradient_costmap_plugin' returned '1': /usr/bin/cmake /home/umarv/ws/src/navigation2_tutorials/nav2_gradient_costmap_plugin -DCMAKE_INSTALL_PREFIX=/home/umarv/ws/src/install/nav2_gradient_costmap_plugin
