[0.191s] Invoking command in '/home/umarv/ws/build/sam_bot_description': /usr/bin/cmake /home/umarv/ws/src/navigation2_tutorials/sam_bot_description -DCMAKE_INSTALL_PREFIX=/home/umarv/ws/install/sam_bot_description
[0.250s] -- The C compiler identification is GNU 11.4.0
[0.307s] -- The CXX compiler identification is GNU 11.4.0
[0.323s] -- Detecting C compiler ABI info
[0.395s] -- Detecting C compiler ABI info - done
[0.404s] -- Check for working C compiler: /usr/bin/cc - skipped
[0.404s] -- Detecting C compile features
[0.405s] -- Detecting C compile features - done
[0.408s] -- Detecting CXX compiler ABI info
[0.488s] -- Detecting CXX compiler ABI info - done
[0.499s] -- Check for working CXX compiler: /usr/bin/c++ - skipped
[0.499s] -- Detecting CXX compile features
[0.499s] -- Detecting CXX compile features - done
[0.514s] -- Configuring incomplete, errors occurred!
[0.514s] See also "/home/umarv/ws/build/sam_bot_description/CMakeFiles/CMakeOutput.log".
[0.514s] [31mCMake Error at CMakeLists.txt:19 (find_package):
[0.515s]   By not providing "Findament_cmake.cmake" in CMAKE_MODULE_PATH this project
[0.515s]   has asked CMake to find a package configuration file provided by
[0.515s]   "ament_cmake", but CMake did not find one.
[0.515s] 
[0.515s]   Could not find a package configuration file provided by "ament_cmake" with
[0.516s]   any of the following names:
[0.516s] 
[0.516s]     ament_cmakeConfig.cmake
[0.516s]     ament_cmake-config.cmake
[0.516s] 
[0.516s]   Add the installation prefix of "ament_cmake" to CMAKE_PREFIX_PATH or set
[0.516s]   "ament_cmake_DIR" to a directory containing one of the above files.  If
[0.516s]   "ament_cmake" provides a separate development package or SDK, be sure it
[0.516s]   has been installed.
[0.517s] 
[0.517s] [0m
[0.527s] Invoked command in '/home/umarv/ws/build/sam_bot_description' returned '1': /usr/bin/cmake /home/umarv/ws/src/navigation2_tutorials/sam_bot_description -DCMAKE_INSTALL_PREFIX=/home/umarv/ws/install/sam_bot_description
