[0.189s] Invoking command in '/home/umarv/ws/src/build/nav2_gradient_costmap_plugin': /usr/bin/cmake --build /home/umarv/ws/src/build/nav2_gradient_costmap_plugin -- -j8 -l8
[0.241s] [100%] Built target nav2_gradient_costmap_plugin_core
[0.262s] Invoked command in '/home/umarv/ws/src/build/nav2_gradient_costmap_plugin' returned '0': /usr/bin/cmake --build /home/umarv/ws/src/build/nav2_gradient_costmap_plugin -- -j8 -l8
[0.331s] Invoking command in '/home/umarv/ws/src/build/nav2_gradient_costmap_plugin': /usr/bin/cmake --install /home/umarv/ws/src/build/nav2_gradient_costmap_plugin
[0.367s] -- Install configuration: ""
[0.368s] -- Up-to-date: /home/umarv/ws/src/install/nav2_gradient_costmap_plugin/lib/libnav2_gradient_costmap_plugin_core.so
[0.368s] -- Up-to-date: /home/umarv/ws/src/install/nav2_gradient_costmap_plugin/share/nav2_gradient_costmap_plugin/gradient_layer.xml
[0.369s] -- Up-to-date: /home/umarv/ws/src/install/nav2_gradient_costmap_plugin/share/ament_index/resource_index/package_run_dependencies/nav2_gradient_costmap_plugin
[0.371s] -- Up-to-date: /home/umarv/ws/src/install/nav2_gradient_costmap_plugin/share/ament_index/resource_index/parent_prefix_path/nav2_gradient_costmap_plugin
[0.371s] -- Up-to-date: /home/umarv/ws/src/install/nav2_gradient_costmap_plugin/share/nav2_gradient_costmap_plugin/environment/ament_prefix_path.sh
[0.372s] -- Up-to-date: /home/umarv/ws/src/install/nav2_gradient_costmap_plugin/share/nav2_gradient_costmap_plugin/environment/ament_prefix_path.dsv
[0.372s] -- Up-to-date: /home/umarv/ws/src/install/nav2_gradient_costmap_plugin/share/nav2_gradient_costmap_plugin/environment/path.sh
[0.372s] -- Up-to-date: /home/umarv/ws/src/install/nav2_gradient_costmap_plugin/share/nav2_gradient_costmap_plugin/environment/path.dsv
[0.373s] -- Up-to-date: /home/umarv/ws/src/install/nav2_gradient_costmap_plugin/share/nav2_gradient_costmap_plugin/local_setup.bash
[0.374s] -- Up-to-date: /home/umarv/ws/src/install/nav2_gradient_costmap_plugin/share/nav2_gradient_costmap_plugin/local_setup.sh
[0.375s] -- Up-to-date: /home/umarv/ws/src/install/nav2_gradient_costmap_plugin/share/nav2_gradient_costmap_plugin/local_setup.zsh
[0.377s] -- Up-to-date: /home/umarv/ws/src/install/nav2_gradient_costmap_plugin/share/nav2_gradient_costmap_plugin/local_setup.dsv
[0.378s] -- Installing: /home/umarv/ws/src/install/nav2_gradient_costmap_plugin/share/nav2_gradient_costmap_plugin/package.dsv
[0.378s] -- Up-to-date: /home/umarv/ws/src/install/nav2_gradient_costmap_plugin/share/ament_index/resource_index/packages/nav2_gradient_costmap_plugin
[0.379s] -- Up-to-date: /home/umarv/ws/src/install/nav2_gradient_costmap_plugin/share/ament_index/resource_index/nav2_costmap_2d__pluginlib__plugin/nav2_gradient_costmap_plugin
[0.381s] -- Up-to-date: /home/umarv/ws/src/install/nav2_gradient_costmap_plugin/share/nav2_gradient_costmap_plugin/cmake/nav2_gradient_costmap_pluginConfig.cmake
[0.382s] -- Up-to-date: /home/umarv/ws/src/install/nav2_gradient_costmap_plugin/share/nav2_gradient_costmap_plugin/cmake/nav2_gradient_costmap_pluginConfig-version.cmake
[0.382s] -- Up-to-date: /home/umarv/ws/src/install/nav2_gradient_costmap_plugin/share/nav2_gradient_costmap_plugin/package.xml
[0.403s] Invoked command in '/home/umarv/ws/src/build/nav2_gradient_costmap_plugin' returned '0': /usr/bin/cmake --install /home/umarv/ws/src/build/nav2_gradient_costmap_plugin
