[0.264s] Invoking command in '/home/umarv/ws/build/sam_bot_description': /usr/bin/cmake --build /home/umarv/ws/build/sam_bot_description -- -j8 -l8
[0.510s] Invoked command in '/home/umarv/ws/build/sam_bot_description' returned '0': /usr/bin/cmake --build /home/umarv/ws/build/sam_bot_description -- -j8 -l8
[0.563s] Invoking command in '/home/umarv/ws/build/sam_bot_description': /usr/bin/cmake --install /home/umarv/ws/build/sam_bot_description
[0.577s] -- Install configuration: ""
[0.577s] -- Up-to-date: /home/umarv/ws/install/sam_bot_description/share/sam_bot_description/src
[0.578s] -- Up-to-date: /home/umarv/ws/install/sam_bot_description/share/sam_bot_description/src/description
[0.579s] -- Up-to-date: /home/umarv/ws/install/sam_bot_description/share/sam_bot_description/src/description/sam_bot_description.urdf
[0.580s] -- Up-to-date: /home/umarv/ws/install/sam_bot_description/share/sam_bot_description/launch
[0.581s] -- Up-to-date: /home/umarv/ws/install/sam_bot_description/share/sam_bot_description/launch/display.launch.py
[0.581s] -- Up-to-date: /home/umarv/ws/install/sam_bot_description/share/sam_bot_description/rviz
[0.582s] -- Up-to-date: /home/umarv/ws/install/sam_bot_description/share/sam_bot_description/rviz/urdf_config.rviz
[0.583s] -- Up-to-date: /home/umarv/ws/install/sam_bot_description/share/sam_bot_description/config
[0.583s] -- Up-to-date: /home/umarv/ws/install/sam_bot_description/share/sam_bot_description/config/nav2_params.yaml
[0.583s] -- Up-to-date: /home/umarv/ws/install/sam_bot_description/share/sam_bot_description/config/ekf.yaml
[0.583s] -- Up-to-date: /home/umarv/ws/install/sam_bot_description/share/sam_bot_description/world
[0.585s] -- Up-to-date: /home/umarv/ws/install/sam_bot_description/share/sam_bot_description/world/my_world.sdf
[0.586s] -- Up-to-date: /home/umarv/ws/install/sam_bot_description/share/ament_index/resource_index/package_run_dependencies/sam_bot_description
[0.587s] -- Up-to-date: /home/umarv/ws/install/sam_bot_description/share/ament_index/resource_index/parent_prefix_path/sam_bot_description
[0.588s] -- Up-to-date: /home/umarv/ws/install/sam_bot_description/share/sam_bot_description/environment/ament_prefix_path.sh
[0.588s] -- Up-to-date: /home/umarv/ws/install/sam_bot_description/share/sam_bot_description/environment/ament_prefix_path.dsv
[0.589s] -- Up-to-date: /home/umarv/ws/install/sam_bot_description/share/sam_bot_description/environment/path.sh
[0.589s] -- Up-to-date: /home/umarv/ws/install/sam_bot_description/share/sam_bot_description/environment/path.dsv
[0.590s] -- Up-to-date: /home/umarv/ws/install/sam_bot_description/share/sam_bot_description/local_setup.bash
[0.590s] -- Up-to-date: /home/umarv/ws/install/sam_bot_description/share/sam_bot_description/local_setup.sh
[0.590s] -- Up-to-date: /home/umarv/ws/install/sam_bot_description/share/sam_bot_description/local_setup.zsh
[0.591s] -- Up-to-date: /home/umarv/ws/install/sam_bot_description/share/sam_bot_description/local_setup.dsv
[0.592s] -- Installing: /home/umarv/ws/install/sam_bot_description/share/sam_bot_description/package.dsv
[0.592s] -- Up-to-date: /home/umarv/ws/install/sam_bot_description/share/ament_index/resource_index/packages/sam_bot_description
[0.592s] -- Up-to-date: /home/umarv/ws/install/sam_bot_description/share/sam_bot_description/cmake/sam_bot_descriptionConfig.cmake
[0.593s] -- Up-to-date: /home/umarv/ws/install/sam_bot_description/share/sam_bot_description/cmake/sam_bot_descriptionConfig-version.cmake
[0.593s] -- Up-to-date: /home/umarv/ws/install/sam_bot_description/share/sam_bot_description/package.xml
[0.603s] Invoked command in '/home/umarv/ws/build/sam_bot_description' returned '0': /usr/bin/cmake --install /home/umarv/ws/build/sam_bot_description
