[0.338s] Invoking command in '/home/umarv/ws/src/build/nav2_gradient_costmap_plugin': CMAKE_PREFIX_PATH=/opt/ros/humble /usr/bin/cmake /home/umarv/ws/src/navigation2_tutorials/nav2_gradient_costmap_plugin -DCMAKE_INSTALL_PREFIX=/home/umarv/ws/src/install/nav2_gradient_costmap_plugin
[0.357s] -- Found ament_cmake: 1.3.5 (/opt/ros/humble/share/ament_cmake/cmake)
[0.551s] -- Found Python3: /usr/bin/python3.10 (found version "3.10.12") found components: Interpreter 
[0.691s] -- Found rclcpp: 16.0.6 (/opt/ros/humble/share/rclcpp/cmake)
[0.763s] -- Found rosidl_generator_c: 3.1.5 (/opt/ros/humble/share/rosidl_generator_c/cmake)
[0.771s] -- Found rosidl_adapter: 3.1.5 (/opt/ros/humble/share/rosidl_adapter/cmake)
[0.789s] -- Found rosidl_generator_cpp: 3.1.5 (/opt/ros/humble/share/rosidl_generator_cpp/cmake)
[0.811s] -- Using all available rosidl_typesupport_c: rosidl_typesupport_fastrtps_c;rosidl_typesupport_introspection_c
[0.837s] -- Using all available rosidl_typesupport_cpp: rosidl_typesupport_fastrtps_cpp;rosidl_typesupport_introspection_cpp
[0.947s] -- Found rmw_implementation_cmake: 6.1.1 (/opt/ros/humble/share/rmw_implementation_cmake/cmake)
[0.950s] -- Found rmw_fastrtps_cpp: 6.2.4 (/opt/ros/humble/share/rmw_fastrtps_cpp/cmake)
[1.062s] -- Found OpenSSL: /usr/lib/x86_64-linux-gnu/libcrypto.so (found version "3.0.2")  
[1.091s] -- Found FastRTPS: /opt/ros/humble/include  
[1.140s] -- Using RMW implementation 'rmw_fastrtps_cpp' as default
[1.157s] -- Looking for pthread.h
[1.217s] -- Looking for pthread.h - found
[1.217s] -- Performing Test CMAKE_HAVE_LIBC_PTHREAD
[1.273s] -- Performing Test CMAKE_HAVE_LIBC_PTHREAD - Success
[1.274s] -- Found Threads: TRUE  
[1.464s] -- Found nav2_costmap_2d: 1.1.12 (/opt/ros/humble/share/nav2_costmap_2d/cmake)
[2.382s] -- Found Eigen3: TRUE (found version "3.4.0") 
[2.382s] -- Ensuring Eigen3 include directory is part of orocos-kdl CMake target
[3.729s] -- Configuring done
[3.814s] -- Generating done
[3.816s] -- Build files have been written to: /home/umarv/ws/src/build/nav2_gradient_costmap_plugin
[3.824s] Invoked command in '/home/umarv/ws/src/build/nav2_gradient_costmap_plugin' returned '0': CMAKE_PREFIX_PATH=/opt/ros/humble /usr/bin/cmake /home/umarv/ws/src/navigation2_tutorials/nav2_gradient_costmap_plugin -DCMAKE_INSTALL_PREFIX=/home/umarv/ws/src/install/nav2_gradient_costmap_plugin
[3.826s] Invoking command in '/home/umarv/ws/src/build/nav2_gradient_costmap_plugin': CMAKE_PREFIX_PATH=/opt/ros/humble /usr/bin/cmake --build /home/umarv/ws/src/build/nav2_gradient_costmap_plugin -- -j8 -l8
[3.862s] [ 50%] [32mBuilding CXX object CMakeFiles/nav2_gradient_costmap_plugin_core.dir/src/gradient_layer.cpp.o[0m
[7.153s] [100%] [32m[1mLinking CXX shared library libnav2_gradient_costmap_plugin_core.so[0m
[7.322s] [100%] Built target nav2_gradient_costmap_plugin_core
[7.333s] Invoked command in '/home/umarv/ws/src/build/nav2_gradient_costmap_plugin' returned '0': CMAKE_PREFIX_PATH=/opt/ros/humble /usr/bin/cmake --build /home/umarv/ws/src/build/nav2_gradient_costmap_plugin -- -j8 -l8
[7.354s] Invoking command in '/home/umarv/ws/src/build/nav2_gradient_costmap_plugin': CMAKE_PREFIX_PATH=/opt/ros/humble /usr/bin/cmake --install /home/umarv/ws/src/build/nav2_gradient_costmap_plugin
[7.359s] -- Install configuration: ""
[7.359s] -- Installing: /home/umarv/ws/src/install/nav2_gradient_costmap_plugin/lib/libnav2_gradient_costmap_plugin_core.so
[7.359s] -- Set runtime path of "/home/umarv/ws/src/install/nav2_gradient_costmap_plugin/lib/libnav2_gradient_costmap_plugin_core.so" to ""
[7.360s] -- Installing: /home/umarv/ws/src/install/nav2_gradient_costmap_plugin/share/nav2_gradient_costmap_plugin/gradient_layer.xml
[7.360s] -- Installing: /home/umarv/ws/src/install/nav2_gradient_costmap_plugin/share/ament_index/resource_index/package_run_dependencies/nav2_gradient_costmap_plugin
[7.360s] -- Installing: /home/umarv/ws/src/install/nav2_gradient_costmap_plugin/share/ament_index/resource_index/parent_prefix_path/nav2_gradient_costmap_plugin
[7.360s] -- Installing: /home/umarv/ws/src/install/nav2_gradient_costmap_plugin/share/nav2_gradient_costmap_plugin/environment/ament_prefix_path.sh
[7.360s] -- Installing: /home/umarv/ws/src/install/nav2_gradient_costmap_plugin/share/nav2_gradient_costmap_plugin/environment/ament_prefix_path.dsv
[7.361s] -- Installing: /home/umarv/ws/src/install/nav2_gradient_costmap_plugin/share/nav2_gradient_costmap_plugin/environment/path.sh
[7.361s] -- Installing: /home/umarv/ws/src/install/nav2_gradient_costmap_plugin/share/nav2_gradient_costmap_plugin/environment/path.dsv
[7.361s] -- Installing: /home/umarv/ws/src/install/nav2_gradient_costmap_plugin/share/nav2_gradient_costmap_plugin/local_setup.bash
[7.361s] -- Installing: /home/umarv/ws/src/install/nav2_gradient_costmap_plugin/share/nav2_gradient_costmap_plugin/local_setup.sh
[7.361s] -- Installing: /home/umarv/ws/src/install/nav2_gradient_costmap_plugin/share/nav2_gradient_costmap_plugin/local_setup.zsh
[7.361s] -- Installing: /home/umarv/ws/src/install/nav2_gradient_costmap_plugin/share/nav2_gradient_costmap_plugin/local_setup.dsv
[7.362s] -- Installing: /home/umarv/ws/src/install/nav2_gradient_costmap_plugin/share/nav2_gradient_costmap_plugin/package.dsv
[7.362s] -- Installing: /home/umarv/ws/src/install/nav2_gradient_costmap_plugin/share/ament_index/resource_index/packages/nav2_gradient_costmap_plugin
[7.362s] -- Installing: /home/umarv/ws/src/install/nav2_gradient_costmap_plugin/share/ament_index/resource_index/nav2_costmap_2d__pluginlib__plugin/nav2_gradient_costmap_plugin
[7.362s] -- Installing: /home/umarv/ws/src/install/nav2_gradient_costmap_plugin/share/nav2_gradient_costmap_plugin/cmake/nav2_gradient_costmap_pluginConfig.cmake
[7.362s] -- Installing: /home/umarv/ws/src/install/nav2_gradient_costmap_plugin/share/nav2_gradient_costmap_plugin/cmake/nav2_gradient_costmap_pluginConfig-version.cmake
[7.363s] -- Installing: /home/umarv/ws/src/install/nav2_gradient_costmap_plugin/share/nav2_gradient_costmap_plugin/package.xml
[7.365s] Invoked command in '/home/umarv/ws/src/build/nav2_gradient_costmap_plugin' returned '0': CMAKE_PREFIX_PATH=/opt/ros/humble /usr/bin/cmake --install /home/umarv/ws/src/build/nav2_gradient_costmap_plugin
