[0.197s] Invoking command in '/home/umarv/ws/build/nav2_straightline_planner': /usr/bin/cmake /home/umarv/ws/src/navigation2_tutorials/nav2_straightline_planner -DCMAKE_INSTALL_PREFIX=/home/umarv/ws/install/nav2_straightline_planner
[0.249s] -- The C compiler identification is GNU 11.4.0
[0.323s] -- The CXX compiler identification is GNU 11.4.0
[0.335s] -- Detecting C compiler ABI info
[0.406s] -- Detecting C compiler ABI info - done
[0.415s] -- Check for working C compiler: /usr/bin/cc - skipped
[0.415s] -- Detecting C compile features
[0.415s] -- Detecting C compile features - done
[0.419s] -- Detecting CXX compiler ABI info
[0.499s] -- Detecting CXX compiler ABI info - done
[0.509s] -- Check for working CXX compiler: /usr/bin/c++ - skipped
[0.509s] -- Detecting CXX compile features
[0.509s] -- Detecting CXX compile features - done
[0.526s] -- Configuring incomplete, errors occurred!
[0.526s] See also "/home/umarv/ws/build/nav2_straightline_planner/CMakeFiles/CMakeOutput.log".
[0.529s] [31mCMake Error at CMakeLists.txt:12 (find_package):
[0.529s]   By not providing "Findament_cmake.cmake" in CMAKE_MODULE_PATH this project
[0.529s]   has asked CMake to find a package configuration file provided by
[0.529s]   "ament_cmake", but CMake did not find one.
[0.530s] 
[0.530s]   Could not find a package configuration file provided by "ament_cmake" with
[0.530s]   any of the following names:
[0.530s] 
[0.530s]     ament_cmakeConfig.cmake
[0.530s]     ament_cmake-config.cmake
[0.530s] 
[0.531s]   Add the installation prefix of "ament_cmake" to CMAKE_PREFIX_PATH or set
[0.531s]   "ament_cmake_DIR" to a directory containing one of the above files.  If
[0.531s]   "ament_cmake" provides a separate development package or SDK, be sure it
[0.531s]   has been installed.
[0.531s] 
[0.532s] [0m
[0.543s] Invoked command in '/home/umarv/ws/build/nav2_straightline_planner' returned '1': /usr/bin/cmake /home/umarv/ws/src/navigation2_tutorials/nav2_straightline_planner -DCMAKE_INSTALL_PREFIX=/home/umarv/ws/install/nav2_straightline_planner
