[0.197s] Invoking command in '/home/umarv/ws/build/nav2_gradient_costmap_plugin': /usr/bin/cmake /home/umarv/ws/src/navigation2_tutorials/nav2_gradient_costmap_plugin -DCMAKE_INSTALL_PREFIX=/home/umarv/ws/install/nav2_gradient_costmap_plugin
[0.219s] [31mCMake Error at CMakeLists.txt:24 (find_package):
[0.220s]   By not providing "Findament_cmake.cmake" in CMAKE_MODULE_PATH this project
[0.220s]   has asked CMake to find a package configuration file provided by
[0.220s]   "ament_cmake", but CMake did not find one.
[0.220s] 
[0.220s]   Could not find a package configuration file provided by "ament_cmake" with
[0.220s]   any of the following names:
[0.221s] 
[0.221s]     ament_cmakeConfig.cmake
[0.221s]     ament_cmake-config.cmake
[0.221s] 
[0.222s]   Add the installation prefix of "ament_cmake" to CMAKE_PREFIX_PATH or set
[0.222s]   "ament_cmake_DIR" to a directory containing one of the above files.  If
[0.224s]   "ament_cmake" provides a separate development package or SDK, be sure it
[0.225s]   has been installed.
[0.226s] 
[0.226s] [0m
[0.227s] -- Configuring incomplete, errors occurred!
[0.227s] See also "/home/umarv/ws/build/nav2_gradient_costmap_plugin/CMakeFiles/CMakeOutput.log".
[0.250s] Invoked command in '/home/umarv/ws/build/nav2_gradient_costmap_plugin' returned '1': /usr/bin/cmake /home/umarv/ws/src/navigation2_tutorials/nav2_gradient_costmap_plugin -DCMAKE_INSTALL_PREFIX=/home/umarv/ws/install/nav2_gradient_costmap_plugin
