[0.015s] Invoking command in '/home/umarv/ws/build/nav2_core': /usr/bin/cmake /home/umarv/ws/src/nav2_core -DCMAKE_INSTALL_PREFIX=/home/umarv/ws/install/nav2_core
[0.062s] -- The C compiler identification is GNU 11.4.0
[0.101s] -- The CXX compiler identification is GNU 11.4.0
[0.106s] -- Detecting C compiler ABI info
[0.152s] -- Detecting C compiler ABI info - done
[0.157s] -- Check for working C compiler: /usr/bin/cc - skipped
[0.158s] -- Detecting C compile features
[0.158s] -- Detecting C compile features - done
[0.160s] -- Detecting CXX compiler ABI info
[0.210s] -- Detecting CXX compiler ABI info - done
[0.215s] -- Check for working CXX compiler: /usr/bin/c++ - skipped
[0.215s] -- Detecting CXX compile features
[0.215s] -- Detecting CXX compile features - done
[0.228s] -- Configuring incomplete, errors occurred!
[0.228s] See also "/home/umarv/ws/build/nav2_core/CMakeFiles/CMakeOutput.log".
[0.228s] [31mCMake Error at CMakeLists.txt:4 (find_package):
[0.228s]   By not providing "Findament_cmake.cmake" in CMAKE_MODULE_PATH this project
[0.228s]   has asked CMake to find a package configuration file provided by
[0.228s]   "ament_cmake", but CMake did not find one.
[0.229s] 
[0.229s]   Could not find a package configuration file provided by "ament_cmake" with
[0.229s]   any of the following names:
[0.229s] 
[0.229s]     ament_cmakeConfig.cmake
[0.229s]     ament_cmake-config.cmake
[0.229s] 
[0.229s]   Add the installation prefix of "ament_cmake" to CMAKE_PREFIX_PATH or set
[0.229s]   "ament_cmake_DIR" to a directory containing one of the above files.  If
[0.229s]   "ament_cmake" provides a separate development package or SDK, be sure it
[0.229s]   has been installed.
[0.229s] 
[0.229s] [0m
[0.232s] Invoked command in '/home/umarv/ws/build/nav2_core' returned '1': /usr/bin/cmake /home/umarv/ws/src/nav2_core -DCMAKE_INSTALL_PREFIX=/home/umarv/ws/install/nav2_core
