[0.045s] Invoking command in '/home/umarv/ws/src/build/nav2_straightline_planner': CMAKE_PREFIX_PATH=${CMAKE_PREFIX_PATH}:/home/umarv/ws/src/install/nav2_gps_waypoint_follower_demo:/opt/ros/humble /usr/bin/cmake --build /home/umarv/ws/src/build/nav2_straightline_planner -- -j8 -l8
[0.083s] [100%] Built target nav2_straightline_planner_plugin
[0.090s] Invoked command in '/home/umarv/ws/src/build/nav2_straightline_planner' returned '0': CMAKE_PREFIX_PATH=${CMAKE_PREFIX_PATH}:/home/umarv/ws/src/install/nav2_gps_waypoint_follower_demo:/opt/ros/humble /usr/bin/cmake --build /home/umarv/ws/src/build/nav2_straightline_planner -- -j8 -l8
[0.118s] Invoking command in '/home/umarv/ws/src/build/nav2_straightline_planner': CMAKE_PREFIX_PATH=${CMAKE_PREFIX_PATH}:/home/umarv/ws/src/install/nav2_gps_waypoint_follower_demo:/opt/ros/humble /usr/bin/cmake --install /home/umarv/ws/src/build/nav2_straightline_planner
[0.123s] -- Install configuration: ""
[0.123s] -- Execute custom install script
[0.123s] -- Up-to-date symlink: /home/umarv/ws/src/install/nav2_straightline_planner/share/nav2_straightline_planner//global_planner_plugin.xml
[0.124s] -- Up-to-date symlink: /home/umarv/ws/src/install/nav2_straightline_planner/lib/libnav2_straightline_planner_plugin.so
[0.124s] -- Up-to-date symlink: /home/umarv/ws/src/install/nav2_straightline_planner/include//nav2_straightline_planner/straight_line_planner.hpp
[0.124s] -- Up-to-date symlink: /home/umarv/ws/src/install/nav2_straightline_planner/share/nav2_straightline_planner/global_planner_plugin.xml
[0.124s] -- Up-to-date symlink: /home/umarv/ws/src/install/nav2_straightline_planner/share/nav2_straightline_planner/environment/library_path.sh
[0.124s] -- Up-to-date symlink: /home/umarv/ws/src/install/nav2_straightline_planner/share/nav2_straightline_planner/environment/library_path.dsv
[0.125s] -- Up-to-date symlink: /home/umarv/ws/src/install/nav2_straightline_planner/share/ament_index/resource_index/package_run_dependencies/nav2_straightline_planner
[0.125s] -- Up-to-date symlink: /home/umarv/ws/src/install/nav2_straightline_planner/share/ament_index/resource_index/parent_prefix_path/nav2_straightline_planner
[0.125s] -- Up-to-date symlink: /home/umarv/ws/src/install/nav2_straightline_planner/share/nav2_straightline_planner/environment/ament_prefix_path.sh
[0.125s] -- Up-to-date symlink: /home/umarv/ws/src/install/nav2_straightline_planner/share/nav2_straightline_planner/environment/ament_prefix_path.dsv
[0.125s] -- Up-to-date symlink: /home/umarv/ws/src/install/nav2_straightline_planner/share/nav2_straightline_planner/environment/path.sh
[0.125s] -- Up-to-date symlink: /home/umarv/ws/src/install/nav2_straightline_planner/share/nav2_straightline_planner/environment/path.dsv
[0.125s] -- Up-to-date symlink: /home/umarv/ws/src/install/nav2_straightline_planner/share/nav2_straightline_planner/local_setup.bash
[0.126s] -- Up-to-date symlink: /home/umarv/ws/src/install/nav2_straightline_planner/share/nav2_straightline_planner/local_setup.sh
[0.126s] -- Up-to-date symlink: /home/umarv/ws/src/install/nav2_straightline_planner/share/nav2_straightline_planner/local_setup.zsh
[0.126s] -- Up-to-date symlink: /home/umarv/ws/src/install/nav2_straightline_planner/share/nav2_straightline_planner/local_setup.dsv
[0.126s] -- Symlinking: /home/umarv/ws/src/install/nav2_straightline_planner/share/nav2_straightline_planner/package.dsv
[0.133s] -- Up-to-date symlink: /home/umarv/ws/src/install/nav2_straightline_planner/share/ament_index/resource_index/packages/nav2_straightline_planner
[0.133s] -- Up-to-date symlink: /home/umarv/ws/src/install/nav2_straightline_planner/share/ament_index/resource_index/nav2_core__pluginlib__plugin/nav2_straightline_planner
[0.133s] -- Up-to-date symlink: /home/umarv/ws/src/install/nav2_straightline_planner/share/nav2_straightline_planner/cmake/ament_cmake_export_include_directories-extras.cmake
[0.133s] -- Up-to-date symlink: /home/umarv/ws/src/install/nav2_straightline_planner/share/nav2_straightline_planner/cmake/ament_cmake_export_libraries-extras.cmake
[0.133s] -- Up-to-date symlink: /home/umarv/ws/src/install/nav2_straightline_planner/share/nav2_straightline_planner/cmake/ament_cmake_export_dependencies-extras.cmake
[0.134s] -- Up-to-date symlink: /home/umarv/ws/src/install/nav2_straightline_planner/share/nav2_straightline_planner/cmake/nav2_straightline_plannerConfig.cmake
[0.134s] -- Up-to-date symlink: /home/umarv/ws/src/install/nav2_straightline_planner/share/nav2_straightline_planner/cmake/nav2_straightline_plannerConfig-version.cmake
[0.134s] -- Up-to-date symlink: /home/umarv/ws/src/install/nav2_straightline_planner/share/nav2_straightline_planner/package.xml
[0.136s] Invoked command in '/home/umarv/ws/src/build/nav2_straightline_planner' returned '0': CMAKE_PREFIX_PATH=${CMAKE_PREFIX_PATH}:/home/umarv/ws/src/install/nav2_gps_waypoint_follower_demo:/opt/ros/humble /usr/bin/cmake --install /home/umarv/ws/src/build/nav2_straightline_planner
