[0.380s] DEBUG:colcon:Command line arguments: ['/usr/bin/colcon', 'build']
[0.380s] DEBUG:colcon:Parsed command line arguments: Namespace(log_base=None, log_level=None, verb_name='build', build_base='build', install_base='install', merge_install=False, symlink_install=False, test_result_base=None, continue_on_error=False, executor='parallel', parallel_workers=8, event_handlers=None, ignore_user_meta=False, metas=['./colcon.meta'], base_paths=['.'], packages_ignore=None, packages_ignore_regex=None, paths=None, packages_up_to=None, packages_up_to_regex=None, packages_above=None, packages_above_and_dependencies=None, packages_above_depth=None, packages_select_by_dep=None, packages_skip_by_dep=None, packages_skip_up_to=None, packages_select_build_failed=False, packages_skip_build_finished=False, packages_select_test_failures=False, packages_skip_test_passed=False, packages_select=None, packages_skip=None, packages_select_regex=None, packages_skip_regex=None, packages_start=None, packages_end=None, cmake_args=None, cmake_target=None, cmake_target_skip_unavailable=False, cmake_clean_cache=False, cmake_clean_first=False, cmake_force_configure=False, ament_cmake_args=None, catkin_cmake_args=None, catkin_skip_building_tests=False, mixin_files=None, mixin=None, verb_parser=<colcon_mixin.mixin.mixin_argument.MixinArgumentDecorator object at 0x7fa5898c55a0>, verb_extension=<colcon_core.verb.build.BuildVerb object at 0x7fa5898c4f10>, main=<bound method BuildVerb.main of <colcon_core.verb.build.BuildVerb object at 0x7fa5898c4f10>>, mixin_verb=('build',))
[0.399s] Level 1:colcon.colcon_core.package_discovery:discover_packages(colcon_meta) check parameters
[0.399s] INFO:colcon.colcon_metadata.package_discovery.colcon_meta:Using configuration from '/root/.colcon/metadata/default/Gazebo.meta'
[0.400s] INFO:colcon.colcon_metadata.package_discovery.colcon_meta:Using configuration from '/root/.colcon/metadata/default/fastrtps.meta'
[0.400s] Level 1:colcon.colcon_core.package_discovery:discover_packages(recursive) check parameters
[0.400s] Level 1:colcon.colcon_core.package_discovery:discover_packages(ignore) check parameters
[0.400s] Level 1:colcon.colcon_core.package_discovery:discover_packages(path) check parameters
[0.400s] Level 1:colcon.colcon_core.package_discovery:discover_packages(colcon_meta) discover
[0.400s] Level 1:colcon.colcon_core.package_discovery:discover_packages(recursive) discover
[0.400s] INFO:colcon.colcon_core.package_discovery:Crawling recursively for packages in '/home/umarv/ws'
[0.400s] Level 1:colcon.colcon_core.package_identification:_identify(.) by extensions ['ignore', 'ignore_ament_install']
[0.400s] Level 1:colcon.colcon_core.package_identification:_identify(.) by extension 'ignore'
[0.400s] Level 1:colcon.colcon_core.package_identification:_identify(.) by extension 'ignore_ament_install'
[0.400s] Level 1:colcon.colcon_core.package_identification:_identify(.) by extensions ['colcon_pkg']
[0.400s] Level 1:colcon.colcon_core.package_identification:_identify(.) by extension 'colcon_pkg'
[0.400s] Level 1:colcon.colcon_core.package_identification:_identify(.) by extensions ['colcon_meta']
[0.400s] Level 1:colcon.colcon_core.package_identification:_identify(.) by extension 'colcon_meta'
[0.400s] Level 1:colcon.colcon_core.package_identification:_identify(.) by extensions ['ros']
[0.400s] Level 1:colcon.colcon_core.package_identification:_identify(.) by extension 'ros'
[0.408s] Level 1:colcon.colcon_core.package_identification:_identify(.) by extensions ['cmake', 'python']
[0.408s] Level 1:colcon.colcon_core.package_identification:_identify(.) by extension 'cmake'
[0.409s] Level 1:colcon.colcon_core.package_identification:_identify(.) by extension 'python'
[0.409s] Level 1:colcon.colcon_core.package_identification:_identify(.) by extensions ['python_setup_py']
[0.409s] Level 1:colcon.colcon_core.package_identification:_identify(.) by extension 'python_setup_py'
[0.409s] Level 1:colcon.colcon_core.package_identification:_identify(build) by extensions ['ignore', 'ignore_ament_install']
[0.409s] Level 1:colcon.colcon_core.package_identification:_identify(build) by extension 'ignore'
[0.409s] Level 1:colcon.colcon_core.package_identification:_identify(build) ignored
[0.409s] Level 1:colcon.colcon_core.package_identification:_identify(install) by extensions ['ignore', 'ignore_ament_install']
[0.409s] Level 1:colcon.colcon_core.package_identification:_identify(install) by extension 'ignore'
[0.409s] Level 1:colcon.colcon_core.package_identification:_identify(install) ignored
[0.409s] Level 1:colcon.colcon_core.package_identification:_identify(log) by extensions ['ignore', 'ignore_ament_install']
[0.409s] Level 1:colcon.colcon_core.package_identification:_identify(log) by extension 'ignore'
[0.409s] Level 1:colcon.colcon_core.package_identification:_identify(log) ignored
[0.409s] Level 1:colcon.colcon_core.package_identification:_identify(src) by extensions ['ignore', 'ignore_ament_install']
[0.409s] Level 1:colcon.colcon_core.package_identification:_identify(src) by extension 'ignore'
[0.409s] Level 1:colcon.colcon_core.package_identification:_identify(src) by extension 'ignore_ament_install'
[0.409s] Level 1:colcon.colcon_core.package_identification:_identify(src) by extensions ['colcon_pkg']
[0.410s] Level 1:colcon.colcon_core.package_identification:_identify(src) by extension 'colcon_pkg'
[0.410s] Level 1:colcon.colcon_core.package_identification:_identify(src) by extensions ['colcon_meta']
[0.410s] Level 1:colcon.colcon_core.package_identification:_identify(src) by extension 'colcon_meta'
[0.410s] Level 1:colcon.colcon_core.package_identification:_identify(src) by extensions ['ros']
[0.410s] Level 1:colcon.colcon_core.package_identification:_identify(src) by extension 'ros'
[0.410s] Level 1:colcon.colcon_core.package_identification:_identify(src) by extensions ['cmake', 'python']
[0.410s] Level 1:colcon.colcon_core.package_identification:_identify(src) by extension 'cmake'
[0.410s] Level 1:colcon.colcon_core.package_identification:_identify(src) by extension 'python'
[0.410s] Level 1:colcon.colcon_core.package_identification:_identify(src) by extensions ['python_setup_py']
[0.410s] Level 1:colcon.colcon_core.package_identification:_identify(src) by extension 'python_setup_py'
[0.410s] Level 1:colcon.colcon_core.package_identification:_identify(src/build) by extensions ['ignore', 'ignore_ament_install']
[0.410s] Level 1:colcon.colcon_core.package_identification:_identify(src/build) by extension 'ignore'
[0.410s] Level 1:colcon.colcon_core.package_identification:_identify(src/build) ignored
[0.410s] Level 1:colcon.colcon_core.package_identification:_identify(src/install) by extensions ['ignore', 'ignore_ament_install']
[0.410s] Level 1:colcon.colcon_core.package_identification:_identify(src/install) by extension 'ignore'
[0.410s] Level 1:colcon.colcon_core.package_identification:_identify(src/install) ignored
[0.410s] Level 1:colcon.colcon_core.package_identification:_identify(src/log) by extensions ['ignore', 'ignore_ament_install']
[0.410s] Level 1:colcon.colcon_core.package_identification:_identify(src/log) by extension 'ignore'
[0.411s] Level 1:colcon.colcon_core.package_identification:_identify(src/log) ignored
[0.411s] Level 1:colcon.colcon_core.package_identification:_identify(src/navigation2_tutorials) by extensions ['ignore', 'ignore_ament_install']
[0.411s] Level 1:colcon.colcon_core.package_identification:_identify(src/navigation2_tutorials) by extension 'ignore'
[0.411s] Level 1:colcon.colcon_core.package_identification:_identify(src/navigation2_tutorials) by extension 'ignore_ament_install'
[0.411s] Level 1:colcon.colcon_core.package_identification:_identify(src/navigation2_tutorials) by extensions ['colcon_pkg']
[0.411s] Level 1:colcon.colcon_core.package_identification:_identify(src/navigation2_tutorials) by extension 'colcon_pkg'
[0.411s] Level 1:colcon.colcon_core.package_identification:_identify(src/navigation2_tutorials) by extensions ['colcon_meta']
[0.411s] Level 1:colcon.colcon_core.package_identification:_identify(src/navigation2_tutorials) by extension 'colcon_meta'
[0.411s] Level 1:colcon.colcon_core.package_identification:_identify(src/navigation2_tutorials) by extensions ['ros']
[0.411s] Level 1:colcon.colcon_core.package_identification:_identify(src/navigation2_tutorials) by extension 'ros'
[0.411s] Level 1:colcon.colcon_core.package_identification:_identify(src/navigation2_tutorials) by extensions ['cmake', 'python']
[0.411s] Level 1:colcon.colcon_core.package_identification:_identify(src/navigation2_tutorials) by extension 'cmake'
[0.411s] Level 1:colcon.colcon_core.package_identification:_identify(src/navigation2_tutorials) by extension 'python'
[0.411s] Level 1:colcon.colcon_core.package_identification:_identify(src/navigation2_tutorials) by extensions ['python_setup_py']
[0.411s] Level 1:colcon.colcon_core.package_identification:_identify(src/navigation2_tutorials) by extension 'python_setup_py'
[0.411s] Level 1:colcon.colcon_core.package_identification:_identify(src/navigation2_tutorials/build) by extensions ['ignore', 'ignore_ament_install']
[0.411s] Level 1:colcon.colcon_core.package_identification:_identify(src/navigation2_tutorials/build) by extension 'ignore'
[0.411s] Level 1:colcon.colcon_core.package_identification:_identify(src/navigation2_tutorials/build) ignored
[0.411s] Level 1:colcon.colcon_core.package_identification:_identify(src/navigation2_tutorials/install) by extensions ['ignore', 'ignore_ament_install']
[0.411s] Level 1:colcon.colcon_core.package_identification:_identify(src/navigation2_tutorials/install) by extension 'ignore'
[0.411s] Level 1:colcon.colcon_core.package_identification:_identify(src/navigation2_tutorials/install) ignored
[0.412s] Level 1:colcon.colcon_core.package_identification:_identify(src/navigation2_tutorials/log) by extensions ['ignore', 'ignore_ament_install']
[0.412s] Level 1:colcon.colcon_core.package_identification:_identify(src/navigation2_tutorials/log) by extension 'ignore'
[0.412s] Level 1:colcon.colcon_core.package_identification:_identify(src/navigation2_tutorials/log) ignored
[0.412s] Level 1:colcon.colcon_core.package_identification:_identify(src/navigation2_tutorials/nav2_gps_waypoint_follower_demo) by extensions ['ignore', 'ignore_ament_install']
[0.412s] Level 1:colcon.colcon_core.package_identification:_identify(src/navigation2_tutorials/nav2_gps_waypoint_follower_demo) by extension 'ignore'
[0.412s] Level 1:colcon.colcon_core.package_identification:_identify(src/navigation2_tutorials/nav2_gps_waypoint_follower_demo) by extension 'ignore_ament_install'
[0.412s] Level 1:colcon.colcon_core.package_identification:_identify(src/navigation2_tutorials/nav2_gps_waypoint_follower_demo) by extensions ['colcon_pkg']
[0.412s] Level 1:colcon.colcon_core.package_identification:_identify(src/navigation2_tutorials/nav2_gps_waypoint_follower_demo) by extension 'colcon_pkg'
[0.412s] Level 1:colcon.colcon_core.package_identification:_identify(src/navigation2_tutorials/nav2_gps_waypoint_follower_demo) by extensions ['colcon_meta']
[0.412s] Level 1:colcon.colcon_core.package_identification:_identify(src/navigation2_tutorials/nav2_gps_waypoint_follower_demo) by extension 'colcon_meta'
[0.412s] Level 1:colcon.colcon_core.package_identification:_identify(src/navigation2_tutorials/nav2_gps_waypoint_follower_demo) by extensions ['ros']
[0.412s] Level 1:colcon.colcon_core.package_identification:_identify(src/navigation2_tutorials/nav2_gps_waypoint_follower_demo) by extension 'ros'
[0.421s] DEBUG:colcon.colcon_core.package_identification:Package 'src/navigation2_tutorials/nav2_gps_waypoint_follower_demo' with type 'ros.ament_python' and name 'nav2_gps_waypoint_follower_demo'
[0.421s] Level 1:colcon.colcon_core.package_identification:_identify(src/navigation2_tutorials/nav2_gradient_costmap_plugin) by extensions ['ignore', 'ignore_ament_install']
[0.421s] Level 1:colcon.colcon_core.package_identification:_identify(src/navigation2_tutorials/nav2_gradient_costmap_plugin) by extension 'ignore'
[0.422s] Level 1:colcon.colcon_core.package_identification:_identify(src/navigation2_tutorials/nav2_gradient_costmap_plugin) by extension 'ignore_ament_install'
[0.422s] Level 1:colcon.colcon_core.package_identification:_identify(src/navigation2_tutorials/nav2_gradient_costmap_plugin) by extensions ['colcon_pkg']
[0.422s] Level 1:colcon.colcon_core.package_identification:_identify(src/navigation2_tutorials/nav2_gradient_costmap_plugin) by extension 'colcon_pkg'
[0.422s] Level 1:colcon.colcon_core.package_identification:_identify(src/navigation2_tutorials/nav2_gradient_costmap_plugin) by extensions ['colcon_meta']
[0.422s] Level 1:colcon.colcon_core.package_identification:_identify(src/navigation2_tutorials/nav2_gradient_costmap_plugin) by extension 'colcon_meta'
[0.422s] Level 1:colcon.colcon_core.package_identification:_identify(src/navigation2_tutorials/nav2_gradient_costmap_plugin) by extensions ['ros']
[0.422s] Level 1:colcon.colcon_core.package_identification:_identify(src/navigation2_tutorials/nav2_gradient_costmap_plugin) by extension 'ros'
[0.422s] DEBUG:colcon.colcon_core.package_identification:Package 'src/navigation2_tutorials/nav2_gradient_costmap_plugin' with type 'ros.ament_cmake' and name 'nav2_gradient_costmap_plugin'
[0.422s] Level 1:colcon.colcon_core.package_identification:_identify(src/navigation2_tutorials/nav2_straightline_planner) by extensions ['ignore', 'ignore_ament_install']
[0.423s] Level 1:colcon.colcon_core.package_identification:_identify(src/navigation2_tutorials/nav2_straightline_planner) by extension 'ignore'
[0.423s] Level 1:colcon.colcon_core.package_identification:_identify(src/navigation2_tutorials/nav2_straightline_planner) by extension 'ignore_ament_install'
[0.423s] Level 1:colcon.colcon_core.package_identification:_identify(src/navigation2_tutorials/nav2_straightline_planner) by extensions ['colcon_pkg']
[0.423s] Level 1:colcon.colcon_core.package_identification:_identify(src/navigation2_tutorials/nav2_straightline_planner) by extension 'colcon_pkg'
[0.423s] Level 1:colcon.colcon_core.package_identification:_identify(src/navigation2_tutorials/nav2_straightline_planner) by extensions ['colcon_meta']
[0.423s] Level 1:colcon.colcon_core.package_identification:_identify(src/navigation2_tutorials/nav2_straightline_planner) by extension 'colcon_meta'
[0.423s] Level 1:colcon.colcon_core.package_identification:_identify(src/navigation2_tutorials/nav2_straightline_planner) by extensions ['ros']
[0.423s] Level 1:colcon.colcon_core.package_identification:_identify(src/navigation2_tutorials/nav2_straightline_planner) by extension 'ros'
[0.424s] DEBUG:colcon.colcon_core.package_identification:Package 'src/navigation2_tutorials/nav2_straightline_planner' with type 'ros.ament_cmake' and name 'nav2_straightline_planner'
[0.424s] Level 1:colcon.colcon_core.package_identification:_identify(src/navigation2_tutorials/sam_bot_description) by extensions ['ignore', 'ignore_ament_install']
[0.424s] Level 1:colcon.colcon_core.package_identification:_identify(src/navigation2_tutorials/sam_bot_description) by extension 'ignore'
[0.424s] Level 1:colcon.colcon_core.package_identification:_identify(src/navigation2_tutorials/sam_bot_description) by extension 'ignore_ament_install'
[0.424s] Level 1:colcon.colcon_core.package_identification:_identify(src/navigation2_tutorials/sam_bot_description) by extensions ['colcon_pkg']
[0.424s] Level 1:colcon.colcon_core.package_identification:_identify(src/navigation2_tutorials/sam_bot_description) by extension 'colcon_pkg'
[0.424s] Level 1:colcon.colcon_core.package_identification:_identify(src/navigation2_tutorials/sam_bot_description) by extensions ['colcon_meta']
[0.424s] Level 1:colcon.colcon_core.package_identification:_identify(src/navigation2_tutorials/sam_bot_description) by extension 'colcon_meta'
[0.424s] Level 1:colcon.colcon_core.package_identification:_identify(src/navigation2_tutorials/sam_bot_description) by extensions ['ros']
[0.424s] Level 1:colcon.colcon_core.package_identification:_identify(src/navigation2_tutorials/sam_bot_description) by extension 'ros'
[0.425s] DEBUG:colcon.colcon_core.package_identification:Package 'src/navigation2_tutorials/sam_bot_description' with type 'ros.ament_cmake' and name 'sam_bot_description'
[0.425s] Level 1:colcon.colcon_core.package_discovery:discover_packages(recursive) using defaults
[0.425s] Level 1:colcon.colcon_core.package_discovery:discover_packages(ignore) discover
[0.425s] Level 1:colcon.colcon_core.package_discovery:discover_packages(ignore) using defaults
[0.425s] Level 1:colcon.colcon_core.package_discovery:discover_packages(path) discover
[0.425s] Level 1:colcon.colcon_core.package_discovery:discover_packages(path) using defaults
[0.457s] Level 5:colcon.colcon_core.verb:set package 'nav2_gps_waypoint_follower_demo' build argument 'cmake_args' from command line to 'None'
[0.457s] Level 5:colcon.colcon_core.verb:set package 'nav2_gps_waypoint_follower_demo' build argument 'cmake_target' from command line to 'None'
[0.457s] Level 5:colcon.colcon_core.verb:set package 'nav2_gps_waypoint_follower_demo' build argument 'cmake_target_skip_unavailable' from command line to 'False'
[0.457s] Level 5:colcon.colcon_core.verb:set package 'nav2_gps_waypoint_follower_demo' build argument 'cmake_clean_cache' from command line to 'False'
[0.457s] Level 5:colcon.colcon_core.verb:set package 'nav2_gps_waypoint_follower_demo' build argument 'cmake_clean_first' from command line to 'False'
[0.457s] Level 5:colcon.colcon_core.verb:set package 'nav2_gps_waypoint_follower_demo' build argument 'cmake_force_configure' from command line to 'False'
[0.457s] Level 5:colcon.colcon_core.verb:set package 'nav2_gps_waypoint_follower_demo' build argument 'ament_cmake_args' from command line to 'None'
[0.457s] Level 5:colcon.colcon_core.verb:set package 'nav2_gps_waypoint_follower_demo' build argument 'catkin_cmake_args' from command line to 'None'
[0.457s] Level 5:colcon.colcon_core.verb:set package 'nav2_gps_waypoint_follower_demo' build argument 'catkin_skip_building_tests' from command line to 'False'
[0.457s] DEBUG:colcon.colcon_core.verb:Building package 'nav2_gps_waypoint_follower_demo' with the following arguments: {'ament_cmake_args': None, 'build_base': '/home/umarv/ws/build/nav2_gps_waypoint_follower_demo', 'catkin_cmake_args': None, 'catkin_skip_building_tests': False, 'cmake_args': None, 'cmake_clean_cache': False, 'cmake_clean_first': False, 'cmake_force_configure': False, 'cmake_target': None, 'cmake_target_skip_unavailable': False, 'install_base': '/home/umarv/ws/install/nav2_gps_waypoint_follower_demo', 'merge_install': False, 'path': '/home/umarv/ws/src/navigation2_tutorials/nav2_gps_waypoint_follower_demo', 'symlink_install': False, 'test_result_base': None}
[0.461s] Level 5:colcon.colcon_core.verb:set package 'nav2_gradient_costmap_plugin' build argument 'cmake_args' from command line to 'None'
[0.461s] Level 5:colcon.colcon_core.verb:set package 'nav2_gradient_costmap_plugin' build argument 'cmake_target' from command line to 'None'
[0.461s] Level 5:colcon.colcon_core.verb:set package 'nav2_gradient_costmap_plugin' build argument 'cmake_target_skip_unavailable' from command line to 'False'
[0.461s] Level 5:colcon.colcon_core.verb:set package 'nav2_gradient_costmap_plugin' build argument 'cmake_clean_cache' from command line to 'False'
[0.461s] Level 5:colcon.colcon_core.verb:set package 'nav2_gradient_costmap_plugin' build argument 'cmake_clean_first' from command line to 'False'
[0.462s] Level 5:colcon.colcon_core.verb:set package 'nav2_gradient_costmap_plugin' build argument 'cmake_force_configure' from command line to 'False'
[0.462s] Level 5:colcon.colcon_core.verb:set package 'nav2_gradient_costmap_plugin' build argument 'ament_cmake_args' from command line to 'None'
[0.462s] Level 5:colcon.colcon_core.verb:set package 'nav2_gradient_costmap_plugin' build argument 'catkin_cmake_args' from command line to 'None'
[0.462s] Level 5:colcon.colcon_core.verb:set package 'nav2_gradient_costmap_plugin' build argument 'catkin_skip_building_tests' from command line to 'False'
[0.462s] DEBUG:colcon.colcon_core.verb:Building package 'nav2_gradient_costmap_plugin' with the following arguments: {'ament_cmake_args': None, 'build_base': '/home/umarv/ws/build/nav2_gradient_costmap_plugin', 'catkin_cmake_args': None, 'catkin_skip_building_tests': False, 'cmake_args': None, 'cmake_clean_cache': False, 'cmake_clean_first': False, 'cmake_force_configure': False, 'cmake_target': None, 'cmake_target_skip_unavailable': False, 'install_base': '/home/umarv/ws/install/nav2_gradient_costmap_plugin', 'merge_install': False, 'path': '/home/umarv/ws/src/navigation2_tutorials/nav2_gradient_costmap_plugin', 'symlink_install': False, 'test_result_base': None}
[0.466s] Level 5:colcon.colcon_core.verb:set package 'nav2_straightline_planner' build argument 'cmake_args' from command line to 'None'
[0.466s] Level 5:colcon.colcon_core.verb:set package 'nav2_straightline_planner' build argument 'cmake_target' from command line to 'None'
[0.466s] Level 5:colcon.colcon_core.verb:set package 'nav2_straightline_planner' build argument 'cmake_target_skip_unavailable' from command line to 'False'
[0.466s] Level 5:colcon.colcon_core.verb:set package 'nav2_straightline_planner' build argument 'cmake_clean_cache' from command line to 'False'
[0.466s] Level 5:colcon.colcon_core.verb:set package 'nav2_straightline_planner' build argument 'cmake_clean_first' from command line to 'False'
[0.466s] Level 5:colcon.colcon_core.verb:set package 'nav2_straightline_planner' build argument 'cmake_force_configure' from command line to 'False'
[0.466s] Level 5:colcon.colcon_core.verb:set package 'nav2_straightline_planner' build argument 'ament_cmake_args' from command line to 'None'
[0.466s] Level 5:colcon.colcon_core.verb:set package 'nav2_straightline_planner' build argument 'catkin_cmake_args' from command line to 'None'
[0.466s] Level 5:colcon.colcon_core.verb:set package 'nav2_straightline_planner' build argument 'catkin_skip_building_tests' from command line to 'False'
[0.466s] DEBUG:colcon.colcon_core.verb:Building package 'nav2_straightline_planner' with the following arguments: {'ament_cmake_args': None, 'build_base': '/home/umarv/ws/build/nav2_straightline_planner', 'catkin_cmake_args': None, 'catkin_skip_building_tests': False, 'cmake_args': None, 'cmake_clean_cache': False, 'cmake_clean_first': False, 'cmake_force_configure': False, 'cmake_target': None, 'cmake_target_skip_unavailable': False, 'install_base': '/home/umarv/ws/install/nav2_straightline_planner', 'merge_install': False, 'path': '/home/umarv/ws/src/navigation2_tutorials/nav2_straightline_planner', 'symlink_install': False, 'test_result_base': None}
[0.470s] Level 5:colcon.colcon_core.verb:set package 'sam_bot_description' build argument 'cmake_args' from command line to 'None'
[0.470s] Level 5:colcon.colcon_core.verb:set package 'sam_bot_description' build argument 'cmake_target' from command line to 'None'
[0.470s] Level 5:colcon.colcon_core.verb:set package 'sam_bot_description' build argument 'cmake_target_skip_unavailable' from command line to 'False'
[0.470s] Level 5:colcon.colcon_core.verb:set package 'sam_bot_description' build argument 'cmake_clean_cache' from command line to 'False'
[0.470s] Level 5:colcon.colcon_core.verb:set package 'sam_bot_description' build argument 'cmake_clean_first' from command line to 'False'
[0.470s] Level 5:colcon.colcon_core.verb:set package 'sam_bot_description' build argument 'cmake_force_configure' from command line to 'False'
[0.470s] Level 5:colcon.colcon_core.verb:set package 'sam_bot_description' build argument 'ament_cmake_args' from command line to 'None'
[0.470s] Level 5:colcon.colcon_core.verb:set package 'sam_bot_description' build argument 'catkin_cmake_args' from command line to 'None'
[0.470s] Level 5:colcon.colcon_core.verb:set package 'sam_bot_description' build argument 'catkin_skip_building_tests' from command line to 'False'
[0.470s] DEBUG:colcon.colcon_core.verb:Building package 'sam_bot_description' with the following arguments: {'ament_cmake_args': None, 'build_base': '/home/umarv/ws/build/sam_bot_description', 'catkin_cmake_args': None, 'catkin_skip_building_tests': False, 'cmake_args': None, 'cmake_clean_cache': False, 'cmake_clean_first': False, 'cmake_force_configure': False, 'cmake_target': None, 'cmake_target_skip_unavailable': False, 'install_base': '/home/umarv/ws/install/sam_bot_description', 'merge_install': False, 'path': '/home/umarv/ws/src/navigation2_tutorials/sam_bot_description', 'symlink_install': False, 'test_result_base': None}
[0.474s] INFO:colcon.colcon_core.executor:Executing jobs using 'parallel' executor
[0.479s] DEBUG:colcon.colcon_parallel_executor.executor.parallel:run_until_complete
[0.479s] INFO:colcon.colcon_ros.task.ament_python.build:Building ROS package in '/home/umarv/ws/src/navigation2_tutorials/nav2_gps_waypoint_follower_demo' with build type 'ament_python'
[0.479s] Level 1:colcon.colcon_core.shell:create_environment_hook('nav2_gps_waypoint_follower_demo', 'ament_prefix_path')
[0.486s] INFO:colcon.colcon_core.plugin_system:Skipping extension 'colcon_core.shell.bat': Not used on non-Windows systems
[0.487s] INFO:colcon.colcon_core.shell:Creating environment hook '/home/umarv/ws/install/nav2_gps_waypoint_follower_demo/share/nav2_gps_waypoint_follower_demo/hook/ament_prefix_path.ps1'
[0.487s] INFO:colcon.colcon_core.shell:Creating environment descriptor '/home/umarv/ws/install/nav2_gps_waypoint_follower_demo/share/nav2_gps_waypoint_follower_demo/hook/ament_prefix_path.dsv'
[0.487s] INFO:colcon.colcon_core.shell:Creating environment hook '/home/umarv/ws/install/nav2_gps_waypoint_follower_demo/share/nav2_gps_waypoint_follower_demo/hook/ament_prefix_path.sh'
[0.492s] INFO:colcon.colcon_core.shell:Skip shell extension 'powershell' for command environment: Not usable outside of PowerShell
[0.492s] DEBUG:colcon.colcon_core.shell:Skip shell extension 'dsv' for command environment
[0.498s] INFO:colcon.colcon_ros.task.ament_cmake.build:Building ROS package in '/home/umarv/ws/src/navigation2_tutorials/nav2_gradient_costmap_plugin' with build type 'ament_cmake'
[0.498s] INFO:colcon.colcon_cmake.task.cmake.build:Building CMake package in '/home/umarv/ws/src/navigation2_tutorials/nav2_gradient_costmap_plugin'
[0.502s] INFO:colcon.colcon_core.shell:Skip shell extension 'powershell' for command environment: Not usable outside of PowerShell
[0.502s] DEBUG:colcon.colcon_core.shell:Skip shell extension 'dsv' for command environment
[0.507s] INFO:colcon.colcon_ros.task.ament_cmake.build:Building ROS package in '/home/umarv/ws/src/navigation2_tutorials/nav2_straightline_planner' with build type 'ament_cmake'
[0.507s] INFO:colcon.colcon_cmake.task.cmake.build:Building CMake package in '/home/umarv/ws/src/navigation2_tutorials/nav2_straightline_planner'
[0.512s] INFO:colcon.colcon_core.shell:Skip shell extension 'powershell' for command environment: Not usable outside of PowerShell
[0.512s] DEBUG:colcon.colcon_core.shell:Skip shell extension 'dsv' for command environment
[0.517s] INFO:colcon.colcon_ros.task.ament_cmake.build:Building ROS package in '/home/umarv/ws/src/navigation2_tutorials/sam_bot_description' with build type 'ament_cmake'
[0.518s] INFO:colcon.colcon_cmake.task.cmake.build:Building CMake package in '/home/umarv/ws/src/navigation2_tutorials/sam_bot_description'
[0.522s] INFO:colcon.colcon_core.shell:Skip shell extension 'powershell' for command environment: Not usable outside of PowerShell
[0.522s] DEBUG:colcon.colcon_core.shell:Skip shell extension 'dsv' for command environment
[0.661s] INFO:colcon.colcon_core.task.python.build:Building Python package in '/home/umarv/ws/src/navigation2_tutorials/nav2_gps_waypoint_follower_demo'
[0.666s] INFO:colcon.colcon_core.shell:Skip shell extension 'powershell' for command environment: Not usable outside of PowerShell
[0.667s] DEBUG:colcon.colcon_core.shell:Skip shell extension 'dsv' for command environment
[0.676s] DEBUG:colcon.colcon_core.event_handler.log_command:Invoking command in '/home/umarv/ws/build/nav2_gradient_costmap_plugin': /usr/bin/cmake --build /home/umarv/ws/build/nav2_gradient_costmap_plugin -- -j8 -l8
[0.682s] DEBUG:colcon.colcon_core.event_handler.log_command:Invoking command in '/home/umarv/ws/build/nav2_straightline_planner': /usr/bin/cmake --build /home/umarv/ws/build/nav2_straightline_planner -- -j8 -l8
[0.687s] DEBUG:colcon.colcon_core.event_handler.log_command:Invoking command in '/home/umarv/ws/build/sam_bot_description': /usr/bin/cmake --build /home/umarv/ws/build/sam_bot_description -- -j8 -l8
[0.708s] DEBUG:colcon.colcon_core.event_handler.log_command:Invoked command in '/home/umarv/ws/build/sam_bot_description' returned '0': /usr/bin/cmake --build /home/umarv/ws/build/sam_bot_description -- -j8 -l8
[0.730s] DEBUG:colcon.colcon_core.event_handler.log_command:Invoking command in '/home/umarv/ws/build/sam_bot_description': /usr/bin/cmake --install /home/umarv/ws/build/sam_bot_description
[0.732s] DEBUG:colcon.colcon_core.event_handler.log_command:Invoked command in '/home/umarv/ws/build/nav2_gradient_costmap_plugin' returned '0': /usr/bin/cmake --build /home/umarv/ws/build/nav2_gradient_costmap_plugin -- -j8 -l8
[0.738s] Level 1:colcon.colcon_core.environment:create_environment_scripts_only(sam_bot_description)
[0.746s] DEBUG:colcon.colcon_core.event_handler.log_command:Invoked command in '/home/umarv/ws/build/sam_bot_description' returned '0': /usr/bin/cmake --install /home/umarv/ws/build/sam_bot_description
[0.751s] Level 1:colcon.colcon_core.environment:checking '/home/umarv/ws/install/sam_bot_description' for CMake module files
[0.751s] Level 1:colcon.colcon_core.environment:checking '/home/umarv/ws/install/sam_bot_description' for CMake config files
[0.751s] Level 1:colcon.colcon_core.shell:create_environment_hook('sam_bot_description', 'cmake_prefix_path')
[0.756s] INFO:colcon.colcon_core.shell:Creating environment hook '/home/umarv/ws/install/sam_bot_description/share/sam_bot_description/hook/cmake_prefix_path.ps1'
[0.756s] INFO:colcon.colcon_core.shell:Creating environment descriptor '/home/umarv/ws/install/sam_bot_description/share/sam_bot_description/hook/cmake_prefix_path.dsv'
[0.757s] INFO:colcon.colcon_core.shell:Creating environment hook '/home/umarv/ws/install/sam_bot_description/share/sam_bot_description/hook/cmake_prefix_path.sh'
[0.757s] Level 1:colcon.colcon_core.environment:checking '/home/umarv/ws/install/sam_bot_description/bin'
[0.757s] Level 1:colcon.colcon_core.environment:checking '/home/umarv/ws/install/sam_bot_description/lib/pkgconfig/sam_bot_description.pc'
[0.758s] Level 1:colcon.colcon_core.environment:checking '/home/umarv/ws/install/sam_bot_description/lib/python3.10/site-packages'
[0.758s] Level 1:colcon.colcon_core.environment:checking '/home/umarv/ws/install/sam_bot_description/bin'
[0.762s] INFO:colcon.colcon_core.shell:Creating package script '/home/umarv/ws/install/sam_bot_description/share/sam_bot_description/package.ps1'
[0.763s] INFO:colcon.colcon_core.shell:Creating package descriptor '/home/umarv/ws/install/sam_bot_description/share/sam_bot_description/package.dsv'
[0.763s] INFO:colcon.colcon_core.shell:Creating package script '/home/umarv/ws/install/sam_bot_description/share/sam_bot_description/package.sh'
[0.764s] INFO:colcon.colcon_core.shell:Creating package script '/home/umarv/ws/install/sam_bot_description/share/sam_bot_description/package.bash'
[0.764s] INFO:colcon.colcon_core.shell:Creating package script '/home/umarv/ws/install/sam_bot_description/share/sam_bot_description/package.zsh'
[0.765s] Level 1:colcon.colcon_core.environment:create_file_with_runtime_dependencies(/home/umarv/ws/install/sam_bot_description/share/colcon-core/packages/sam_bot_description)
[0.769s] DEBUG:colcon.colcon_core.event_handler.log_command:Invoking command in '/home/umarv/ws/build/nav2_gradient_costmap_plugin': /usr/bin/cmake --install /home/umarv/ws/build/nav2_gradient_costmap_plugin
[0.776s] Level 1:colcon.colcon_core.environment:create_environment_scripts_only(nav2_gradient_costmap_plugin)
[0.784s] DEBUG:colcon.colcon_core.event_handler.log_command:Invoked command in '/home/umarv/ws/build/nav2_gradient_costmap_plugin' returned '0': /usr/bin/cmake --install /home/umarv/ws/build/nav2_gradient_costmap_plugin
[0.786s] Level 1:colcon.colcon_core.environment:checking '/home/umarv/ws/install/nav2_gradient_costmap_plugin' for CMake module files
[0.786s] Level 1:colcon.colcon_core.environment:checking '/home/umarv/ws/install/nav2_gradient_costmap_plugin' for CMake config files
[0.786s] Level 1:colcon.colcon_core.shell:create_environment_hook('nav2_gradient_costmap_plugin', 'cmake_prefix_path')
[0.791s] INFO:colcon.colcon_core.shell:Creating environment hook '/home/umarv/ws/install/nav2_gradient_costmap_plugin/share/nav2_gradient_costmap_plugin/hook/cmake_prefix_path.ps1'
[0.791s] INFO:colcon.colcon_core.shell:Creating environment descriptor '/home/umarv/ws/install/nav2_gradient_costmap_plugin/share/nav2_gradient_costmap_plugin/hook/cmake_prefix_path.dsv'
[0.792s] INFO:colcon.colcon_core.shell:Creating environment hook '/home/umarv/ws/install/nav2_gradient_costmap_plugin/share/nav2_gradient_costmap_plugin/hook/cmake_prefix_path.sh'
[0.792s] Level 1:colcon.colcon_core.environment:checking '/home/umarv/ws/install/nav2_gradient_costmap_plugin/lib'
[0.792s] Level 1:colcon.colcon_core.shell:create_environment_hook('nav2_gradient_costmap_plugin', 'ld_library_path_lib')
[0.797s] INFO:colcon.colcon_core.shell:Creating environment hook '/home/umarv/ws/install/nav2_gradient_costmap_plugin/share/nav2_gradient_costmap_plugin/hook/ld_library_path_lib.ps1'
[0.797s] INFO:colcon.colcon_core.shell:Creating environment descriptor '/home/umarv/ws/install/nav2_gradient_costmap_plugin/share/nav2_gradient_costmap_plugin/hook/ld_library_path_lib.dsv'
[0.798s] INFO:colcon.colcon_core.shell:Creating environment hook '/home/umarv/ws/install/nav2_gradient_costmap_plugin/share/nav2_gradient_costmap_plugin/hook/ld_library_path_lib.sh'
[0.798s] Level 1:colcon.colcon_core.environment:checking '/home/umarv/ws/install/nav2_gradient_costmap_plugin/bin'
[0.798s] Level 1:colcon.colcon_core.environment:checking '/home/umarv/ws/install/nav2_gradient_costmap_plugin/lib/pkgconfig/nav2_gradient_costmap_plugin.pc'
[0.798s] Level 1:colcon.colcon_core.environment:checking '/home/umarv/ws/install/nav2_gradient_costmap_plugin/lib/python3.10/site-packages'
[0.799s] Level 1:colcon.colcon_core.environment:checking '/home/umarv/ws/install/nav2_gradient_costmap_plugin/bin'
[0.805s] INFO:colcon.colcon_core.shell:Creating package script '/home/umarv/ws/install/nav2_gradient_costmap_plugin/share/nav2_gradient_costmap_plugin/package.ps1'
[0.806s] INFO:colcon.colcon_core.shell:Creating package descriptor '/home/umarv/ws/install/nav2_gradient_costmap_plugin/share/nav2_gradient_costmap_plugin/package.dsv'
[0.806s] INFO:colcon.colcon_core.shell:Creating package script '/home/umarv/ws/install/nav2_gradient_costmap_plugin/share/nav2_gradient_costmap_plugin/package.sh'
[0.807s] INFO:colcon.colcon_core.shell:Creating package script '/home/umarv/ws/install/nav2_gradient_costmap_plugin/share/nav2_gradient_costmap_plugin/package.bash'
[0.807s] INFO:colcon.colcon_core.shell:Creating package script '/home/umarv/ws/install/nav2_gradient_costmap_plugin/share/nav2_gradient_costmap_plugin/package.zsh'
[0.808s] Level 1:colcon.colcon_core.environment:create_file_with_runtime_dependencies(/home/umarv/ws/install/nav2_gradient_costmap_plugin/share/colcon-core/packages/nav2_gradient_costmap_plugin)
[0.816s] Level 1:colcon.colcon_core.environment:create_environment_scripts_only(sam_bot_description)
[0.822s] Level 1:colcon.colcon_core.environment:checking '/home/umarv/ws/install/sam_bot_description' for CMake module files
[0.823s] Level 1:colcon.colcon_core.environment:checking '/home/umarv/ws/install/sam_bot_description' for CMake config files
[0.823s] Level 1:colcon.colcon_core.shell:create_environment_hook('sam_bot_description', 'cmake_prefix_path')
[0.830s] INFO:colcon.colcon_core.shell:Creating environment hook '/home/umarv/ws/install/sam_bot_description/share/sam_bot_description/hook/cmake_prefix_path.ps1'
[0.830s] INFO:colcon.colcon_core.shell:Creating environment descriptor '/home/umarv/ws/install/sam_bot_description/share/sam_bot_description/hook/cmake_prefix_path.dsv'
[0.831s] INFO:colcon.colcon_core.shell:Creating environment hook '/home/umarv/ws/install/sam_bot_description/share/sam_bot_description/hook/cmake_prefix_path.sh'
[0.831s] Level 1:colcon.colcon_core.environment:checking '/home/umarv/ws/install/sam_bot_description/bin'
[0.831s] Level 1:colcon.colcon_core.environment:checking '/home/umarv/ws/install/sam_bot_description/lib/pkgconfig/sam_bot_description.pc'
[0.832s] Level 1:colcon.colcon_core.environment:checking '/home/umarv/ws/install/sam_bot_description/lib/python3.10/site-packages'
[0.832s] Level 1:colcon.colcon_core.environment:checking '/home/umarv/ws/install/sam_bot_description/bin'
[0.838s] INFO:colcon.colcon_core.shell:Creating package script '/home/umarv/ws/install/sam_bot_description/share/sam_bot_description/package.ps1'
[0.839s] INFO:colcon.colcon_core.shell:Creating package descriptor '/home/umarv/ws/install/sam_bot_description/share/sam_bot_description/package.dsv'
[0.840s] INFO:colcon.colcon_core.shell:Creating package script '/home/umarv/ws/install/sam_bot_description/share/sam_bot_description/package.sh'
[0.840s] INFO:colcon.colcon_core.shell:Creating package script '/home/umarv/ws/install/sam_bot_description/share/sam_bot_description/package.bash'
[0.841s] INFO:colcon.colcon_core.shell:Creating package script '/home/umarv/ws/install/sam_bot_description/share/sam_bot_description/package.zsh'
[0.841s] Level 1:colcon.colcon_core.environment:create_file_with_runtime_dependencies(/home/umarv/ws/install/sam_bot_description/share/colcon-core/packages/sam_bot_description)
[0.851s] Level 1:colcon.colcon_core.environment:create_environment_scripts_only(nav2_gradient_costmap_plugin)
[0.860s] Level 1:colcon.colcon_core.environment:checking '/home/umarv/ws/install/nav2_gradient_costmap_plugin' for CMake module files
[0.860s] Level 1:colcon.colcon_core.environment:checking '/home/umarv/ws/install/nav2_gradient_costmap_plugin' for CMake config files
[0.861s] Level 1:colcon.colcon_core.shell:create_environment_hook('nav2_gradient_costmap_plugin', 'cmake_prefix_path')
[0.867s] INFO:colcon.colcon_core.shell:Creating environment hook '/home/umarv/ws/install/nav2_gradient_costmap_plugin/share/nav2_gradient_costmap_plugin/hook/cmake_prefix_path.ps1'
[0.868s] INFO:colcon.colcon_core.shell:Creating environment descriptor '/home/umarv/ws/install/nav2_gradient_costmap_plugin/share/nav2_gradient_costmap_plugin/hook/cmake_prefix_path.dsv'
[0.868s] INFO:colcon.colcon_core.shell:Creating environment hook '/home/umarv/ws/install/nav2_gradient_costmap_plugin/share/nav2_gradient_costmap_plugin/hook/cmake_prefix_path.sh'
[0.869s] Level 1:colcon.colcon_core.environment:checking '/home/umarv/ws/install/nav2_gradient_costmap_plugin/lib'
[0.869s] Level 1:colcon.colcon_core.shell:create_environment_hook('nav2_gradient_costmap_plugin', 'ld_library_path_lib')
[0.877s] INFO:colcon.colcon_core.shell:Creating environment hook '/home/umarv/ws/install/nav2_gradient_costmap_plugin/share/nav2_gradient_costmap_plugin/hook/ld_library_path_lib.ps1'
[0.878s] INFO:colcon.colcon_core.shell:Creating environment descriptor '/home/umarv/ws/install/nav2_gradient_costmap_plugin/share/nav2_gradient_costmap_plugin/hook/ld_library_path_lib.dsv'
[0.878s] INFO:colcon.colcon_core.shell:Creating environment hook '/home/umarv/ws/install/nav2_gradient_costmap_plugin/share/nav2_gradient_costmap_plugin/hook/ld_library_path_lib.sh'
[0.879s] Level 1:colcon.colcon_core.environment:checking '/home/umarv/ws/install/nav2_gradient_costmap_plugin/bin'
[0.879s] Level 1:colcon.colcon_core.environment:checking '/home/umarv/ws/install/nav2_gradient_costmap_plugin/lib/pkgconfig/nav2_gradient_costmap_plugin.pc'
[0.879s] Level 1:colcon.colcon_core.environment:checking '/home/umarv/ws/install/nav2_gradient_costmap_plugin/lib/python3.10/site-packages'
[0.880s] Level 1:colcon.colcon_core.environment:checking '/home/umarv/ws/install/nav2_gradient_costmap_plugin/bin'
[0.887s] INFO:colcon.colcon_core.shell:Creating package script '/home/umarv/ws/install/nav2_gradient_costmap_plugin/share/nav2_gradient_costmap_plugin/package.ps1'
[0.888s] INFO:colcon.colcon_core.shell:Creating package descriptor '/home/umarv/ws/install/nav2_gradient_costmap_plugin/share/nav2_gradient_costmap_plugin/package.dsv'
[0.888s] INFO:colcon.colcon_core.shell:Creating package script '/home/umarv/ws/install/nav2_gradient_costmap_plugin/share/nav2_gradient_costmap_plugin/package.sh'
[0.889s] INFO:colcon.colcon_core.shell:Creating package script '/home/umarv/ws/install/nav2_gradient_costmap_plugin/share/nav2_gradient_costmap_plugin/package.bash'
[0.889s] INFO:colcon.colcon_core.shell:Creating package script '/home/umarv/ws/install/nav2_gradient_costmap_plugin/share/nav2_gradient_costmap_plugin/package.zsh'
[0.889s] Level 1:colcon.colcon_core.environment:create_file_with_runtime_dependencies(/home/umarv/ws/install/nav2_gradient_costmap_plugin/share/colcon-core/packages/nav2_gradient_costmap_plugin)
[0.953s] DEBUG:colcon.colcon_core.event_handler.log_command:Invoking command in '/home/umarv/ws/src/navigation2_tutorials/nav2_gps_waypoint_follower_demo': PYTHONPATH=/home/umarv/ws/build/nav2_gps_waypoint_follower_demo/prefix_override:/home/umarv/ws/install/nav2_gps_waypoint_follower_demo/lib/python3.10/site-packages: /usr/bin/python3 setup.py egg_info --egg-base ../../../build/nav2_gps_waypoint_follower_demo build --build-base /home/umarv/ws/build/nav2_gps_waypoint_follower_demo/build install --record /home/umarv/ws/build/nav2_gps_waypoint_follower_demo/install.log --single-version-externally-managed
[1.189s] DEBUG:colcon.colcon_core.event_handler.log_command:Invoked command in '/home/umarv/ws/src/navigation2_tutorials/nav2_gps_waypoint_follower_demo' returned '0': PYTHONPATH=/home/umarv/ws/build/nav2_gps_waypoint_follower_demo/prefix_override:/home/umarv/ws/install/nav2_gps_waypoint_follower_demo/lib/python3.10/site-packages: /usr/bin/python3 setup.py egg_info --egg-base ../../../build/nav2_gps_waypoint_follower_demo build --build-base /home/umarv/ws/build/nav2_gps_waypoint_follower_demo/build install --record /home/umarv/ws/build/nav2_gps_waypoint_follower_demo/install.log --single-version-externally-managed
[1.193s] Level 1:colcon.colcon_core.environment:checking '/home/umarv/ws/install/nav2_gps_waypoint_follower_demo' for CMake module files
[1.193s] Level 1:colcon.colcon_core.environment:checking '/home/umarv/ws/install/nav2_gps_waypoint_follower_demo' for CMake config files
[1.194s] Level 1:colcon.colcon_core.environment:checking '/home/umarv/ws/install/nav2_gps_waypoint_follower_demo/lib'
[1.194s] Level 1:colcon.colcon_core.environment:checking '/home/umarv/ws/install/nav2_gps_waypoint_follower_demo/bin'
[1.194s] Level 1:colcon.colcon_core.environment:checking '/home/umarv/ws/install/nav2_gps_waypoint_follower_demo/lib/pkgconfig/nav2_gps_waypoint_follower_demo.pc'
[1.195s] Level 1:colcon.colcon_core.environment:checking '/home/umarv/ws/install/nav2_gps_waypoint_follower_demo/lib/python3.10/site-packages'
[1.195s] Level 1:colcon.colcon_core.shell:create_environment_hook('nav2_gps_waypoint_follower_demo', 'pythonpath')
[1.200s] INFO:colcon.colcon_core.shell:Creating environment hook '/home/umarv/ws/install/nav2_gps_waypoint_follower_demo/share/nav2_gps_waypoint_follower_demo/hook/pythonpath.ps1'
[1.201s] INFO:colcon.colcon_core.shell:Creating environment descriptor '/home/umarv/ws/install/nav2_gps_waypoint_follower_demo/share/nav2_gps_waypoint_follower_demo/hook/pythonpath.dsv'
[1.201s] INFO:colcon.colcon_core.shell:Creating environment hook '/home/umarv/ws/install/nav2_gps_waypoint_follower_demo/share/nav2_gps_waypoint_follower_demo/hook/pythonpath.sh'
[1.202s] Level 1:colcon.colcon_core.environment:checking '/home/umarv/ws/install/nav2_gps_waypoint_follower_demo/bin'
[1.202s] Level 1:colcon.colcon_core.environment:create_environment_scripts_only(nav2_gps_waypoint_follower_demo)
[1.207s] INFO:colcon.colcon_core.shell:Creating package script '/home/umarv/ws/install/nav2_gps_waypoint_follower_demo/share/nav2_gps_waypoint_follower_demo/package.ps1'
[1.208s] INFO:colcon.colcon_core.shell:Creating package descriptor '/home/umarv/ws/install/nav2_gps_waypoint_follower_demo/share/nav2_gps_waypoint_follower_demo/package.dsv'
[1.208s] INFO:colcon.colcon_core.shell:Creating package script '/home/umarv/ws/install/nav2_gps_waypoint_follower_demo/share/nav2_gps_waypoint_follower_demo/package.sh'
[1.209s] INFO:colcon.colcon_core.shell:Creating package script '/home/umarv/ws/install/nav2_gps_waypoint_follower_demo/share/nav2_gps_waypoint_follower_demo/package.bash'
[1.209s] INFO:colcon.colcon_core.shell:Creating package script '/home/umarv/ws/install/nav2_gps_waypoint_follower_demo/share/nav2_gps_waypoint_follower_demo/package.zsh'
[1.209s] Level 1:colcon.colcon_core.environment:create_file_with_runtime_dependencies(/home/umarv/ws/install/nav2_gps_waypoint_follower_demo/share/colcon-core/packages/nav2_gps_waypoint_follower_demo)
[4.482s] DEBUG:colcon.colcon_core.event_handler.log_command:Invoked command in '/home/umarv/ws/build/nav2_straightline_planner' returned '2': /usr/bin/cmake --build /home/umarv/ws/build/nav2_straightline_planner -- -j8 -l8
[4.502s] Level 1:colcon.colcon_core.environment:create_environment_scripts_only(nav2_straightline_planner)
[4.506s] Level 1:colcon.colcon_core.environment:checking '/home/umarv/ws/install/nav2_straightline_planner' for CMake module files
[4.507s] Level 1:colcon.colcon_core.environment:checking '/home/umarv/ws/install/nav2_straightline_planner' for CMake config files
[4.507s] Level 1:colcon.colcon_core.shell:create_environment_hook('nav2_straightline_planner', 'cmake_prefix_path')
[4.512s] INFO:colcon.colcon_core.shell:Creating environment hook '/home/umarv/ws/install/nav2_straightline_planner/share/nav2_straightline_planner/hook/cmake_prefix_path.ps1'
[4.513s] INFO:colcon.colcon_core.shell:Creating environment descriptor '/home/umarv/ws/install/nav2_straightline_planner/share/nav2_straightline_planner/hook/cmake_prefix_path.dsv'
[4.513s] INFO:colcon.colcon_core.shell:Creating environment hook '/home/umarv/ws/install/nav2_straightline_planner/share/nav2_straightline_planner/hook/cmake_prefix_path.sh'
[4.514s] Level 1:colcon.colcon_core.environment:checking '/home/umarv/ws/install/nav2_straightline_planner/lib'
[4.514s] Level 1:colcon.colcon_core.shell:create_environment_hook('nav2_straightline_planner', 'ld_library_path_lib')
[4.520s] INFO:colcon.colcon_core.shell:Creating environment hook '/home/umarv/ws/install/nav2_straightline_planner/share/nav2_straightline_planner/hook/ld_library_path_lib.ps1'
[4.521s] INFO:colcon.colcon_core.shell:Creating environment descriptor '/home/umarv/ws/install/nav2_straightline_planner/share/nav2_straightline_planner/hook/ld_library_path_lib.dsv'
[4.521s] INFO:colcon.colcon_core.shell:Creating environment hook '/home/umarv/ws/install/nav2_straightline_planner/share/nav2_straightline_planner/hook/ld_library_path_lib.sh'
[4.522s] Level 1:colcon.colcon_core.environment:checking '/home/umarv/ws/install/nav2_straightline_planner/bin'
[4.522s] Level 1:colcon.colcon_core.environment:checking '/home/umarv/ws/install/nav2_straightline_planner/lib/pkgconfig/nav2_straightline_planner.pc'
[4.522s] Level 1:colcon.colcon_core.environment:checking '/home/umarv/ws/install/nav2_straightline_planner/lib/python3.10/site-packages'
[4.522s] Level 1:colcon.colcon_core.environment:checking '/home/umarv/ws/install/nav2_straightline_planner/bin'
[4.527s] INFO:colcon.colcon_core.shell:Creating package script '/home/umarv/ws/install/nav2_straightline_planner/share/nav2_straightline_planner/package.ps1'
[4.528s] INFO:colcon.colcon_core.shell:Creating package descriptor '/home/umarv/ws/install/nav2_straightline_planner/share/nav2_straightline_planner/package.dsv'
[4.528s] INFO:colcon.colcon_core.shell:Creating package script '/home/umarv/ws/install/nav2_straightline_planner/share/nav2_straightline_planner/package.sh'
[4.529s] INFO:colcon.colcon_core.shell:Creating package script '/home/umarv/ws/install/nav2_straightline_planner/share/nav2_straightline_planner/package.bash'
[4.529s] INFO:colcon.colcon_core.shell:Creating package script '/home/umarv/ws/install/nav2_straightline_planner/share/nav2_straightline_planner/package.zsh'
[4.529s] Level 1:colcon.colcon_core.environment:create_file_with_runtime_dependencies(/home/umarv/ws/install/nav2_straightline_planner/share/colcon-core/packages/nav2_straightline_planner)
[4.530s] DEBUG:colcon.colcon_parallel_executor.executor.parallel:closing loop
[4.530s] DEBUG:colcon.colcon_parallel_executor.executor.parallel:loop closed
[4.531s] DEBUG:colcon.colcon_parallel_executor.executor.parallel:run_until_complete finished with '2'
[4.531s] DEBUG:colcon.colcon_core.event_reactor:joining thread
[4.542s] INFO:colcon.colcon_core.plugin_system:Skipping extension 'colcon_notification.desktop_notification.notify_send': Could not find 'notify-send'
[4.542s] INFO:colcon.colcon_core.plugin_system:Skipping extension 'colcon_notification.desktop_notification.terminal_notifier': Not used on non-Darwin systems
[4.542s] INFO:colcon.colcon_core.plugin_system:Skipping extension 'colcon_notification.desktop_notification.win32': Not used on non-Windows systems
[4.542s] INFO:colcon.colcon_notification.desktop_notification:Sending desktop notification using 'notify2'
[4.544s] DEBUG:colcon.colcon_notification.desktop_notification.notify2:Failed to initialize notify2: org.freedesktop.DBus.Error.Spawn.ExecFailed: /usr/bin/dbus-launch terminated abnormally without any error message
[4.544s] DEBUG:colcon.colcon_core.event_reactor:joined thread
[4.549s] INFO:colcon.colcon_core.shell:Creating prefix script '/home/umarv/ws/install/local_setup.ps1'
[4.549s] INFO:colcon.colcon_core.shell:Creating prefix util module '/home/umarv/ws/install/_local_setup_util_ps1.py'
[4.551s] INFO:colcon.colcon_core.shell:Creating prefix chain script '/home/umarv/ws/install/setup.ps1'
[4.556s] INFO:colcon.colcon_core.shell:Creating prefix script '/home/umarv/ws/install/local_setup.sh'
[4.557s] INFO:colcon.colcon_core.shell:Creating prefix util module '/home/umarv/ws/install/_local_setup_util_sh.py'
[4.557s] INFO:colcon.colcon_core.shell:Creating prefix chain script '/home/umarv/ws/install/setup.sh'
[4.562s] INFO:colcon.colcon_core.shell:Creating prefix script '/home/umarv/ws/install/local_setup.bash'
[4.563s] INFO:colcon.colcon_core.shell:Creating prefix chain script '/home/umarv/ws/install/setup.bash'
[4.567s] INFO:colcon.colcon_core.shell:Creating prefix script '/home/umarv/ws/install/local_setup.zsh'
[4.568s] INFO:colcon.colcon_core.shell:Creating prefix chain script '/home/umarv/ws/install/setup.zsh'
