[0.204s] Invoking command in '/home/umarv/ws/build/nav2_sms_behavior': /usr/bin/cmake /home/umarv/ws/src/navigation2_tutorials/nav2_sms_behavior -DCMAKE_INSTALL_PREFIX=/home/umarv/ws/install/nav2_sms_behavior
[0.260s] -- The C compiler identification is GNU 11.4.0
[0.333s] -- The CXX compiler identification is GNU 11.4.0
[0.345s] -- Detecting C compiler ABI info
[0.411s] -- Detecting C compiler ABI info - done
[0.420s] -- Check for working C compiler: /usr/bin/cc - skipped
[0.421s] -- Detecting C compile features
[0.421s] -- Detecting C compile features - done
[0.427s] -- Detecting CXX compiler ABI info
[0.510s] -- Detecting CXX compiler ABI info - done
[0.520s] -- Check for working CXX compiler: /usr/bin/c++ - skipped
[0.520s] -- Detecting CXX compile features
[0.521s] -- Detecting CXX compile features - done
[0.535s] [31mCMake Error at CMakeLists.txt:8 (find_package):
[0.535s]   By not providing "Findament_cmake.cmake" in CMAKE_MODULE_PATH this project
[0.535s]   has asked CMake to find a package configuration file provided by
[0.535s]   "ament_cmake", but CMake did not find one.
[0.535s] 
[0.535s]   Could not find a package configuration file provided by "ament_cmake" with
[0.535s]   any of the following names:
[0.535s] 
[0.535s]     ament_cmakeConfig.cmake
[0.535s]     ament_cmake-config.cmake
[0.535s] 
[0.536s]   Add the installation prefix of "ament_cmake" to CMAKE_PREFIX_PATH or set
[0.536s]   "ament_cmake_DIR" to a directory containing one of the above files.  If
[0.536s]   "ament_cmake" provides a separate development package or SDK, be sure it
[0.536s]   has been installed.
[0.536s] 
[0.536s] [0m
[0.536s] -- Configuring incomplete, errors occurred!
[0.536s] See also "/home/umarv/ws/build/nav2_sms_behavior/CMakeFiles/CMakeOutput.log".
[0.552s] Invoked command in '/home/umarv/ws/build/nav2_sms_behavior' returned '1': /usr/bin/cmake /home/umarv/ws/src/navigation2_tutorials/nav2_sms_behavior -DCMAKE_INSTALL_PREFIX=/home/umarv/ws/install/nav2_sms_behavior
