[0.164s] Invoking command in '/home/umarv/ws/src/build/sam_bot_description': /usr/bin/cmake /home/umarv/ws/src/navigation2_tutorials/sam_bot_description -DCMAKE_INSTALL_PREFIX=/home/umarv/ws/src/install/sam_bot_description
[0.201s] -- The C compiler identification is GNU 11.4.0
[0.245s] -- The CXX compiler identification is GNU 11.4.0
[0.251s] -- Detecting C compiler ABI info
[0.314s] -- Detecting C compiler ABI info - done
[0.324s] -- Check for working C compiler: /usr/bin/cc - skipped
[0.325s] -- Detecting C compile features
[0.325s] -- Detecting C compile features - done
[0.329s] -- Detecting CXX compiler ABI info
[0.406s] -- Detecting CXX compiler ABI info - done
[0.417s] -- Check for working CXX compiler: /usr/bin/c++ - skipped
[0.417s] -- Detecting CXX compile features
[0.418s] -- Detecting CXX compile features - done
[0.434s] -- Configuring incomplete, errors occurred!
[0.434s] See also "/home/umarv/ws/src/build/sam_bot_description/CMakeFiles/CMakeOutput.log".
[0.435s] [31mCMake Error at CMakeLists.txt:19 (find_package):
[0.435s]   By not providing "Findament_cmake.cmake" in CMAKE_MODULE_PATH this project
[0.435s]   has asked CMake to find a package configuration file provided by
[0.435s]   "ament_cmake", but CMake did not find one.
[0.435s] 
[0.435s]   Could not find a package configuration file provided by "ament_cmake" with
[0.435s]   any of the following names:
[0.436s] 
[0.436s]     ament_cmakeConfig.cmake
[0.436s]     ament_cmake-config.cmake
[0.436s] 
[0.436s]   Add the installation prefix of "ament_cmake" to CMAKE_PREFIX_PATH or set
[0.436s]   "ament_cmake_DIR" to a directory containing one of the above files.  If
[0.436s]   "ament_cmake" provides a separate development package or SDK, be sure it
[0.438s]   has been installed.
[0.439s] 
[0.439s] [0m
[0.441s] Invoked command in '/home/umarv/ws/src/build/sam_bot_description' returned '1': /usr/bin/cmake /home/umarv/ws/src/navigation2_tutorials/sam_bot_description -DCMAKE_INSTALL_PREFIX=/home/umarv/ws/src/install/sam_bot_description
