[0.333s] Invoking command in '/home/umarv/ws/build/sam_bot_description': /usr/bin/cmake --build /home/umarv/ws/build/sam_bot_description -- -j8 -l8
[0.419s] Invoked command in '/home/umarv/ws/build/sam_bot_description' returned '0': /usr/bin/cmake --build /home/umarv/ws/build/sam_bot_description -- -j8 -l8
[0.491s] Invoking command in '/home/umarv/ws/build/sam_bot_description': /usr/bin/cmake --install /home/umarv/ws/build/sam_bot_description
[0.506s] -- Install configuration: ""
[0.507s] -- Up-to-date: /home/umarv/ws/install/sam_bot_description/share/sam_bot_description/src
[0.508s] -- Up-to-date: /home/umarv/ws/install/sam_bot_description/share/sam_bot_description/src/description
[0.508s] -- Up-to-date: /home/umarv/ws/install/sam_bot_description/share/sam_bot_description/src/description/sam_bot_description.urdf
[0.509s] -- Up-to-date: /home/umarv/ws/install/sam_bot_description/share/sam_bot_description/launch
[0.509s] -- Up-to-date: /home/umarv/ws/install/sam_bot_description/share/sam_bot_description/launch/display.launch.py
[0.510s] -- Up-to-date: /home/umarv/ws/install/sam_bot_description/share/sam_bot_description/rviz
[0.510s] -- Up-to-date: /home/umarv/ws/install/sam_bot_description/share/sam_bot_description/rviz/urdf_config.rviz
[0.511s] -- Up-to-date: /home/umarv/ws/install/sam_bot_description/share/sam_bot_description/config
[0.512s] -- Up-to-date: /home/umarv/ws/install/sam_bot_description/share/sam_bot_description/config/nav2_params.yaml
[0.514s] -- Up-to-date: /home/umarv/ws/install/sam_bot_description/share/sam_bot_description/config/ekf.yaml
[0.520s] -- Up-to-date: /home/umarv/ws/install/sam_bot_description/share/sam_bot_description/world
[0.523s] -- Up-to-date: /home/umarv/ws/install/sam_bot_description/share/sam_bot_description/world/my_world.sdf
[0.526s] -- Up-to-date: /home/umarv/ws/install/sam_bot_description/share/ament_index/resource_index/package_run_dependencies/sam_bot_description
[0.527s] -- Up-to-date: /home/umarv/ws/install/sam_bot_description/share/ament_index/resource_index/parent_prefix_path/sam_bot_description
[0.530s] -- Up-to-date: /home/umarv/ws/install/sam_bot_description/share/sam_bot_description/environment/ament_prefix_path.sh
[0.531s] -- Up-to-date: /home/umarv/ws/install/sam_bot_description/share/sam_bot_description/environment/ament_prefix_path.dsv
[0.540s] -- Up-to-date: /home/umarv/ws/install/sam_bot_description/share/sam_bot_description/environment/path.sh
[0.542s] -- Up-to-date: /home/umarv/ws/install/sam_bot_description/share/sam_bot_description/environment/path.dsv
[0.544s] -- Up-to-date: /home/umarv/ws/install/sam_bot_description/share/sam_bot_description/local_setup.bash
[0.547s] -- Up-to-date: /home/umarv/ws/install/sam_bot_description/share/sam_bot_description/local_setup.sh
[0.549s] -- Up-to-date: /home/umarv/ws/install/sam_bot_description/share/sam_bot_description/local_setup.zsh
[0.550s] -- Up-to-date: /home/umarv/ws/install/sam_bot_description/share/sam_bot_description/local_setup.dsv
[0.551s] -- Installing: /home/umarv/ws/install/sam_bot_description/share/sam_bot_description/package.dsv
[0.553s] -- Up-to-date: /home/umarv/ws/install/sam_bot_description/share/ament_index/resource_index/packages/sam_bot_description
[0.554s] -- Up-to-date: /home/umarv/ws/install/sam_bot_description/share/sam_bot_description/cmake/sam_bot_descriptionConfig.cmake
[0.556s] -- Up-to-date: /home/umarv/ws/install/sam_bot_description/share/sam_bot_description/cmake/sam_bot_descriptionConfig-version.cmake
[0.556s] -- Up-to-date: /home/umarv/ws/install/sam_bot_description/share/sam_bot_description/package.xml
[0.557s] Invoked command in '/home/umarv/ws/build/sam_bot_description' returned '0': /usr/bin/cmake --install /home/umarv/ws/build/sam_bot_description
