[0.090s] Invoking command in '/home/umarv/ws/build/nav2_costmap_filters_demo': /usr/bin/cmake /home/umarv/ws/src/navigation2_tutorials/nav2_costmap_filters_demo -DCMAKE_INSTALL_PREFIX=/home/umarv/ws/install/nav2_costmap_filters_demo
[0.259s] -- The C compiler identification is GNU 11.4.0
[0.384s] -- The CXX compiler identification is GNU 11.4.0
[0.396s] -- Detecting C compiler ABI info
[0.464s] -- Detecting C compiler ABI info - done
[0.471s] -- Check for working C compiler: /usr/bin/cc - skipped
[0.472s] -- Detecting C compile features
[0.473s] -- Detecting C compile features - done
[0.477s] -- Detecting CXX compiler ABI info
[0.563s] -- Detecting CXX compiler ABI info - done
[0.573s] -- Check for working CXX compiler: /usr/bin/c++ - skipped
[0.573s] -- Detecting CXX compile features
[0.574s] -- Detecting CXX compile features - done
[0.587s] -- Configuring incomplete, errors occurred!
[0.587s] See also "/home/umarv/ws/build/nav2_costmap_filters_demo/CMakeFiles/CMakeOutput.log".
[0.594s] [31mCMake Error at CMakeLists.txt:6 (find_package):
[0.594s]   By not providing "Findament_cmake.cmake" in CMAKE_MODULE_PATH this project
[0.594s]   has asked CMake to find a package configuration file provided by
[0.594s]   "ament_cmake", but CMake did not find one.
[0.594s] 
[0.594s]   Could not find a package configuration file provided by "ament_cmake" with
[0.594s]   any of the following names:
[0.594s] 
[0.595s]     ament_cmakeConfig.cmake
[0.595s]     ament_cmake-config.cmake
[0.595s] 
[0.595s]   Add the installation prefix of "ament_cmake" to CMAKE_PREFIX_PATH or set
[0.595s]   "ament_cmake_DIR" to a directory containing one of the above files.  If
[0.595s]   "ament_cmake" provides a separate development package or SDK, be sure it
[0.595s]   has been installed.
[0.595s] 
[0.595s] [0m
[0.599s] Invoked command in '/home/umarv/ws/build/nav2_costmap_filters_demo' returned '1': /usr/bin/cmake /home/umarv/ws/src/navigation2_tutorials/nav2_costmap_filters_demo -DCMAKE_INSTALL_PREFIX=/home/umarv/ws/install/nav2_costmap_filters_demo
