[0.106s] Invoking command in '/home/umarv/ws/src/build/nav2_sms_behavior': AMENT_PREFIX_PATH=/home/umarv/ws/src/install/nav2_core CMAKE_PREFIX_PATH=/home/umarv/ws/src/install/nav2_core /usr/bin/cmake --build /home/umarv/ws/src/build/nav2_sms_behavior -- -j8 -l8
[0.143s] [  2%] Built target nav2_sms_behavior__cpp
[0.143s] [ 11%] Built target nav2_sms_behavior__rosidl_generator_c
[0.154s] [ 11%] Built target ament_cmake_python_copy_nav2_sms_behavior
[0.167s] [ 29%] Built target nav2_sms_behavior__rosidl_typesupport_cpp
[0.167s] [ 29%] Built target nav2_sms_behavior__rosidl_typesupport_introspection_c
[0.167s] [ 38%] Built target nav2_sms_behavior__rosidl_typesupport_c
[0.171s] [ 47%] Built target nav2_sms_behavior__rosidl_typesupport_introspection_cpp
[0.173s] [ 55%] Built target nav2_sms_behavior__rosidl_typesupport_fastrtps_cpp
[0.177s] [ 64%] Built target nav2_sms_behavior__rosidl_typesupport_fastrtps_c
[0.195s] [ 73%] Built target nav2_sms_behavior_plugin
[0.197s] [ 73%] Built target nav2_sms_behavior
[0.209s] [ 76%] Built target nav2_sms_behavior__py
[0.226s] [ 82%] Built target nav2_sms_behavior__rosidl_generator_py
[0.242s] [ 88%] Built target nav2_sms_behavior__rosidl_typesupport_fastrtps_c__pyext
[0.243s] [ 94%] Built target nav2_sms_behavior__rosidl_typesupport_c__pyext
[0.244s] [100%] Built target nav2_sms_behavior__rosidl_typesupport_introspection_c__pyext
[0.316s] running egg_info
[0.317s] writing nav2_sms_behavior.egg-info/PKG-INFO
[0.318s] writing dependency_links to nav2_sms_behavior.egg-info/dependency_links.txt
[0.318s] writing top-level names to nav2_sms_behavior.egg-info/top_level.txt
[0.321s] reading manifest file 'nav2_sms_behavior.egg-info/SOURCES.txt'
[0.322s] writing manifest file 'nav2_sms_behavior.egg-info/SOURCES.txt'
[0.349s] [100%] Built target ament_cmake_python_build_nav2_sms_behavior_egg
[0.359s] Invoked command in '/home/umarv/ws/src/build/nav2_sms_behavior' returned '0': AMENT_PREFIX_PATH=/home/umarv/ws/src/install/nav2_core CMAKE_PREFIX_PATH=/home/umarv/ws/src/install/nav2_core /usr/bin/cmake --build /home/umarv/ws/src/build/nav2_sms_behavior -- -j8 -l8
[0.397s] Invoking command in '/home/umarv/ws/src/build/nav2_sms_behavior': AMENT_PREFIX_PATH=/home/umarv/ws/src/install/nav2_core CMAKE_PREFIX_PATH=/home/umarv/ws/src/install/nav2_core /usr/bin/cmake --install /home/umarv/ws/src/build/nav2_sms_behavior
[0.402s] -- Install configuration: ""
[0.402s] -- Up-to-date: /home/umarv/ws/src/install/nav2_sms_behavior/share/ament_index/resource_index/rosidl_interfaces/nav2_sms_behavior
[0.402s] -- Up-to-date: /home/umarv/ws/src/install/nav2_sms_behavior/include/nav2_sms_behavior/nav2_sms_behavior
[0.403s] -- Up-to-date: /home/umarv/ws/src/install/nav2_sms_behavior/include/nav2_sms_behavior/nav2_sms_behavior/msg
[0.403s] -- Up-to-date: /home/umarv/ws/src/install/nav2_sms_behavior/include/nav2_sms_behavior/nav2_sms_behavior/msg/rosidl_generator_c__visibility_control.h
[0.403s] -- Up-to-date: /home/umarv/ws/src/install/nav2_sms_behavior/include/nav2_sms_behavior/nav2_sms_behavior/action
[0.403s] -- Up-to-date: /home/umarv/ws/src/install/nav2_sms_behavior/include/nav2_sms_behavior/nav2_sms_behavior/action/send_sms.h
[0.403s] -- Up-to-date: /home/umarv/ws/src/install/nav2_sms_behavior/include/nav2_sms_behavior/nav2_sms_behavior/action/detail
[0.403s] -- Up-to-date: /home/umarv/ws/src/install/nav2_sms_behavior/include/nav2_sms_behavior/nav2_sms_behavior/action/detail/send_sms__functions.h
[0.403s] -- Up-to-date: /home/umarv/ws/src/install/nav2_sms_behavior/include/nav2_sms_behavior/nav2_sms_behavior/action/detail/send_sms__functions.c
[0.403s] -- Up-to-date: /home/umarv/ws/src/install/nav2_sms_behavior/include/nav2_sms_behavior/nav2_sms_behavior/action/detail/send_sms__struct.h
[0.404s] -- Up-to-date: /home/umarv/ws/src/install/nav2_sms_behavior/include/nav2_sms_behavior/nav2_sms_behavior/action/detail/send_sms__type_support.h
[0.404s] -- Up-to-date: /home/umarv/ws/src/install/nav2_sms_behavior/share/nav2_sms_behavior/environment/library_path.sh
[0.404s] -- Up-to-date: /home/umarv/ws/src/install/nav2_sms_behavior/share/nav2_sms_behavior/environment/library_path.dsv
[0.404s] -- Up-to-date: /home/umarv/ws/src/install/nav2_sms_behavior/lib/libnav2_sms_behavior__rosidl_generator_c.so
[0.405s] -- Up-to-date: /home/umarv/ws/src/install/nav2_sms_behavior/include/nav2_sms_behavior/nav2_sms_behavior
[0.405s] -- Up-to-date: /home/umarv/ws/src/install/nav2_sms_behavior/include/nav2_sms_behavior/nav2_sms_behavior/msg
[0.405s] -- Up-to-date: /home/umarv/ws/src/install/nav2_sms_behavior/include/nav2_sms_behavior/nav2_sms_behavior/msg/rosidl_typesupport_fastrtps_c__visibility_control.h
[0.405s] -- Up-to-date: /home/umarv/ws/src/install/nav2_sms_behavior/include/nav2_sms_behavior/nav2_sms_behavior/action
[0.405s] -- Up-to-date: /home/umarv/ws/src/install/nav2_sms_behavior/include/nav2_sms_behavior/nav2_sms_behavior/action/detail
[0.405s] -- Up-to-date: /home/umarv/ws/src/install/nav2_sms_behavior/include/nav2_sms_behavior/nav2_sms_behavior/action/detail/send_sms__rosidl_typesupport_fastrtps_c.h
[0.405s] -- Up-to-date: /home/umarv/ws/src/install/nav2_sms_behavior/lib/libnav2_sms_behavior__rosidl_typesupport_fastrtps_c.so
[0.406s] -- Up-to-date: /home/umarv/ws/src/install/nav2_sms_behavior/include/nav2_sms_behavior/nav2_sms_behavior
[0.406s] -- Up-to-date: /home/umarv/ws/src/install/nav2_sms_behavior/include/nav2_sms_behavior/nav2_sms_behavior/action
[0.406s] -- Up-to-date: /home/umarv/ws/src/install/nav2_sms_behavior/include/nav2_sms_behavior/nav2_sms_behavior/action/send_sms.hpp
[0.406s] -- Up-to-date: /home/umarv/ws/src/install/nav2_sms_behavior/include/nav2_sms_behavior/nav2_sms_behavior/action/detail
[0.406s] -- Up-to-date: /home/umarv/ws/src/install/nav2_sms_behavior/include/nav2_sms_behavior/nav2_sms_behavior/action/detail/send_sms__struct.hpp
[0.406s] -- Up-to-date: /home/umarv/ws/src/install/nav2_sms_behavior/include/nav2_sms_behavior/nav2_sms_behavior/action/detail/send_sms__traits.hpp
[0.407s] -- Up-to-date: /home/umarv/ws/src/install/nav2_sms_behavior/include/nav2_sms_behavior/nav2_sms_behavior/action/detail/send_sms__builder.hpp
[0.407s] -- Up-to-date: /home/umarv/ws/src/install/nav2_sms_behavior/include/nav2_sms_behavior/nav2_sms_behavior
[0.407s] -- Up-to-date: /home/umarv/ws/src/install/nav2_sms_behavior/include/nav2_sms_behavior/nav2_sms_behavior/msg
[0.407s] -- Up-to-date: /home/umarv/ws/src/install/nav2_sms_behavior/include/nav2_sms_behavior/nav2_sms_behavior/msg/rosidl_typesupport_fastrtps_cpp__visibility_control.h
[0.407s] -- Up-to-date: /home/umarv/ws/src/install/nav2_sms_behavior/include/nav2_sms_behavior/nav2_sms_behavior/action
[0.407s] -- Up-to-date: /home/umarv/ws/src/install/nav2_sms_behavior/include/nav2_sms_behavior/nav2_sms_behavior/action/detail
[0.407s] -- Up-to-date: /home/umarv/ws/src/install/nav2_sms_behavior/include/nav2_sms_behavior/nav2_sms_behavior/action/detail/dds_fastrtps
[0.408s] -- Up-to-date: /home/umarv/ws/src/install/nav2_sms_behavior/include/nav2_sms_behavior/nav2_sms_behavior/action/detail/send_sms__rosidl_typesupport_fastrtps_cpp.hpp
[0.408s] -- Up-to-date: /home/umarv/ws/src/install/nav2_sms_behavior/lib/libnav2_sms_behavior__rosidl_typesupport_fastrtps_cpp.so
[0.408s] -- Up-to-date: /home/umarv/ws/src/install/nav2_sms_behavior/include/nav2_sms_behavior/nav2_sms_behavior
[0.408s] -- Up-to-date: /home/umarv/ws/src/install/nav2_sms_behavior/include/nav2_sms_behavior/nav2_sms_behavior/msg
[0.408s] -- Up-to-date: /home/umarv/ws/src/install/nav2_sms_behavior/include/nav2_sms_behavior/nav2_sms_behavior/msg/rosidl_typesupport_introspection_c__visibility_control.h
[0.408s] -- Up-to-date: /home/umarv/ws/src/install/nav2_sms_behavior/include/nav2_sms_behavior/nav2_sms_behavior/action
[0.408s] -- Up-to-date: /home/umarv/ws/src/install/nav2_sms_behavior/include/nav2_sms_behavior/nav2_sms_behavior/action/detail
[0.408s] -- Up-to-date: /home/umarv/ws/src/install/nav2_sms_behavior/include/nav2_sms_behavior/nav2_sms_behavior/action/detail/send_sms__type_support.c
[0.408s] -- Up-to-date: /home/umarv/ws/src/install/nav2_sms_behavior/include/nav2_sms_behavior/nav2_sms_behavior/action/detail/send_sms__rosidl_typesupport_introspection_c.h
[0.409s] -- Up-to-date: /home/umarv/ws/src/install/nav2_sms_behavior/lib/libnav2_sms_behavior__rosidl_typesupport_introspection_c.so
[0.409s] -- Up-to-date: /home/umarv/ws/src/install/nav2_sms_behavior/lib/libnav2_sms_behavior__rosidl_typesupport_c.so
[0.409s] -- Up-to-date: /home/umarv/ws/src/install/nav2_sms_behavior/include/nav2_sms_behavior/nav2_sms_behavior
[0.409s] -- Up-to-date: /home/umarv/ws/src/install/nav2_sms_behavior/include/nav2_sms_behavior/nav2_sms_behavior/action
[0.409s] -- Up-to-date: /home/umarv/ws/src/install/nav2_sms_behavior/include/nav2_sms_behavior/nav2_sms_behavior/action/detail
[0.409s] -- Up-to-date: /home/umarv/ws/src/install/nav2_sms_behavior/include/nav2_sms_behavior/nav2_sms_behavior/action/detail/send_sms__type_support.cpp
[0.409s] -- Up-to-date: /home/umarv/ws/src/install/nav2_sms_behavior/include/nav2_sms_behavior/nav2_sms_behavior/action/detail/send_sms__rosidl_typesupport_introspection_cpp.hpp
[0.409s] -- Up-to-date: /home/umarv/ws/src/install/nav2_sms_behavior/lib/libnav2_sms_behavior__rosidl_typesupport_introspection_cpp.so
[0.409s] -- Up-to-date: /home/umarv/ws/src/install/nav2_sms_behavior/lib/libnav2_sms_behavior__rosidl_typesupport_cpp.so
[0.409s] -- Up-to-date: /home/umarv/ws/src/install/nav2_sms_behavior/share/nav2_sms_behavior/environment/pythonpath.sh
[0.409s] -- Up-to-date: /home/umarv/ws/src/install/nav2_sms_behavior/share/nav2_sms_behavior/environment/pythonpath.dsv
[0.409s] -- Up-to-date: /home/umarv/ws/src/install/nav2_sms_behavior/local/lib/python3.10/dist-packages/nav2_sms_behavior-1.0.0-py3.10.egg-info
[0.409s] -- Installing: /home/umarv/ws/src/install/nav2_sms_behavior/local/lib/python3.10/dist-packages/nav2_sms_behavior-1.0.0-py3.10.egg-info/top_level.txt
[0.426s] -- Installing: /home/umarv/ws/src/install/nav2_sms_behavior/local/lib/python3.10/dist-packages/nav2_sms_behavior-1.0.0-py3.10.egg-info/dependency_links.txt
[0.426s] -- Installing: /home/umarv/ws/src/install/nav2_sms_behavior/local/lib/python3.10/dist-packages/nav2_sms_behavior-1.0.0-py3.10.egg-info/SOURCES.txt
[0.426s] -- Installing: /home/umarv/ws/src/install/nav2_sms_behavior/local/lib/python3.10/dist-packages/nav2_sms_behavior-1.0.0-py3.10.egg-info/PKG-INFO
[0.426s] -- Up-to-date: /home/umarv/ws/src/install/nav2_sms_behavior/local/lib/python3.10/dist-packages/nav2_sms_behavior
[0.427s] -- Up-to-date: /home/umarv/ws/src/install/nav2_sms_behavior/local/lib/python3.10/dist-packages/nav2_sms_behavior/_nav2_sms_behavior_s.ep.rosidl_typesupport_fastrtps_c.c
[0.427s] -- Up-to-date: /home/umarv/ws/src/install/nav2_sms_behavior/local/lib/python3.10/dist-packages/nav2_sms_behavior/_nav2_sms_behavior_s.ep.rosidl_typesupport_c.c
[0.427s] -- Up-to-date: /home/umarv/ws/src/install/nav2_sms_behavior/local/lib/python3.10/dist-packages/nav2_sms_behavior/nav2_sms_behavior_s__rosidl_typesupport_fastrtps_c.cpython-310-x86_64-linux-gnu.so
[0.427s] -- Up-to-date: /home/umarv/ws/src/install/nav2_sms_behavior/local/lib/python3.10/dist-packages/nav2_sms_behavior/_nav2_sms_behavior_s.ep.rosidl_typesupport_introspection_c.c
[0.427s] -- Up-to-date: /home/umarv/ws/src/install/nav2_sms_behavior/local/lib/python3.10/dist-packages/nav2_sms_behavior/nav2_sms_behavior_s__rosidl_typesupport_c.cpython-310-x86_64-linux-gnu.so
[0.427s] -- Up-to-date: /home/umarv/ws/src/install/nav2_sms_behavior/local/lib/python3.10/dist-packages/nav2_sms_behavior/__init__.py
[0.427s] -- Up-to-date: /home/umarv/ws/src/install/nav2_sms_behavior/local/lib/python3.10/dist-packages/nav2_sms_behavior/nav2_sms_behavior_s__rosidl_typesupport_introspection_c.cpython-310-x86_64-linux-gnu.so
[0.427s] -- Up-to-date: /home/umarv/ws/src/install/nav2_sms_behavior/local/lib/python3.10/dist-packages/nav2_sms_behavior/action
[0.428s] -- Up-to-date: /home/umarv/ws/src/install/nav2_sms_behavior/local/lib/python3.10/dist-packages/nav2_sms_behavior/action/_send_sms.py
[0.428s] -- Up-to-date: /home/umarv/ws/src/install/nav2_sms_behavior/local/lib/python3.10/dist-packages/nav2_sms_behavior/action/_send_sms_s.c
[0.428s] -- Up-to-date: /home/umarv/ws/src/install/nav2_sms_behavior/local/lib/python3.10/dist-packages/nav2_sms_behavior/action/__init__.py
[0.428s] -- Up-to-date: /home/umarv/ws/src/install/nav2_sms_behavior/local/lib/python3.10/dist-packages/nav2_sms_behavior/libnav2_sms_behavior__rosidl_generator_py.so
[0.459s] Listing '/home/umarv/ws/src/install/nav2_sms_behavior/local/lib/python3.10/dist-packages/nav2_sms_behavior'...
[0.459s] Listing '/home/umarv/ws/src/install/nav2_sms_behavior/local/lib/python3.10/dist-packages/nav2_sms_behavior/action'...
[0.463s] -- Up-to-date: /home/umarv/ws/src/install/nav2_sms_behavior/local/lib/python3.10/dist-packages/nav2_sms_behavior/nav2_sms_behavior_s__rosidl_typesupport_fastrtps_c.cpython-310-x86_64-linux-gnu.so
[0.463s] -- Up-to-date: /home/umarv/ws/src/install/nav2_sms_behavior/local/lib/python3.10/dist-packages/nav2_sms_behavior/nav2_sms_behavior_s__rosidl_typesupport_introspection_c.cpython-310-x86_64-linux-gnu.so
[0.464s] -- Up-to-date: /home/umarv/ws/src/install/nav2_sms_behavior/local/lib/python3.10/dist-packages/nav2_sms_behavior/nav2_sms_behavior_s__rosidl_typesupport_c.cpython-310-x86_64-linux-gnu.so
[0.464s] -- Up-to-date: /home/umarv/ws/src/install/nav2_sms_behavior/lib/libnav2_sms_behavior__rosidl_generator_py.so
[0.465s] -- Up-to-date: /home/umarv/ws/src/install/nav2_sms_behavior/share/nav2_sms_behavior/action/SendSms.idl
[0.465s] -- Up-to-date: /home/umarv/ws/src/install/nav2_sms_behavior/share/nav2_sms_behavior/action/SendSms.action
[0.465s] -- Up-to-date: /home/umarv/ws/src/install/nav2_sms_behavior/share/nav2_sms_behavior/behavior_plugin.xml
[0.465s] -- Up-to-date: /home/umarv/ws/src/install/nav2_sms_behavior/lib/libnav2_sms_behavior_plugin.so
[0.466s] -- Up-to-date: /home/umarv/ws/src/install/nav2_sms_behavior/include/
[0.466s] -- Up-to-date: /home/umarv/ws/src/install/nav2_sms_behavior/include//nav2_sms_behavior
[0.466s] -- Up-to-date: /home/umarv/ws/src/install/nav2_sms_behavior/include//nav2_sms_behavior/send_sms.hpp
[0.466s] -- Up-to-date: /home/umarv/ws/src/install/nav2_sms_behavior/include//nav2_sms_behavior/type_conversion.hpp
[0.466s] -- Up-to-date: /home/umarv/ws/src/install/nav2_sms_behavior/include//nav2_sms_behavior/twilio.hpp
[0.466s] -- Up-to-date: /home/umarv/ws/src/install/nav2_sms_behavior/share/nav2_sms_behavior/behavior_plugin.xml
[0.467s] -- Up-to-date: /home/umarv/ws/src/install/nav2_sms_behavior/share/ament_index/resource_index/package_run_dependencies/nav2_sms_behavior
[0.467s] -- Up-to-date: /home/umarv/ws/src/install/nav2_sms_behavior/share/ament_index/resource_index/parent_prefix_path/nav2_sms_behavior
[0.467s] -- Up-to-date: /home/umarv/ws/src/install/nav2_sms_behavior/share/nav2_sms_behavior/environment/ament_prefix_path.sh
[0.467s] -- Up-to-date: /home/umarv/ws/src/install/nav2_sms_behavior/share/nav2_sms_behavior/environment/ament_prefix_path.dsv
[0.467s] -- Up-to-date: /home/umarv/ws/src/install/nav2_sms_behavior/share/nav2_sms_behavior/environment/path.sh
[0.467s] -- Up-to-date: /home/umarv/ws/src/install/nav2_sms_behavior/share/nav2_sms_behavior/environment/path.dsv
[0.467s] -- Up-to-date: /home/umarv/ws/src/install/nav2_sms_behavior/share/nav2_sms_behavior/local_setup.bash
[0.467s] -- Up-to-date: /home/umarv/ws/src/install/nav2_sms_behavior/share/nav2_sms_behavior/local_setup.sh
[0.468s] -- Up-to-date: /home/umarv/ws/src/install/nav2_sms_behavior/share/nav2_sms_behavior/local_setup.zsh
[0.468s] -- Up-to-date: /home/umarv/ws/src/install/nav2_sms_behavior/share/nav2_sms_behavior/local_setup.dsv
[0.468s] -- Installing: /home/umarv/ws/src/install/nav2_sms_behavior/share/nav2_sms_behavior/package.dsv
[0.468s] -- Up-to-date: /home/umarv/ws/src/install/nav2_sms_behavior/share/ament_index/resource_index/packages/nav2_sms_behavior
[0.468s] -- Up-to-date: /home/umarv/ws/src/install/nav2_sms_behavior/share/ament_index/resource_index/nav2_core__pluginlib__plugin/nav2_sms_behavior
[0.468s] -- Up-to-date: /home/umarv/ws/src/install/nav2_sms_behavior/share/nav2_sms_behavior/cmake/export_nav2_sms_behavior__rosidl_generator_cExport.cmake
[0.468s] -- Up-to-date: /home/umarv/ws/src/install/nav2_sms_behavior/share/nav2_sms_behavior/cmake/export_nav2_sms_behavior__rosidl_generator_cExport-noconfig.cmake
[0.469s] -- Up-to-date: /home/umarv/ws/src/install/nav2_sms_behavior/share/nav2_sms_behavior/cmake/export_nav2_sms_behavior__rosidl_typesupport_fastrtps_cExport.cmake
[0.469s] -- Up-to-date: /home/umarv/ws/src/install/nav2_sms_behavior/share/nav2_sms_behavior/cmake/export_nav2_sms_behavior__rosidl_typesupport_fastrtps_cExport-noconfig.cmake
[0.469s] -- Up-to-date: /home/umarv/ws/src/install/nav2_sms_behavior/share/nav2_sms_behavior/cmake/export_nav2_sms_behavior__rosidl_generator_cppExport.cmake
[0.469s] -- Up-to-date: /home/umarv/ws/src/install/nav2_sms_behavior/share/nav2_sms_behavior/cmake/export_nav2_sms_behavior__rosidl_typesupport_fastrtps_cppExport.cmake
[0.469s] -- Up-to-date: /home/umarv/ws/src/install/nav2_sms_behavior/share/nav2_sms_behavior/cmake/export_nav2_sms_behavior__rosidl_typesupport_fastrtps_cppExport-noconfig.cmake
[0.469s] -- Up-to-date: /home/umarv/ws/src/install/nav2_sms_behavior/share/nav2_sms_behavior/cmake/nav2_sms_behavior__rosidl_typesupport_introspection_cExport.cmake
[0.469s] -- Up-to-date: /home/umarv/ws/src/install/nav2_sms_behavior/share/nav2_sms_behavior/cmake/nav2_sms_behavior__rosidl_typesupport_introspection_cExport-noconfig.cmake
[0.470s] -- Up-to-date: /home/umarv/ws/src/install/nav2_sms_behavior/share/nav2_sms_behavior/cmake/nav2_sms_behavior__rosidl_typesupport_cExport.cmake
[0.470s] -- Up-to-date: /home/umarv/ws/src/install/nav2_sms_behavior/share/nav2_sms_behavior/cmake/nav2_sms_behavior__rosidl_typesupport_cExport-noconfig.cmake
[0.470s] -- Up-to-date: /home/umarv/ws/src/install/nav2_sms_behavior/share/nav2_sms_behavior/cmake/nav2_sms_behavior__rosidl_typesupport_introspection_cppExport.cmake
[0.470s] -- Up-to-date: /home/umarv/ws/src/install/nav2_sms_behavior/share/nav2_sms_behavior/cmake/nav2_sms_behavior__rosidl_typesupport_introspection_cppExport-noconfig.cmake
[0.471s] -- Up-to-date: /home/umarv/ws/src/install/nav2_sms_behavior/share/nav2_sms_behavior/cmake/nav2_sms_behavior__rosidl_typesupport_cppExport.cmake
[0.471s] -- Up-to-date: /home/umarv/ws/src/install/nav2_sms_behavior/share/nav2_sms_behavior/cmake/nav2_sms_behavior__rosidl_typesupport_cppExport-noconfig.cmake
[0.472s] -- Up-to-date: /home/umarv/ws/src/install/nav2_sms_behavior/share/nav2_sms_behavior/cmake/export_nav2_sms_behavior__rosidl_generator_pyExport.cmake
[0.472s] -- Up-to-date: /home/umarv/ws/src/install/nav2_sms_behavior/share/nav2_sms_behavior/cmake/export_nav2_sms_behavior__rosidl_generator_pyExport-noconfig.cmake
[0.472s] -- Up-to-date: /home/umarv/ws/src/install/nav2_sms_behavior/share/nav2_sms_behavior/cmake/rosidl_cmake-extras.cmake
[0.472s] -- Up-to-date: /home/umarv/ws/src/install/nav2_sms_behavior/share/nav2_sms_behavior/cmake/ament_cmake_export_dependencies-extras.cmake
[0.472s] -- Up-to-date: /home/umarv/ws/src/install/nav2_sms_behavior/share/nav2_sms_behavior/cmake/ament_cmake_export_include_directories-extras.cmake
[0.472s] -- Up-to-date: /home/umarv/ws/src/install/nav2_sms_behavior/share/nav2_sms_behavior/cmake/ament_cmake_export_libraries-extras.cmake
[0.472s] -- Up-to-date: /home/umarv/ws/src/install/nav2_sms_behavior/share/nav2_sms_behavior/cmake/ament_cmake_export_targets-extras.cmake
[0.473s] -- Up-to-date: /home/umarv/ws/src/install/nav2_sms_behavior/share/nav2_sms_behavior/cmake/rosidl_cmake_export_typesupport_targets-extras.cmake
[0.473s] -- Up-to-date: /home/umarv/ws/src/install/nav2_sms_behavior/share/nav2_sms_behavior/cmake/rosidl_cmake_export_typesupport_libraries-extras.cmake
[0.473s] -- Up-to-date: /home/umarv/ws/src/install/nav2_sms_behavior/share/nav2_sms_behavior/cmake/nav2_sms_behaviorConfig.cmake
[0.473s] -- Up-to-date: /home/umarv/ws/src/install/nav2_sms_behavior/share/nav2_sms_behavior/cmake/nav2_sms_behaviorConfig-version.cmake
[0.473s] -- Up-to-date: /home/umarv/ws/src/install/nav2_sms_behavior/share/nav2_sms_behavior/package.xml
[0.475s] Invoked command in '/home/umarv/ws/src/build/nav2_sms_behavior' returned '0': AMENT_PREFIX_PATH=/home/umarv/ws/src/install/nav2_core CMAKE_PREFIX_PATH=/home/umarv/ws/src/install/nav2_core /usr/bin/cmake --install /home/umarv/ws/src/build/nav2_sms_behavior
