[0.728s] Invoking command in '/home/umarv/ws/src/navigation2_tutorials/nav2_gps_waypoint_follower_demo': PYTHONPATH=/home/umarv/ws/src/build/nav2_gps_waypoint_follower_demo/prefix_override:/home/umarv/ws/src/install/nav2_gps_waypoint_follower_demo/lib/python3.10/site-packages:${PYTHONPATH} /usr/bin/python3 setup.py egg_info --egg-base ../../build/nav2_gps_waypoint_follower_demo build --build-base /home/umarv/ws/src/build/nav2_gps_waypoint_follower_demo/build install --record /home/umarv/ws/src/build/nav2_gps_waypoint_follower_demo/install.log --single-version-externally-managed
[0.922s] running egg_info
[0.923s] creating ../../build/nav2_gps_waypoint_follower_demo/nav2_gps_waypoint_follower_demo.egg-info
[0.923s] writing ../../build/nav2_gps_waypoint_follower_demo/nav2_gps_waypoint_follower_demo.egg-info/PKG-INFO
[0.924s] writing dependency_links to ../../build/nav2_gps_waypoint_follower_demo/nav2_gps_waypoint_follower_demo.egg-info/dependency_links.txt
[0.924s] writing entry points to ../../build/nav2_gps_waypoint_follower_demo/nav2_gps_waypoint_follower_demo.egg-info/entry_points.txt
[0.926s] writing requirements to ../../build/nav2_gps_waypoint_follower_demo/nav2_gps_waypoint_follower_demo.egg-info/requires.txt
[0.926s] writing top-level names to ../../build/nav2_gps_waypoint_follower_demo/nav2_gps_waypoint_follower_demo.egg-info/top_level.txt
[0.926s] writing manifest file '../../build/nav2_gps_waypoint_follower_demo/nav2_gps_waypoint_follower_demo.egg-info/SOURCES.txt'
[0.927s] reading manifest file '../../build/nav2_gps_waypoint_follower_demo/nav2_gps_waypoint_follower_demo.egg-info/SOURCES.txt'
[0.928s] writing manifest file '../../build/nav2_gps_waypoint_follower_demo/nav2_gps_waypoint_follower_demo.egg-info/SOURCES.txt'
[0.928s] running build
[0.929s] running build_py
[0.930s] creating /home/umarv/ws/src/build/nav2_gps_waypoint_follower_demo/build
[0.930s] creating /home/umarv/ws/src/build/nav2_gps_waypoint_follower_demo/build/lib
[0.930s] creating /home/umarv/ws/src/build/nav2_gps_waypoint_follower_demo/build/lib/nav2_gps_waypoint_follower_demo
[0.931s] copying nav2_gps_waypoint_follower_demo/gps_waypoint_logger.py -> /home/umarv/ws/src/build/nav2_gps_waypoint_follower_demo/build/lib/nav2_gps_waypoint_follower_demo
[0.931s] copying nav2_gps_waypoint_follower_demo/interactive_waypoint_follower.py -> /home/umarv/ws/src/build/nav2_gps_waypoint_follower_demo/build/lib/nav2_gps_waypoint_follower_demo
[0.931s] copying nav2_gps_waypoint_follower_demo/logged_waypoint_follower.py -> /home/umarv/ws/src/build/nav2_gps_waypoint_follower_demo/build/lib/nav2_gps_waypoint_follower_demo
[0.935s] copying nav2_gps_waypoint_follower_demo/__init__.py -> /home/umarv/ws/src/build/nav2_gps_waypoint_follower_demo/build/lib/nav2_gps_waypoint_follower_demo
[0.936s] creating /home/umarv/ws/src/build/nav2_gps_waypoint_follower_demo/build/lib/nav2_gps_waypoint_follower_demo/utils
[0.937s] copying nav2_gps_waypoint_follower_demo/utils/__init__.py -> /home/umarv/ws/src/build/nav2_gps_waypoint_follower_demo/build/lib/nav2_gps_waypoint_follower_demo/utils
[0.938s] copying nav2_gps_waypoint_follower_demo/utils/gps_utils.py -> /home/umarv/ws/src/build/nav2_gps_waypoint_follower_demo/build/lib/nav2_gps_waypoint_follower_demo/utils
[0.939s] running install
[0.939s] /usr/lib/python3/dist-packages/setuptools/command/install.py:34: SetuptoolsDeprecationWarning: setup.py install is deprecated. Use build and pip and other standards-based tools.
[0.939s]   warnings.warn(
[0.940s] running install_lib
[0.943s] creating /home/umarv/ws/src/install/nav2_gps_waypoint_follower_demo/lib/python3.10/site-packages/nav2_gps_waypoint_follower_demo
[0.943s] creating /home/umarv/ws/src/install/nav2_gps_waypoint_follower_demo/lib/python3.10/site-packages/nav2_gps_waypoint_follower_demo/utils
[0.943s] copying /home/umarv/ws/src/build/nav2_gps_waypoint_follower_demo/build/lib/nav2_gps_waypoint_follower_demo/utils/__init__.py -> /home/umarv/ws/src/install/nav2_gps_waypoint_follower_demo/lib/python3.10/site-packages/nav2_gps_waypoint_follower_demo/utils
[0.943s] copying /home/umarv/ws/src/build/nav2_gps_waypoint_follower_demo/build/lib/nav2_gps_waypoint_follower_demo/utils/gps_utils.py -> /home/umarv/ws/src/install/nav2_gps_waypoint_follower_demo/lib/python3.10/site-packages/nav2_gps_waypoint_follower_demo/utils
[0.943s] copying /home/umarv/ws/src/build/nav2_gps_waypoint_follower_demo/build/lib/nav2_gps_waypoint_follower_demo/gps_waypoint_logger.py -> /home/umarv/ws/src/install/nav2_gps_waypoint_follower_demo/lib/python3.10/site-packages/nav2_gps_waypoint_follower_demo
[0.943s] copying /home/umarv/ws/src/build/nav2_gps_waypoint_follower_demo/build/lib/nav2_gps_waypoint_follower_demo/interactive_waypoint_follower.py -> /home/umarv/ws/src/install/nav2_gps_waypoint_follower_demo/lib/python3.10/site-packages/nav2_gps_waypoint_follower_demo
[0.944s] copying /home/umarv/ws/src/build/nav2_gps_waypoint_follower_demo/build/lib/nav2_gps_waypoint_follower_demo/logged_waypoint_follower.py -> /home/umarv/ws/src/install/nav2_gps_waypoint_follower_demo/lib/python3.10/site-packages/nav2_gps_waypoint_follower_demo
[0.944s] copying /home/umarv/ws/src/build/nav2_gps_waypoint_follower_demo/build/lib/nav2_gps_waypoint_follower_demo/__init__.py -> /home/umarv/ws/src/install/nav2_gps_waypoint_follower_demo/lib/python3.10/site-packages/nav2_gps_waypoint_follower_demo
[0.944s] byte-compiling /home/umarv/ws/src/install/nav2_gps_waypoint_follower_demo/lib/python3.10/site-packages/nav2_gps_waypoint_follower_demo/utils/__init__.py to __init__.cpython-310.pyc
[0.945s] byte-compiling /home/umarv/ws/src/install/nav2_gps_waypoint_follower_demo/lib/python3.10/site-packages/nav2_gps_waypoint_follower_demo/utils/gps_utils.py to gps_utils.cpython-310.pyc
[0.946s] byte-compiling /home/umarv/ws/src/install/nav2_gps_waypoint_follower_demo/lib/python3.10/site-packages/nav2_gps_waypoint_follower_demo/gps_waypoint_logger.py to gps_waypoint_logger.cpython-310.pyc
[0.946s] byte-compiling /home/umarv/ws/src/install/nav2_gps_waypoint_follower_demo/lib/python3.10/site-packages/nav2_gps_waypoint_follower_demo/interactive_waypoint_follower.py to interactive_waypoint_follower.cpython-310.pyc
[0.947s] byte-compiling /home/umarv/ws/src/install/nav2_gps_waypoint_follower_demo/lib/python3.10/site-packages/nav2_gps_waypoint_follower_demo/logged_waypoint_follower.py to logged_waypoint_follower.cpython-310.pyc
[0.947s] byte-compiling /home/umarv/ws/src/install/nav2_gps_waypoint_follower_demo/lib/python3.10/site-packages/nav2_gps_waypoint_follower_demo/__init__.py to __init__.cpython-310.pyc
[0.947s] running install_data
[0.947s] creating /home/umarv/ws/src/install/nav2_gps_waypoint_follower_demo/share/ament_index
[0.947s] creating /home/umarv/ws/src/install/nav2_gps_waypoint_follower_demo/share/ament_index/resource_index
[0.947s] creating /home/umarv/ws/src/install/nav2_gps_waypoint_follower_demo/share/ament_index/resource_index/packages
[0.947s] copying resource/nav2_gps_waypoint_follower_demo -> /home/umarv/ws/src/install/nav2_gps_waypoint_follower_demo/share/ament_index/resource_index/packages
[0.948s] copying package.xml -> /home/umarv/ws/src/install/nav2_gps_waypoint_follower_demo/share/nav2_gps_waypoint_follower_demo
[0.948s] creating /home/umarv/ws/src/install/nav2_gps_waypoint_follower_demo/share/nav2_gps_waypoint_follower_demo/launch
[0.949s] copying launch/gazebo_gps_world.launch.py -> /home/umarv/ws/src/install/nav2_gps_waypoint_follower_demo/share/nav2_gps_waypoint_follower_demo/launch
[0.949s] copying launch/dual_ekf_navsat.launch.py -> /home/umarv/ws/src/install/nav2_gps_waypoint_follower_demo/share/nav2_gps_waypoint_follower_demo/launch
[0.950s] copying launch/mapviz.launch.py -> /home/umarv/ws/src/install/nav2_gps_waypoint_follower_demo/share/nav2_gps_waypoint_follower_demo/launch
[0.951s] copying launch/gps_waypoint_follower.launch.py -> /home/umarv/ws/src/install/nav2_gps_waypoint_follower_demo/share/nav2_gps_waypoint_follower_demo/launch
[0.952s] creating /home/umarv/ws/src/install/nav2_gps_waypoint_follower_demo/share/nav2_gps_waypoint_follower_demo/config
[0.952s] copying config/gps_wpf_demo.mvc -> /home/umarv/ws/src/install/nav2_gps_waypoint_follower_demo/share/nav2_gps_waypoint_follower_demo/config
[0.953s] copying config/demo_waypoints.yaml -> /home/umarv/ws/src/install/nav2_gps_waypoint_follower_demo/share/nav2_gps_waypoint_follower_demo/config
[0.953s] copying config/nav2_no_map_params.yaml -> /home/umarv/ws/src/install/nav2_gps_waypoint_follower_demo/share/nav2_gps_waypoint_follower_demo/config
[0.953s] copying config/dual_ekf_navsat_params.yaml -> /home/umarv/ws/src/install/nav2_gps_waypoint_follower_demo/share/nav2_gps_waypoint_follower_demo/config
[0.954s] creating /home/umarv/ws/src/install/nav2_gps_waypoint_follower_demo/share/nav2_gps_waypoint_follower_demo/urdf
[0.954s] copying urdf/turtlebot3_waffle_gps.urdf -> /home/umarv/ws/src/install/nav2_gps_waypoint_follower_demo/share/nav2_gps_waypoint_follower_demo/urdf
[0.955s] creating /home/umarv/ws/src/install/nav2_gps_waypoint_follower_demo/share/nav2_gps_waypoint_follower_demo/worlds
[0.956s] copying worlds/sonoma_raceway.world -> /home/umarv/ws/src/install/nav2_gps_waypoint_follower_demo/share/nav2_gps_waypoint_follower_demo/worlds
[0.956s] creating /home/umarv/ws/src/install/nav2_gps_waypoint_follower_demo/share/nav2_gps_waypoint_follower_demo/models
[0.957s] creating /home/umarv/ws/src/install/nav2_gps_waypoint_follower_demo/share/nav2_gps_waypoint_follower_demo/models/turtlebot_waffle_gps
[0.957s] copying models/turtlebot_waffle_gps/model.config -> /home/umarv/ws/src/install/nav2_gps_waypoint_follower_demo/share/nav2_gps_waypoint_follower_demo/models/turtlebot_waffle_gps
[0.958s] copying models/turtlebot_waffle_gps/model.sdf -> /home/umarv/ws/src/install/nav2_gps_waypoint_follower_demo/share/nav2_gps_waypoint_follower_demo/models/turtlebot_waffle_gps
[0.958s] running install_egg_info
[0.959s] Copying ../../build/nav2_gps_waypoint_follower_demo/nav2_gps_waypoint_follower_demo.egg-info to /home/umarv/ws/src/install/nav2_gps_waypoint_follower_demo/lib/python3.10/site-packages/nav2_gps_waypoint_follower_demo-0.0.1-py3.10.egg-info
[0.960s] running install_scripts
[0.962s] Installing gps_waypoint_logger script to /home/umarv/ws/src/install/nav2_gps_waypoint_follower_demo/lib/nav2_gps_waypoint_follower_demo
[0.963s] Installing interactive_waypoint_follower script to /home/umarv/ws/src/install/nav2_gps_waypoint_follower_demo/lib/nav2_gps_waypoint_follower_demo
[0.963s] Installing logged_waypoint_follower script to /home/umarv/ws/src/install/nav2_gps_waypoint_follower_demo/lib/nav2_gps_waypoint_follower_demo
[0.964s] writing list of installed files to '/home/umarv/ws/src/build/nav2_gps_waypoint_follower_demo/install.log'
[0.997s] Invoked command in '/home/umarv/ws/src/navigation2_tutorials/nav2_gps_waypoint_follower_demo' returned '0': PYTHONPATH=/home/umarv/ws/src/build/nav2_gps_waypoint_follower_demo/prefix_override:/home/umarv/ws/src/install/nav2_gps_waypoint_follower_demo/lib/python3.10/site-packages:${PYTHONPATH} /usr/bin/python3 setup.py egg_info --egg-base ../../build/nav2_gps_waypoint_follower_demo build --build-base /home/umarv/ws/src/build/nav2_gps_waypoint_follower_demo/build install --record /home/umarv/ws/src/build/nav2_gps_waypoint_follower_demo/install.log --single-version-externally-managed
