[0.190s] Invoking command in '/home/umarv/ws/src/build/nav2_sms_behavior': /usr/bin/cmake --build /home/umarv/ws/src/build/nav2_sms_behavior -- -j8 -l8
[0.230s] [  5%] Built target nav2_sms_behavior__cpp
[0.230s] [ 11%] Built target nav2_sms_behavior__rosidl_generator_c
[0.241s] [ 11%] Built target ament_cmake_python_copy_nav2_sms_behavior
[0.255s] [ 20%] Built target nav2_sms_behavior__rosidl_typesupport_cpp
[0.256s] [ 29%] Built target nav2_sms_behavior__rosidl_typesupport_fastrtps_cpp
[0.261s] [ 38%] Built target nav2_sms_behavior__rosidl_typesupport_c
[0.262s] [ 47%] Built target nav2_sms_behavior__rosidl_typesupport_introspection_c
[0.270s] [ 61%] Built target nav2_sms_behavior__rosidl_typesupport_fastrtps_c
[0.271s] [ 64%] Built target nav2_sms_behavior__rosidl_typesupport_introspection_cpp
[0.284s] [ 64%] Built target nav2_sms_behavior
[0.285s] [ 73%] Built target nav2_sms_behavior_plugin
[0.300s] [ 76%] Built target nav2_sms_behavior__py
[0.334s] [ 82%] Built target nav2_sms_behavior__rosidl_generator_py
[0.337s] [ 88%] Built target nav2_sms_behavior__rosidl_typesupport_fastrtps_c__pyext
[0.337s] [ 94%] Built target nav2_sms_behavior__rosidl_typesupport_introspection_c__pyext
[0.338s] [100%] Built target nav2_sms_behavior__rosidl_typesupport_c__pyext
[0.434s] running egg_info
[0.435s] writing nav2_sms_behavior.egg-info/PKG-INFO
[0.436s] writing dependency_links to nav2_sms_behavior.egg-info/dependency_links.txt
[0.439s] writing top-level names to nav2_sms_behavior.egg-info/top_level.txt
[0.439s] reading manifest file 'nav2_sms_behavior.egg-info/SOURCES.txt'
[0.440s] writing manifest file 'nav2_sms_behavior.egg-info/SOURCES.txt'
[0.468s] [100%] Built target ament_cmake_python_build_nav2_sms_behavior_egg
