[0.058s] Invoking command in '/home/umarv/ws/src/build/nav2_core': /usr/bin/cmake --build /home/umarv/ws/src/build/nav2_core -- -j8 -l8
[0.225s] Invoked command in '/home/umarv/ws/src/build/nav2_core' returned '0': /usr/bin/cmake --build /home/umarv/ws/src/build/nav2_core -- -j8 -l8
[0.247s] Invoking command in '/home/umarv/ws/src/build/nav2_core': /usr/bin/cmake --install /home/umarv/ws/src/build/nav2_core
[0.251s] -- Install configuration: "Release"
[0.252s] -- Up-to-date: /home/umarv/ws/src/install/nav2_core/include/
[0.253s] -- Up-to-date: /home/umarv/ws/src/install/nav2_core/include//nav2_core
[0.253s] -- Up-to-date: /home/umarv/ws/src/install/nav2_core/include//nav2_core/goal_checker.hpp
[0.253s] -- Up-to-date: /home/umarv/ws/src/install/nav2_core/include//nav2_core/smoother.hpp
[0.253s] -- Up-to-date: /home/umarv/ws/src/install/nav2_core/include//nav2_core/global_planner.hpp
[0.253s] -- Up-to-date: /home/umarv/ws/src/install/nav2_core/include//nav2_core/behavior.hpp
[0.253s] -- Up-to-date: /home/umarv/ws/src/install/nav2_core/include//nav2_core/waypoint_task_executor.hpp
[0.254s] -- Up-to-date: /home/umarv/ws/src/install/nav2_core/include//nav2_core/progress_checker.hpp
[0.254s] -- Up-to-date: /home/umarv/ws/src/install/nav2_core/include//nav2_core/controller_exceptions.hpp
[0.254s] -- Up-to-date: /home/umarv/ws/src/install/nav2_core/include//nav2_core/behavior_tree_navigator.hpp
[0.255s] -- Up-to-date: /home/umarv/ws/src/install/nav2_core/include//nav2_core/smoother_exceptions.hpp
[0.256s] -- Up-to-date: /home/umarv/ws/src/install/nav2_core/include//nav2_core/planner_exceptions.hpp
[0.258s] -- Up-to-date: /home/umarv/ws/src/install/nav2_core/include//nav2_core/controller.hpp
[0.258s] -- Up-to-date: /home/umarv/ws/src/install/nav2_core/share/ament_index/resource_index/package_run_dependencies/nav2_core
[0.259s] -- Up-to-date: /home/umarv/ws/src/install/nav2_core/share/ament_index/resource_index/parent_prefix_path/nav2_core
[0.260s] -- Up-to-date: /home/umarv/ws/src/install/nav2_core/share/nav2_core/environment/ament_prefix_path.sh
[0.260s] -- Up-to-date: /home/umarv/ws/src/install/nav2_core/share/nav2_core/environment/ament_prefix_path.dsv
[0.260s] -- Up-to-date: /home/umarv/ws/src/install/nav2_core/share/nav2_core/environment/path.sh
[0.260s] -- Up-to-date: /home/umarv/ws/src/install/nav2_core/share/nav2_core/environment/path.dsv
[0.261s] -- Up-to-date: /home/umarv/ws/src/install/nav2_core/share/nav2_core/local_setup.bash
[0.262s] -- Up-to-date: /home/umarv/ws/src/install/nav2_core/share/nav2_core/local_setup.sh
[0.262s] -- Up-to-date: /home/umarv/ws/src/install/nav2_core/share/nav2_core/local_setup.zsh
[0.264s] -- Up-to-date: /home/umarv/ws/src/install/nav2_core/share/nav2_core/local_setup.dsv
[0.265s] -- Installing: /home/umarv/ws/src/install/nav2_core/share/nav2_core/package.dsv
[0.266s] -- Up-to-date: /home/umarv/ws/src/install/nav2_core/share/ament_index/resource_index/packages/nav2_core
[0.267s] -- Up-to-date: /home/umarv/ws/src/install/nav2_core/share/nav2_core/cmake/ament_cmake_export_include_directories-extras.cmake
[0.267s] -- Up-to-date: /home/umarv/ws/src/install/nav2_core/share/nav2_core/cmake/ament_cmake_export_dependencies-extras.cmake
[0.268s] -- Up-to-date: /home/umarv/ws/src/install/nav2_core/share/nav2_core/cmake/nav2_coreConfig.cmake
[0.268s] -- Up-to-date: /home/umarv/ws/src/install/nav2_core/share/nav2_core/cmake/nav2_coreConfig-version.cmake
[0.269s] -- Up-to-date: /home/umarv/ws/src/install/nav2_core/share/nav2_core/package.xml
[0.269s] Invoked command in '/home/umarv/ws/src/build/nav2_core' returned '0': /usr/bin/cmake --install /home/umarv/ws/src/build/nav2_core
