[0.254s] Invoking command in '/home/umarv/ws/src/build/sam_bot_description': CMAKE_PREFIX_PATH=/opt/ros/humble /usr/bin/cmake /home/umarv/ws/src/navigation2_tutorials/sam_bot_description -DCMAKE_INSTALL_PREFIX=/home/umarv/ws/src/install/sam_bot_description
[0.264s] -- Found ament_cmake: 1.3.5 (/opt/ros/humble/share/ament_cmake/cmake)
[0.465s] -- Found Python3: /usr/bin/python3.10 (found version "3.10.12") found components: Interpreter 
[0.594s] -- Found xacro: 2.0.8 (/opt/ros/humble/share/xacro/cmake)
[0.596s] -- Found ament_lint_auto: 0.12.8 (/opt/ros/humble/share/ament_lint_auto/cmake)
[0.689s] -- Added test 'copyright' to check source files copyright and LICENSE
[0.692s] -- Added test 'flake8' to check Python code syntax and style conventions
[0.693s] -- Added test 'lint_cmake' to check CMake code style
[0.693s] -- Added test 'pep257' to check Python code against some of the docstring style conventions in PEP 257
[0.695s] -- Added test 'xmllint' to check XML markup files
[0.698s] -- Configuring done
[0.701s] -- Generating done
[0.702s] -- Build files have been written to: /home/umarv/ws/src/build/sam_bot_description
[0.705s] Invoked command in '/home/umarv/ws/src/build/sam_bot_description' returned '0': CMAKE_PREFIX_PATH=/opt/ros/humble /usr/bin/cmake /home/umarv/ws/src/navigation2_tutorials/sam_bot_description -DCMAKE_INSTALL_PREFIX=/home/umarv/ws/src/install/sam_bot_description
[0.707s] Invoking command in '/home/umarv/ws/src/build/sam_bot_description': CMAKE_PREFIX_PATH=/opt/ros/humble /usr/bin/cmake --build /home/umarv/ws/src/build/sam_bot_description -- -j8 -l8
[0.738s] Invoked command in '/home/umarv/ws/src/build/sam_bot_description' returned '0': CMAKE_PREFIX_PATH=/opt/ros/humble /usr/bin/cmake --build /home/umarv/ws/src/build/sam_bot_description -- -j8 -l8
[0.764s] Invoking command in '/home/umarv/ws/src/build/sam_bot_description': CMAKE_PREFIX_PATH=/opt/ros/humble /usr/bin/cmake --install /home/umarv/ws/src/build/sam_bot_description
[0.769s] -- Install configuration: ""
[0.769s] -- Installing: /home/umarv/ws/src/install/sam_bot_description/share/sam_bot_description/src
[0.769s] -- Installing: /home/umarv/ws/src/install/sam_bot_description/share/sam_bot_description/src/description
[0.769s] -- Installing: /home/umarv/ws/src/install/sam_bot_description/share/sam_bot_description/src/description/sam_bot_description.urdf
[0.770s] -- Installing: /home/umarv/ws/src/install/sam_bot_description/share/sam_bot_description/launch
[0.770s] -- Installing: /home/umarv/ws/src/install/sam_bot_description/share/sam_bot_description/launch/display.launch.py
[0.770s] -- Installing: /home/umarv/ws/src/install/sam_bot_description/share/sam_bot_description/rviz
[0.770s] -- Installing: /home/umarv/ws/src/install/sam_bot_description/share/sam_bot_description/rviz/urdf_config.rviz
[0.770s] -- Installing: /home/umarv/ws/src/install/sam_bot_description/share/sam_bot_description/config
[0.770s] -- Installing: /home/umarv/ws/src/install/sam_bot_description/share/sam_bot_description/config/nav2_params.yaml
[0.770s] -- Installing: /home/umarv/ws/src/install/sam_bot_description/share/sam_bot_description/config/ekf.yaml
[0.770s] -- Installing: /home/umarv/ws/src/install/sam_bot_description/share/sam_bot_description/world
[0.771s] -- Installing: /home/umarv/ws/src/install/sam_bot_description/share/sam_bot_description/world/my_world.sdf
[0.771s] -- Installing: /home/umarv/ws/src/install/sam_bot_description/share/ament_index/resource_index/package_run_dependencies/sam_bot_description
[0.771s] -- Installing: /home/umarv/ws/src/install/sam_bot_description/share/ament_index/resource_index/parent_prefix_path/sam_bot_description
[0.771s] -- Installing: /home/umarv/ws/src/install/sam_bot_description/share/sam_bot_description/environment/ament_prefix_path.sh
[0.771s] -- Installing: /home/umarv/ws/src/install/sam_bot_description/share/sam_bot_description/environment/ament_prefix_path.dsv
[0.772s] -- Installing: /home/umarv/ws/src/install/sam_bot_description/share/sam_bot_description/environment/path.sh
[0.772s] -- Installing: /home/umarv/ws/src/install/sam_bot_description/share/sam_bot_description/environment/path.dsv
[0.772s] -- Installing: /home/umarv/ws/src/install/sam_bot_description/share/sam_bot_description/local_setup.bash
[0.772s] -- Installing: /home/umarv/ws/src/install/sam_bot_description/share/sam_bot_description/local_setup.sh
[0.772s] -- Installing: /home/umarv/ws/src/install/sam_bot_description/share/sam_bot_description/local_setup.zsh
[0.772s] -- Installing: /home/umarv/ws/src/install/sam_bot_description/share/sam_bot_description/local_setup.dsv
[0.773s] -- Installing: /home/umarv/ws/src/install/sam_bot_description/share/sam_bot_description/package.dsv
[0.773s] -- Installing: /home/umarv/ws/src/install/sam_bot_description/share/ament_index/resource_index/packages/sam_bot_description
[0.773s] -- Installing: /home/umarv/ws/src/install/sam_bot_description/share/sam_bot_description/cmake/sam_bot_descriptionConfig.cmake
[0.773s] -- Installing: /home/umarv/ws/src/install/sam_bot_description/share/sam_bot_description/cmake/sam_bot_descriptionConfig-version.cmake
[0.773s] -- Installing: /home/umarv/ws/src/install/sam_bot_description/share/sam_bot_description/package.xml
[0.775s] Invoked command in '/home/umarv/ws/src/build/sam_bot_description' returned '0': CMAKE_PREFIX_PATH=/opt/ros/humble /usr/bin/cmake --install /home/umarv/ws/src/build/sam_bot_description
