[0.164s] Invoking command in '/home/umarv/ws/build/sam_bot_description': /usr/bin/cmake /home/umarv/ws/src/navigation2_tutorials/sam_bot_description -DCMAKE_INSTALL_PREFIX=/home/umarv/ws/install/sam_bot_description
[0.201s] [31mCMake Error at CMakeLists.txt:19 (find_package):
[0.201s]   By not providing "Findament_cmake.cmake" in CMAKE_MODULE_PATH this project
[0.201s]   has asked CMake to find a package configuration file provided by
[0.202s]   "ament_cmake", but CMake did not find one.
[0.202s] 
[0.202s]   Could not find a package configuration file provided by "ament_cmake" with
[0.202s]   any of the following names:
[0.203s] 
[0.203s]     ament_cmakeConfig.cmake
[0.203s]     ament_cmake-config.cmake
[0.203s] 
[0.204s]   Add the installation prefix of "ament_cmake" to CMAKE_PREFIX_PATH or set
[0.204s]   "ament_cmake_DIR" to a directory containing one of the above files.  If
[0.205s]   "ament_cmake" provides a separate development package or SDK, be sure it
[0.205s]   has been installed.
[0.205s] 
[0.206s] [0m
[0.206s] -- Configuring incomplete, errors occurred!
[0.206s] See also "/home/umarv/ws/build/sam_bot_description/CMakeFiles/CMakeOutput.log".
[0.207s] Invoked command in '/home/umarv/ws/build/sam_bot_description' returned '1': /usr/bin/cmake /home/umarv/ws/src/navigation2_tutorials/sam_bot_description -DCMAKE_INSTALL_PREFIX=/home/umarv/ws/install/sam_bot_description
