[0.458s] DEBUG:colcon:Command line arguments: ['/usr/bin/colcon', 'build']
[0.458s] DEBUG:colcon:Parsed command line arguments: Namespace(log_base=None, log_level=None, verb_name='build', build_base='build', install_base='install', merge_install=False, symlink_install=False, test_result_base=None, continue_on_error=False, executor='parallel', parallel_workers=8, event_handlers=None, ignore_user_meta=False, metas=['./colcon.meta'], base_paths=['.'], packages_ignore=None, packages_ignore_regex=None, paths=None, packages_up_to=None, packages_up_to_regex=None, packages_above=None, packages_above_and_dependencies=None, packages_above_depth=None, packages_select_by_dep=None, packages_skip_by_dep=None, packages_skip_up_to=None, packages_select_build_failed=False, packages_skip_build_finished=False, packages_select_test_failures=False, packages_skip_test_passed=False, packages_select=None, packages_skip=None, packages_select_regex=None, packages_skip_regex=None, packages_start=None, packages_end=None, cmake_args=None, cmake_target=None, cmake_target_skip_unavailable=False, cmake_clean_cache=False, cmake_clean_first=False, cmake_force_configure=False, ament_cmake_args=None, catkin_cmake_args=None, catkin_skip_building_tests=False, mixin_files=None, mixin=None, verb_parser=<colcon_mixin.mixin.mixin_argument.MixinArgumentDecorator object at 0x7f3dbf5594e0>, verb_extension=<colcon_core.verb.build.BuildVerb object at 0x7f3dbf558e50>, main=<bound method BuildVerb.main of <colcon_core.verb.build.BuildVerb object at 0x7f3dbf558e50>>, mixin_verb=('build',))
[0.478s] Level 1:colcon.colcon_core.package_discovery:discover_packages(colcon_meta) check parameters
[0.478s] INFO:colcon.colcon_metadata.package_discovery.colcon_meta:Using configuration from '/root/.colcon/metadata/default/Gazebo.meta'
[0.479s] INFO:colcon.colcon_metadata.package_discovery.colcon_meta:Using configuration from '/root/.colcon/metadata/default/fastrtps.meta'
[0.479s] Level 1:colcon.colcon_core.package_discovery:discover_packages(recursive) check parameters
[0.479s] Level 1:colcon.colcon_core.package_discovery:discover_packages(ignore) check parameters
[0.479s] Level 1:colcon.colcon_core.package_discovery:discover_packages(path) check parameters
[0.479s] Level 1:colcon.colcon_core.package_discovery:discover_packages(colcon_meta) discover
[0.479s] Level 1:colcon.colcon_core.package_discovery:discover_packages(recursive) discover
[0.479s] INFO:colcon.colcon_core.package_discovery:Crawling recursively for packages in '/home/umarv/ws'
[0.479s] Level 1:colcon.colcon_core.package_identification:_identify(.) by extensions ['ignore', 'ignore_ament_install']
[0.479s] Level 1:colcon.colcon_core.package_identification:_identify(.) by extension 'ignore'
[0.479s] Level 1:colcon.colcon_core.package_identification:_identify(.) by extension 'ignore_ament_install'
[0.479s] Level 1:colcon.colcon_core.package_identification:_identify(.) by extensions ['colcon_pkg']
[0.479s] Level 1:colcon.colcon_core.package_identification:_identify(.) by extension 'colcon_pkg'
[0.479s] Level 1:colcon.colcon_core.package_identification:_identify(.) by extensions ['colcon_meta']
[0.479s] Level 1:colcon.colcon_core.package_identification:_identify(.) by extension 'colcon_meta'
[0.479s] Level 1:colcon.colcon_core.package_identification:_identify(.) by extensions ['ros']
[0.479s] Level 1:colcon.colcon_core.package_identification:_identify(.) by extension 'ros'
[0.488s] Level 1:colcon.colcon_core.package_identification:_identify(.) by extensions ['cmake', 'python']
[0.488s] Level 1:colcon.colcon_core.package_identification:_identify(.) by extension 'cmake'
[0.488s] Level 1:colcon.colcon_core.package_identification:_identify(.) by extension 'python'
[0.488s] Level 1:colcon.colcon_core.package_identification:_identify(.) by extensions ['python_setup_py']
[0.488s] Level 1:colcon.colcon_core.package_identification:_identify(.) by extension 'python_setup_py'
[0.488s] Level 1:colcon.colcon_core.package_identification:_identify(build) by extensions ['ignore', 'ignore_ament_install']
[0.488s] Level 1:colcon.colcon_core.package_identification:_identify(build) by extension 'ignore'
[0.488s] Level 1:colcon.colcon_core.package_identification:_identify(build) ignored
[0.488s] Level 1:colcon.colcon_core.package_identification:_identify(install) by extensions ['ignore', 'ignore_ament_install']
[0.488s] Level 1:colcon.colcon_core.package_identification:_identify(install) by extension 'ignore'
[0.488s] Level 1:colcon.colcon_core.package_identification:_identify(install) ignored
[0.488s] Level 1:colcon.colcon_core.package_identification:_identify(log) by extensions ['ignore', 'ignore_ament_install']
[0.488s] Level 1:colcon.colcon_core.package_identification:_identify(log) by extension 'ignore'
[0.488s] Level 1:colcon.colcon_core.package_identification:_identify(log) ignored
[0.489s] Level 1:colcon.colcon_core.package_identification:_identify(src) by extensions ['ignore', 'ignore_ament_install']
[0.489s] Level 1:colcon.colcon_core.package_identification:_identify(src) by extension 'ignore'
[0.489s] Level 1:colcon.colcon_core.package_identification:_identify(src) by extension 'ignore_ament_install'
[0.489s] Level 1:colcon.colcon_core.package_identification:_identify(src) by extensions ['colcon_pkg']
[0.489s] Level 1:colcon.colcon_core.package_identification:_identify(src) by extension 'colcon_pkg'
[0.489s] Level 1:colcon.colcon_core.package_identification:_identify(src) by extensions ['colcon_meta']
[0.489s] Level 1:colcon.colcon_core.package_identification:_identify(src) by extension 'colcon_meta'
[0.489s] Level 1:colcon.colcon_core.package_identification:_identify(src) by extensions ['ros']
[0.489s] Level 1:colcon.colcon_core.package_identification:_identify(src) by extension 'ros'
[0.489s] Level 1:colcon.colcon_core.package_identification:_identify(src) by extensions ['cmake', 'python']
[0.489s] Level 1:colcon.colcon_core.package_identification:_identify(src) by extension 'cmake'
[0.489s] Level 1:colcon.colcon_core.package_identification:_identify(src) by extension 'python'
[0.489s] Level 1:colcon.colcon_core.package_identification:_identify(src) by extensions ['python_setup_py']
[0.489s] Level 1:colcon.colcon_core.package_identification:_identify(src) by extension 'python_setup_py'
[0.489s] Level 1:colcon.colcon_core.package_identification:_identify(src/build) by extensions ['ignore', 'ignore_ament_install']
[0.489s] Level 1:colcon.colcon_core.package_identification:_identify(src/build) by extension 'ignore'
[0.489s] Level 1:colcon.colcon_core.package_identification:_identify(src/build) ignored
[0.489s] Level 1:colcon.colcon_core.package_identification:_identify(src/install) by extensions ['ignore', 'ignore_ament_install']
[0.489s] Level 1:colcon.colcon_core.package_identification:_identify(src/install) by extension 'ignore'
[0.489s] Level 1:colcon.colcon_core.package_identification:_identify(src/install) ignored
[0.490s] Level 1:colcon.colcon_core.package_identification:_identify(src/log) by extensions ['ignore', 'ignore_ament_install']
[0.490s] Level 1:colcon.colcon_core.package_identification:_identify(src/log) by extension 'ignore'
[0.490s] Level 1:colcon.colcon_core.package_identification:_identify(src/log) ignored
[0.490s] Level 1:colcon.colcon_core.package_identification:_identify(src/navigation2_tutorials) by extensions ['ignore', 'ignore_ament_install']
[0.490s] Level 1:colcon.colcon_core.package_identification:_identify(src/navigation2_tutorials) by extension 'ignore'
[0.490s] Level 1:colcon.colcon_core.package_identification:_identify(src/navigation2_tutorials) by extension 'ignore_ament_install'
[0.490s] Level 1:colcon.colcon_core.package_identification:_identify(src/navigation2_tutorials) by extensions ['colcon_pkg']
[0.490s] Level 1:colcon.colcon_core.package_identification:_identify(src/navigation2_tutorials) by extension 'colcon_pkg'
[0.490s] Level 1:colcon.colcon_core.package_identification:_identify(src/navigation2_tutorials) by extensions ['colcon_meta']
[0.490s] Level 1:colcon.colcon_core.package_identification:_identify(src/navigation2_tutorials) by extension 'colcon_meta'
[0.490s] Level 1:colcon.colcon_core.package_identification:_identify(src/navigation2_tutorials) by extensions ['ros']
[0.490s] Level 1:colcon.colcon_core.package_identification:_identify(src/navigation2_tutorials) by extension 'ros'
[0.490s] Level 1:colcon.colcon_core.package_identification:_identify(src/navigation2_tutorials) by extensions ['cmake', 'python']
[0.490s] Level 1:colcon.colcon_core.package_identification:_identify(src/navigation2_tutorials) by extension 'cmake'
[0.490s] Level 1:colcon.colcon_core.package_identification:_identify(src/navigation2_tutorials) by extension 'python'
[0.490s] Level 1:colcon.colcon_core.package_identification:_identify(src/navigation2_tutorials) by extensions ['python_setup_py']
[0.490s] Level 1:colcon.colcon_core.package_identification:_identify(src/navigation2_tutorials) by extension 'python_setup_py'
[0.490s] Level 1:colcon.colcon_core.package_identification:_identify(src/navigation2_tutorials/build) by extensions ['ignore', 'ignore_ament_install']
[0.490s] Level 1:colcon.colcon_core.package_identification:_identify(src/navigation2_tutorials/build) by extension 'ignore'
[0.490s] Level 1:colcon.colcon_core.package_identification:_identify(src/navigation2_tutorials/build) ignored
[0.490s] Level 1:colcon.colcon_core.package_identification:_identify(src/navigation2_tutorials/install) by extensions ['ignore', 'ignore_ament_install']
[0.491s] Level 1:colcon.colcon_core.package_identification:_identify(src/navigation2_tutorials/install) by extension 'ignore'
[0.491s] Level 1:colcon.colcon_core.package_identification:_identify(src/navigation2_tutorials/install) ignored
[0.491s] Level 1:colcon.colcon_core.package_identification:_identify(src/navigation2_tutorials/log) by extensions ['ignore', 'ignore_ament_install']
[0.491s] Level 1:colcon.colcon_core.package_identification:_identify(src/navigation2_tutorials/log) by extension 'ignore'
[0.491s] Level 1:colcon.colcon_core.package_identification:_identify(src/navigation2_tutorials/log) ignored
[0.491s] Level 1:colcon.colcon_core.package_identification:_identify(src/navigation2_tutorials/nav2_gps_waypoint_follower_demo) by extensions ['ignore', 'ignore_ament_install']
[0.491s] Level 1:colcon.colcon_core.package_identification:_identify(src/navigation2_tutorials/nav2_gps_waypoint_follower_demo) by extension 'ignore'
[0.491s] Level 1:colcon.colcon_core.package_identification:_identify(src/navigation2_tutorials/nav2_gps_waypoint_follower_demo) by extension 'ignore_ament_install'
[0.491s] Level 1:colcon.colcon_core.package_identification:_identify(src/navigation2_tutorials/nav2_gps_waypoint_follower_demo) by extensions ['colcon_pkg']
[0.491s] Level 1:colcon.colcon_core.package_identification:_identify(src/navigation2_tutorials/nav2_gps_waypoint_follower_demo) by extension 'colcon_pkg'
[0.491s] Level 1:colcon.colcon_core.package_identification:_identify(src/navigation2_tutorials/nav2_gps_waypoint_follower_demo) by extensions ['colcon_meta']
[0.491s] Level 1:colcon.colcon_core.package_identification:_identify(src/navigation2_tutorials/nav2_gps_waypoint_follower_demo) by extension 'colcon_meta'
[0.491s] Level 1:colcon.colcon_core.package_identification:_identify(src/navigation2_tutorials/nav2_gps_waypoint_follower_demo) by extensions ['ros']
[0.491s] Level 1:colcon.colcon_core.package_identification:_identify(src/navigation2_tutorials/nav2_gps_waypoint_follower_demo) by extension 'ros'
[0.500s] DEBUG:colcon.colcon_core.package_identification:Package 'src/navigation2_tutorials/nav2_gps_waypoint_follower_demo' with type 'ros.ament_python' and name 'nav2_gps_waypoint_follower_demo'
[0.500s] Level 1:colcon.colcon_core.package_identification:_identify(src/navigation2_tutorials/nav2_gradient_costmap_plugin) by extensions ['ignore', 'ignore_ament_install']
[0.500s] Level 1:colcon.colcon_core.package_identification:_identify(src/navigation2_tutorials/nav2_gradient_costmap_plugin) by extension 'ignore'
[0.500s] Level 1:colcon.colcon_core.package_identification:_identify(src/navigation2_tutorials/nav2_gradient_costmap_plugin) by extension 'ignore_ament_install'
[0.500s] Level 1:colcon.colcon_core.package_identification:_identify(src/navigation2_tutorials/nav2_gradient_costmap_plugin) by extensions ['colcon_pkg']
[0.500s] Level 1:colcon.colcon_core.package_identification:_identify(src/navigation2_tutorials/nav2_gradient_costmap_plugin) by extension 'colcon_pkg'
[0.500s] Level 1:colcon.colcon_core.package_identification:_identify(src/navigation2_tutorials/nav2_gradient_costmap_plugin) by extensions ['colcon_meta']
[0.500s] Level 1:colcon.colcon_core.package_identification:_identify(src/navigation2_tutorials/nav2_gradient_costmap_plugin) by extension 'colcon_meta'
[0.500s] Level 1:colcon.colcon_core.package_identification:_identify(src/navigation2_tutorials/nav2_gradient_costmap_plugin) by extensions ['ros']
[0.500s] Level 1:colcon.colcon_core.package_identification:_identify(src/navigation2_tutorials/nav2_gradient_costmap_plugin) by extension 'ros'
[0.501s] DEBUG:colcon.colcon_core.package_identification:Package 'src/navigation2_tutorials/nav2_gradient_costmap_plugin' with type 'ros.ament_cmake' and name 'nav2_gradient_costmap_plugin'
[0.501s] Level 1:colcon.colcon_core.package_identification:_identify(src/navigation2_tutorials/nav2_straightline_planner) by extensions ['ignore', 'ignore_ament_install']
[0.501s] Level 1:colcon.colcon_core.package_identification:_identify(src/navigation2_tutorials/nav2_straightline_planner) by extension 'ignore'
[0.501s] Level 1:colcon.colcon_core.package_identification:_identify(src/navigation2_tutorials/nav2_straightline_planner) by extension 'ignore_ament_install'
[0.501s] Level 1:colcon.colcon_core.package_identification:_identify(src/navigation2_tutorials/nav2_straightline_planner) by extensions ['colcon_pkg']
[0.501s] Level 1:colcon.colcon_core.package_identification:_identify(src/navigation2_tutorials/nav2_straightline_planner) by extension 'colcon_pkg'
[0.501s] Level 1:colcon.colcon_core.package_identification:_identify(src/navigation2_tutorials/nav2_straightline_planner) by extensions ['colcon_meta']
[0.501s] Level 1:colcon.colcon_core.package_identification:_identify(src/navigation2_tutorials/nav2_straightline_planner) by extension 'colcon_meta'
[0.501s] Level 1:colcon.colcon_core.package_identification:_identify(src/navigation2_tutorials/nav2_straightline_planner) by extensions ['ros']
[0.501s] Level 1:colcon.colcon_core.package_identification:_identify(src/navigation2_tutorials/nav2_straightline_planner) by extension 'ros'
[0.503s] DEBUG:colcon.colcon_core.package_identification:Package 'src/navigation2_tutorials/nav2_straightline_planner' with type 'ros.ament_cmake' and name 'nav2_straightline_planner'
[0.503s] Level 1:colcon.colcon_core.package_identification:_identify(src/navigation2_tutorials/sam_bot_description) by extensions ['ignore', 'ignore_ament_install']
[0.503s] Level 1:colcon.colcon_core.package_identification:_identify(src/navigation2_tutorials/sam_bot_description) by extension 'ignore'
[0.503s] Level 1:colcon.colcon_core.package_identification:_identify(src/navigation2_tutorials/sam_bot_description) by extension 'ignore_ament_install'
[0.503s] Level 1:colcon.colcon_core.package_identification:_identify(src/navigation2_tutorials/sam_bot_description) by extensions ['colcon_pkg']
[0.503s] Level 1:colcon.colcon_core.package_identification:_identify(src/navigation2_tutorials/sam_bot_description) by extension 'colcon_pkg'
[0.503s] Level 1:colcon.colcon_core.package_identification:_identify(src/navigation2_tutorials/sam_bot_description) by extensions ['colcon_meta']
[0.503s] Level 1:colcon.colcon_core.package_identification:_identify(src/navigation2_tutorials/sam_bot_description) by extension 'colcon_meta'
[0.503s] Level 1:colcon.colcon_core.package_identification:_identify(src/navigation2_tutorials/sam_bot_description) by extensions ['ros']
[0.503s] Level 1:colcon.colcon_core.package_identification:_identify(src/navigation2_tutorials/sam_bot_description) by extension 'ros'
[0.503s] DEBUG:colcon.colcon_core.package_identification:Package 'src/navigation2_tutorials/sam_bot_description' with type 'ros.ament_cmake' and name 'sam_bot_description'
[0.503s] Level 1:colcon.colcon_core.package_discovery:discover_packages(recursive) using defaults
[0.504s] Level 1:colcon.colcon_core.package_discovery:discover_packages(ignore) discover
[0.504s] Level 1:colcon.colcon_core.package_discovery:discover_packages(ignore) using defaults
[0.504s] Level 1:colcon.colcon_core.package_discovery:discover_packages(path) discover
[0.504s] Level 1:colcon.colcon_core.package_discovery:discover_packages(path) using defaults
[0.532s] Level 5:colcon.colcon_core.verb:set package 'nav2_gps_waypoint_follower_demo' build argument 'cmake_args' from command line to 'None'
[0.533s] Level 5:colcon.colcon_core.verb:set package 'nav2_gps_waypoint_follower_demo' build argument 'cmake_target' from command line to 'None'
[0.533s] Level 5:colcon.colcon_core.verb:set package 'nav2_gps_waypoint_follower_demo' build argument 'cmake_target_skip_unavailable' from command line to 'False'
[0.533s] Level 5:colcon.colcon_core.verb:set package 'nav2_gps_waypoint_follower_demo' build argument 'cmake_clean_cache' from command line to 'False'
[0.533s] Level 5:colcon.colcon_core.verb:set package 'nav2_gps_waypoint_follower_demo' build argument 'cmake_clean_first' from command line to 'False'
[0.533s] Level 5:colcon.colcon_core.verb:set package 'nav2_gps_waypoint_follower_demo' build argument 'cmake_force_configure' from command line to 'False'
[0.533s] Level 5:colcon.colcon_core.verb:set package 'nav2_gps_waypoint_follower_demo' build argument 'ament_cmake_args' from command line to 'None'
[0.533s] Level 5:colcon.colcon_core.verb:set package 'nav2_gps_waypoint_follower_demo' build argument 'catkin_cmake_args' from command line to 'None'
[0.533s] Level 5:colcon.colcon_core.verb:set package 'nav2_gps_waypoint_follower_demo' build argument 'catkin_skip_building_tests' from command line to 'False'
[0.533s] DEBUG:colcon.colcon_core.verb:Building package 'nav2_gps_waypoint_follower_demo' with the following arguments: {'ament_cmake_args': None, 'build_base': '/home/umarv/ws/build/nav2_gps_waypoint_follower_demo', 'catkin_cmake_args': None, 'catkin_skip_building_tests': False, 'cmake_args': None, 'cmake_clean_cache': False, 'cmake_clean_first': False, 'cmake_force_configure': False, 'cmake_target': None, 'cmake_target_skip_unavailable': False, 'install_base': '/home/umarv/ws/install/nav2_gps_waypoint_follower_demo', 'merge_install': False, 'path': '/home/umarv/ws/src/navigation2_tutorials/nav2_gps_waypoint_follower_demo', 'symlink_install': False, 'test_result_base': None}
[0.537s] Level 5:colcon.colcon_core.verb:set package 'nav2_gradient_costmap_plugin' build argument 'cmake_args' from command line to 'None'
[0.537s] Level 5:colcon.colcon_core.verb:set package 'nav2_gradient_costmap_plugin' build argument 'cmake_target' from command line to 'None'
[0.537s] Level 5:colcon.colcon_core.verb:set package 'nav2_gradient_costmap_plugin' build argument 'cmake_target_skip_unavailable' from command line to 'False'
[0.537s] Level 5:colcon.colcon_core.verb:set package 'nav2_gradient_costmap_plugin' build argument 'cmake_clean_cache' from command line to 'False'
[0.537s] Level 5:colcon.colcon_core.verb:set package 'nav2_gradient_costmap_plugin' build argument 'cmake_clean_first' from command line to 'False'
[0.537s] Level 5:colcon.colcon_core.verb:set package 'nav2_gradient_costmap_plugin' build argument 'cmake_force_configure' from command line to 'False'
[0.537s] Level 5:colcon.colcon_core.verb:set package 'nav2_gradient_costmap_plugin' build argument 'ament_cmake_args' from command line to 'None'
[0.537s] Level 5:colcon.colcon_core.verb:set package 'nav2_gradient_costmap_plugin' build argument 'catkin_cmake_args' from command line to 'None'
[0.537s] Level 5:colcon.colcon_core.verb:set package 'nav2_gradient_costmap_plugin' build argument 'catkin_skip_building_tests' from command line to 'False'
[0.537s] DEBUG:colcon.colcon_core.verb:Building package 'nav2_gradient_costmap_plugin' with the following arguments: {'ament_cmake_args': None, 'build_base': '/home/umarv/ws/build/nav2_gradient_costmap_plugin', 'catkin_cmake_args': None, 'catkin_skip_building_tests': False, 'cmake_args': None, 'cmake_clean_cache': False, 'cmake_clean_first': False, 'cmake_force_configure': False, 'cmake_target': None, 'cmake_target_skip_unavailable': False, 'install_base': '/home/umarv/ws/install/nav2_gradient_costmap_plugin', 'merge_install': False, 'path': '/home/umarv/ws/src/navigation2_tutorials/nav2_gradient_costmap_plugin', 'symlink_install': False, 'test_result_base': None}
[0.541s] Level 5:colcon.colcon_core.verb:set package 'nav2_straightline_planner' build argument 'cmake_args' from command line to 'None'
[0.541s] Level 5:colcon.colcon_core.verb:set package 'nav2_straightline_planner' build argument 'cmake_target' from command line to 'None'
[0.541s] Level 5:colcon.colcon_core.verb:set package 'nav2_straightline_planner' build argument 'cmake_target_skip_unavailable' from command line to 'False'
[0.541s] Level 5:colcon.colcon_core.verb:set package 'nav2_straightline_planner' build argument 'cmake_clean_cache' from command line to 'False'
[0.541s] Level 5:colcon.colcon_core.verb:set package 'nav2_straightline_planner' build argument 'cmake_clean_first' from command line to 'False'
[0.541s] Level 5:colcon.colcon_core.verb:set package 'nav2_straightline_planner' build argument 'cmake_force_configure' from command line to 'False'
[0.541s] Level 5:colcon.colcon_core.verb:set package 'nav2_straightline_planner' build argument 'ament_cmake_args' from command line to 'None'
[0.541s] Level 5:colcon.colcon_core.verb:set package 'nav2_straightline_planner' build argument 'catkin_cmake_args' from command line to 'None'
[0.541s] Level 5:colcon.colcon_core.verb:set package 'nav2_straightline_planner' build argument 'catkin_skip_building_tests' from command line to 'False'
[0.541s] DEBUG:colcon.colcon_core.verb:Building package 'nav2_straightline_planner' with the following arguments: {'ament_cmake_args': None, 'build_base': '/home/umarv/ws/build/nav2_straightline_planner', 'catkin_cmake_args': None, 'catkin_skip_building_tests': False, 'cmake_args': None, 'cmake_clean_cache': False, 'cmake_clean_first': False, 'cmake_force_configure': False, 'cmake_target': None, 'cmake_target_skip_unavailable': False, 'install_base': '/home/umarv/ws/install/nav2_straightline_planner', 'merge_install': False, 'path': '/home/umarv/ws/src/navigation2_tutorials/nav2_straightline_planner', 'symlink_install': False, 'test_result_base': None}
[0.545s] Level 5:colcon.colcon_core.verb:set package 'sam_bot_description' build argument 'cmake_args' from command line to 'None'
[0.545s] Level 5:colcon.colcon_core.verb:set package 'sam_bot_description' build argument 'cmake_target' from command line to 'None'
[0.545s] Level 5:colcon.colcon_core.verb:set package 'sam_bot_description' build argument 'cmake_target_skip_unavailable' from command line to 'False'
[0.545s] Level 5:colcon.colcon_core.verb:set package 'sam_bot_description' build argument 'cmake_clean_cache' from command line to 'False'
[0.545s] Level 5:colcon.colcon_core.verb:set package 'sam_bot_description' build argument 'cmake_clean_first' from command line to 'False'
[0.545s] Level 5:colcon.colcon_core.verb:set package 'sam_bot_description' build argument 'cmake_force_configure' from command line to 'False'
[0.545s] Level 5:colcon.colcon_core.verb:set package 'sam_bot_description' build argument 'ament_cmake_args' from command line to 'None'
[0.545s] Level 5:colcon.colcon_core.verb:set package 'sam_bot_description' build argument 'catkin_cmake_args' from command line to 'None'
[0.545s] Level 5:colcon.colcon_core.verb:set package 'sam_bot_description' build argument 'catkin_skip_building_tests' from command line to 'False'
[0.545s] DEBUG:colcon.colcon_core.verb:Building package 'sam_bot_description' with the following arguments: {'ament_cmake_args': None, 'build_base': '/home/umarv/ws/build/sam_bot_description', 'catkin_cmake_args': None, 'catkin_skip_building_tests': False, 'cmake_args': None, 'cmake_clean_cache': False, 'cmake_clean_first': False, 'cmake_force_configure': False, 'cmake_target': None, 'cmake_target_skip_unavailable': False, 'install_base': '/home/umarv/ws/install/sam_bot_description', 'merge_install': False, 'path': '/home/umarv/ws/src/navigation2_tutorials/sam_bot_description', 'symlink_install': False, 'test_result_base': None}
[0.548s] INFO:colcon.colcon_core.executor:Executing jobs using 'parallel' executor
[0.553s] DEBUG:colcon.colcon_parallel_executor.executor.parallel:run_until_complete
[0.553s] INFO:colcon.colcon_ros.task.ament_python.build:Building ROS package in '/home/umarv/ws/src/navigation2_tutorials/nav2_gps_waypoint_follower_demo' with build type 'ament_python'
[0.553s] Level 1:colcon.colcon_core.shell:create_environment_hook('nav2_gps_waypoint_follower_demo', 'ament_prefix_path')
[0.559s] INFO:colcon.colcon_core.plugin_system:Skipping extension 'colcon_core.shell.bat': Not used on non-Windows systems
[0.560s] INFO:colcon.colcon_core.shell:Creating environment hook '/home/umarv/ws/install/nav2_gps_waypoint_follower_demo/share/nav2_gps_waypoint_follower_demo/hook/ament_prefix_path.ps1'
[0.560s] INFO:colcon.colcon_core.shell:Creating environment descriptor '/home/umarv/ws/install/nav2_gps_waypoint_follower_demo/share/nav2_gps_waypoint_follower_demo/hook/ament_prefix_path.dsv'
[0.561s] INFO:colcon.colcon_core.shell:Creating environment hook '/home/umarv/ws/install/nav2_gps_waypoint_follower_demo/share/nav2_gps_waypoint_follower_demo/hook/ament_prefix_path.sh'
[0.565s] INFO:colcon.colcon_core.shell:Skip shell extension 'powershell' for command environment: Not usable outside of PowerShell
[0.566s] DEBUG:colcon.colcon_core.shell:Skip shell extension 'dsv' for command environment
[0.571s] INFO:colcon.colcon_ros.task.ament_cmake.build:Building ROS package in '/home/umarv/ws/src/navigation2_tutorials/nav2_gradient_costmap_plugin' with build type 'ament_cmake'
[0.571s] INFO:colcon.colcon_cmake.task.cmake.build:Building CMake package in '/home/umarv/ws/src/navigation2_tutorials/nav2_gradient_costmap_plugin'
[0.576s] INFO:colcon.colcon_core.shell:Skip shell extension 'powershell' for command environment: Not usable outside of PowerShell
[0.576s] DEBUG:colcon.colcon_core.shell:Skip shell extension 'dsv' for command environment
[0.581s] INFO:colcon.colcon_ros.task.ament_cmake.build:Building ROS package in '/home/umarv/ws/src/navigation2_tutorials/nav2_straightline_planner' with build type 'ament_cmake'
[0.581s] INFO:colcon.colcon_cmake.task.cmake.build:Building CMake package in '/home/umarv/ws/src/navigation2_tutorials/nav2_straightline_planner'
[0.586s] INFO:colcon.colcon_core.shell:Skip shell extension 'powershell' for command environment: Not usable outside of PowerShell
[0.586s] DEBUG:colcon.colcon_core.shell:Skip shell extension 'dsv' for command environment
[0.592s] INFO:colcon.colcon_ros.task.ament_cmake.build:Building ROS package in '/home/umarv/ws/src/navigation2_tutorials/sam_bot_description' with build type 'ament_cmake'
[0.593s] INFO:colcon.colcon_cmake.task.cmake.build:Building CMake package in '/home/umarv/ws/src/navigation2_tutorials/sam_bot_description'
[0.598s] INFO:colcon.colcon_core.shell:Skip shell extension 'powershell' for command environment: Not usable outside of PowerShell
[0.598s] DEBUG:colcon.colcon_core.shell:Skip shell extension 'dsv' for command environment
[0.737s] INFO:colcon.colcon_core.task.python.build:Building Python package in '/home/umarv/ws/src/navigation2_tutorials/nav2_gps_waypoint_follower_demo'
[0.742s] INFO:colcon.colcon_core.shell:Skip shell extension 'powershell' for command environment: Not usable outside of PowerShell
[0.742s] DEBUG:colcon.colcon_core.shell:Skip shell extension 'dsv' for command environment
[0.751s] DEBUG:colcon.colcon_core.event_handler.log_command:Invoking command in '/home/umarv/ws/build/nav2_gradient_costmap_plugin': /usr/bin/cmake --build /home/umarv/ws/build/nav2_gradient_costmap_plugin -- -j8 -l8
[0.756s] DEBUG:colcon.colcon_core.event_handler.log_command:Invoking command in '/home/umarv/ws/build/nav2_straightline_planner': /usr/bin/cmake --build /home/umarv/ws/build/nav2_straightline_planner -- -j8 -l8
[0.761s] DEBUG:colcon.colcon_core.event_handler.log_command:Invoking command in '/home/umarv/ws/build/sam_bot_description': /usr/bin/cmake --build /home/umarv/ws/build/sam_bot_description -- -j8 -l8
[0.783s] DEBUG:colcon.colcon_core.event_handler.log_command:Invoked command in '/home/umarv/ws/build/sam_bot_description' returned '0': /usr/bin/cmake --build /home/umarv/ws/build/sam_bot_description -- -j8 -l8
[0.805s] DEBUG:colcon.colcon_core.event_handler.log_command:Invoking command in '/home/umarv/ws/build/sam_bot_description': /usr/bin/cmake --install /home/umarv/ws/build/sam_bot_description
[0.807s] DEBUG:colcon.colcon_core.event_handler.log_command:Invoked command in '/home/umarv/ws/build/nav2_gradient_costmap_plugin' returned '0': /usr/bin/cmake --build /home/umarv/ws/build/nav2_gradient_costmap_plugin -- -j8 -l8
[0.814s] Level 1:colcon.colcon_core.environment:create_environment_scripts_only(sam_bot_description)
[0.818s] DEBUG:colcon.colcon_core.event_handler.log_command:Invoked command in '/home/umarv/ws/build/sam_bot_description' returned '0': /usr/bin/cmake --install /home/umarv/ws/build/sam_bot_description
[0.821s] Level 1:colcon.colcon_core.environment:checking '/home/umarv/ws/install/sam_bot_description' for CMake module files
[0.822s] Level 1:colcon.colcon_core.environment:checking '/home/umarv/ws/install/sam_bot_description' for CMake config files
[0.822s] Level 1:colcon.colcon_core.shell:create_environment_hook('sam_bot_description', 'cmake_prefix_path')
[0.827s] INFO:colcon.colcon_core.shell:Creating environment hook '/home/umarv/ws/install/sam_bot_description/share/sam_bot_description/hook/cmake_prefix_path.ps1'
[0.828s] INFO:colcon.colcon_core.shell:Creating environment descriptor '/home/umarv/ws/install/sam_bot_description/share/sam_bot_description/hook/cmake_prefix_path.dsv'
[0.828s] INFO:colcon.colcon_core.shell:Creating environment hook '/home/umarv/ws/install/sam_bot_description/share/sam_bot_description/hook/cmake_prefix_path.sh'
[0.828s] Level 1:colcon.colcon_core.environment:checking '/home/umarv/ws/install/sam_bot_description/bin'
[0.829s] Level 1:colcon.colcon_core.environment:checking '/home/umarv/ws/install/sam_bot_description/lib/pkgconfig/sam_bot_description.pc'
[0.829s] Level 1:colcon.colcon_core.environment:checking '/home/umarv/ws/install/sam_bot_description/lib/python3.10/site-packages'
[0.829s] Level 1:colcon.colcon_core.environment:checking '/home/umarv/ws/install/sam_bot_description/bin'
[0.833s] INFO:colcon.colcon_core.shell:Creating package script '/home/umarv/ws/install/sam_bot_description/share/sam_bot_description/package.ps1'
[0.834s] INFO:colcon.colcon_core.shell:Creating package descriptor '/home/umarv/ws/install/sam_bot_description/share/sam_bot_description/package.dsv'
[0.834s] INFO:colcon.colcon_core.shell:Creating package script '/home/umarv/ws/install/sam_bot_description/share/sam_bot_description/package.sh'
[0.835s] INFO:colcon.colcon_core.shell:Creating package script '/home/umarv/ws/install/sam_bot_description/share/sam_bot_description/package.bash'
[0.836s] INFO:colcon.colcon_core.shell:Creating package script '/home/umarv/ws/install/sam_bot_description/share/sam_bot_description/package.zsh'
[0.836s] Level 1:colcon.colcon_core.environment:create_file_with_runtime_dependencies(/home/umarv/ws/install/sam_bot_description/share/colcon-core/packages/sam_bot_description)
[0.840s] DEBUG:colcon.colcon_core.event_handler.log_command:Invoking command in '/home/umarv/ws/build/nav2_gradient_costmap_plugin': /usr/bin/cmake --install /home/umarv/ws/build/nav2_gradient_costmap_plugin
[0.847s] Level 1:colcon.colcon_core.environment:create_environment_scripts_only(nav2_gradient_costmap_plugin)
[0.852s] DEBUG:colcon.colcon_core.event_handler.log_command:Invoked command in '/home/umarv/ws/build/nav2_gradient_costmap_plugin' returned '0': /usr/bin/cmake --install /home/umarv/ws/build/nav2_gradient_costmap_plugin
[0.855s] Level 1:colcon.colcon_core.environment:checking '/home/umarv/ws/install/nav2_gradient_costmap_plugin' for CMake module files
[0.856s] Level 1:colcon.colcon_core.environment:checking '/home/umarv/ws/install/nav2_gradient_costmap_plugin' for CMake config files
[0.856s] Level 1:colcon.colcon_core.shell:create_environment_hook('nav2_gradient_costmap_plugin', 'cmake_prefix_path')
[0.861s] INFO:colcon.colcon_core.shell:Creating environment hook '/home/umarv/ws/install/nav2_gradient_costmap_plugin/share/nav2_gradient_costmap_plugin/hook/cmake_prefix_path.ps1'
[0.861s] INFO:colcon.colcon_core.shell:Creating environment descriptor '/home/umarv/ws/install/nav2_gradient_costmap_plugin/share/nav2_gradient_costmap_plugin/hook/cmake_prefix_path.dsv'
[0.861s] INFO:colcon.colcon_core.shell:Creating environment hook '/home/umarv/ws/install/nav2_gradient_costmap_plugin/share/nav2_gradient_costmap_plugin/hook/cmake_prefix_path.sh'
[0.862s] Level 1:colcon.colcon_core.environment:checking '/home/umarv/ws/install/nav2_gradient_costmap_plugin/lib'
[0.862s] Level 1:colcon.colcon_core.shell:create_environment_hook('nav2_gradient_costmap_plugin', 'ld_library_path_lib')
[0.866s] INFO:colcon.colcon_core.shell:Creating environment hook '/home/umarv/ws/install/nav2_gradient_costmap_plugin/share/nav2_gradient_costmap_plugin/hook/ld_library_path_lib.ps1'
[0.867s] INFO:colcon.colcon_core.shell:Creating environment descriptor '/home/umarv/ws/install/nav2_gradient_costmap_plugin/share/nav2_gradient_costmap_plugin/hook/ld_library_path_lib.dsv'
[0.867s] INFO:colcon.colcon_core.shell:Creating environment hook '/home/umarv/ws/install/nav2_gradient_costmap_plugin/share/nav2_gradient_costmap_plugin/hook/ld_library_path_lib.sh'
[0.868s] Level 1:colcon.colcon_core.environment:checking '/home/umarv/ws/install/nav2_gradient_costmap_plugin/bin'
[0.868s] Level 1:colcon.colcon_core.environment:checking '/home/umarv/ws/install/nav2_gradient_costmap_plugin/lib/pkgconfig/nav2_gradient_costmap_plugin.pc'
[0.868s] Level 1:colcon.colcon_core.environment:checking '/home/umarv/ws/install/nav2_gradient_costmap_plugin/lib/python3.10/site-packages'
[0.868s] Level 1:colcon.colcon_core.environment:checking '/home/umarv/ws/install/nav2_gradient_costmap_plugin/bin'
[0.873s] INFO:colcon.colcon_core.shell:Creating package script '/home/umarv/ws/install/nav2_gradient_costmap_plugin/share/nav2_gradient_costmap_plugin/package.ps1'
[0.874s] INFO:colcon.colcon_core.shell:Creating package descriptor '/home/umarv/ws/install/nav2_gradient_costmap_plugin/share/nav2_gradient_costmap_plugin/package.dsv'
[0.874s] INFO:colcon.colcon_core.shell:Creating package script '/home/umarv/ws/install/nav2_gradient_costmap_plugin/share/nav2_gradient_costmap_plugin/package.sh'
[0.875s] INFO:colcon.colcon_core.shell:Creating package script '/home/umarv/ws/install/nav2_gradient_costmap_plugin/share/nav2_gradient_costmap_plugin/package.bash'
[0.875s] INFO:colcon.colcon_core.shell:Creating package script '/home/umarv/ws/install/nav2_gradient_costmap_plugin/share/nav2_gradient_costmap_plugin/package.zsh'
[0.875s] Level 1:colcon.colcon_core.environment:create_file_with_runtime_dependencies(/home/umarv/ws/install/nav2_gradient_costmap_plugin/share/colcon-core/packages/nav2_gradient_costmap_plugin)
[0.881s] Level 1:colcon.colcon_core.environment:create_environment_scripts_only(sam_bot_description)
[0.886s] Level 1:colcon.colcon_core.environment:checking '/home/umarv/ws/install/sam_bot_description' for CMake module files
[0.886s] Level 1:colcon.colcon_core.environment:checking '/home/umarv/ws/install/sam_bot_description' for CMake config files
[0.887s] Level 1:colcon.colcon_core.shell:create_environment_hook('sam_bot_description', 'cmake_prefix_path')
[0.891s] INFO:colcon.colcon_core.shell:Creating environment hook '/home/umarv/ws/install/sam_bot_description/share/sam_bot_description/hook/cmake_prefix_path.ps1'
[0.892s] INFO:colcon.colcon_core.shell:Creating environment descriptor '/home/umarv/ws/install/sam_bot_description/share/sam_bot_description/hook/cmake_prefix_path.dsv'
[0.892s] INFO:colcon.colcon_core.shell:Creating environment hook '/home/umarv/ws/install/sam_bot_description/share/sam_bot_description/hook/cmake_prefix_path.sh'
[0.893s] Level 1:colcon.colcon_core.environment:checking '/home/umarv/ws/install/sam_bot_description/bin'
[0.893s] Level 1:colcon.colcon_core.environment:checking '/home/umarv/ws/install/sam_bot_description/lib/pkgconfig/sam_bot_description.pc'
[0.893s] Level 1:colcon.colcon_core.environment:checking '/home/umarv/ws/install/sam_bot_description/lib/python3.10/site-packages'
[0.893s] Level 1:colcon.colcon_core.environment:checking '/home/umarv/ws/install/sam_bot_description/bin'
[0.900s] INFO:colcon.colcon_core.shell:Creating package script '/home/umarv/ws/install/sam_bot_description/share/sam_bot_description/package.ps1'
[0.901s] INFO:colcon.colcon_core.shell:Creating package descriptor '/home/umarv/ws/install/sam_bot_description/share/sam_bot_description/package.dsv'
[0.901s] INFO:colcon.colcon_core.shell:Creating package script '/home/umarv/ws/install/sam_bot_description/share/sam_bot_description/package.sh'
[0.901s] INFO:colcon.colcon_core.shell:Creating package script '/home/umarv/ws/install/sam_bot_description/share/sam_bot_description/package.bash'
[0.902s] INFO:colcon.colcon_core.shell:Creating package script '/home/umarv/ws/install/sam_bot_description/share/sam_bot_description/package.zsh'
[0.902s] Level 1:colcon.colcon_core.environment:create_file_with_runtime_dependencies(/home/umarv/ws/install/sam_bot_description/share/colcon-core/packages/sam_bot_description)
[0.909s] Level 1:colcon.colcon_core.environment:create_environment_scripts_only(nav2_gradient_costmap_plugin)
[0.914s] Level 1:colcon.colcon_core.environment:checking '/home/umarv/ws/install/nav2_gradient_costmap_plugin' for CMake module files
[0.914s] Level 1:colcon.colcon_core.environment:checking '/home/umarv/ws/install/nav2_gradient_costmap_plugin' for CMake config files
[0.915s] Level 1:colcon.colcon_core.shell:create_environment_hook('nav2_gradient_costmap_plugin', 'cmake_prefix_path')
[0.919s] INFO:colcon.colcon_core.shell:Creating environment hook '/home/umarv/ws/install/nav2_gradient_costmap_plugin/share/nav2_gradient_costmap_plugin/hook/cmake_prefix_path.ps1'
[0.919s] INFO:colcon.colcon_core.shell:Creating environment descriptor '/home/umarv/ws/install/nav2_gradient_costmap_plugin/share/nav2_gradient_costmap_plugin/hook/cmake_prefix_path.dsv'
[0.920s] INFO:colcon.colcon_core.shell:Creating environment hook '/home/umarv/ws/install/nav2_gradient_costmap_plugin/share/nav2_gradient_costmap_plugin/hook/cmake_prefix_path.sh'
[0.920s] Level 1:colcon.colcon_core.environment:checking '/home/umarv/ws/install/nav2_gradient_costmap_plugin/lib'
[0.920s] Level 1:colcon.colcon_core.shell:create_environment_hook('nav2_gradient_costmap_plugin', 'ld_library_path_lib')
[0.925s] INFO:colcon.colcon_core.shell:Creating environment hook '/home/umarv/ws/install/nav2_gradient_costmap_plugin/share/nav2_gradient_costmap_plugin/hook/ld_library_path_lib.ps1'
[0.926s] INFO:colcon.colcon_core.shell:Creating environment descriptor '/home/umarv/ws/install/nav2_gradient_costmap_plugin/share/nav2_gradient_costmap_plugin/hook/ld_library_path_lib.dsv'
[0.926s] INFO:colcon.colcon_core.shell:Creating environment hook '/home/umarv/ws/install/nav2_gradient_costmap_plugin/share/nav2_gradient_costmap_plugin/hook/ld_library_path_lib.sh'
[0.927s] Level 1:colcon.colcon_core.environment:checking '/home/umarv/ws/install/nav2_gradient_costmap_plugin/bin'
[0.927s] Level 1:colcon.colcon_core.environment:checking '/home/umarv/ws/install/nav2_gradient_costmap_plugin/lib/pkgconfig/nav2_gradient_costmap_plugin.pc'
[0.927s] Level 1:colcon.colcon_core.environment:checking '/home/umarv/ws/install/nav2_gradient_costmap_plugin/lib/python3.10/site-packages'
[0.927s] Level 1:colcon.colcon_core.environment:checking '/home/umarv/ws/install/nav2_gradient_costmap_plugin/bin'
[0.933s] INFO:colcon.colcon_core.shell:Creating package script '/home/umarv/ws/install/nav2_gradient_costmap_plugin/share/nav2_gradient_costmap_plugin/package.ps1'
[0.934s] INFO:colcon.colcon_core.shell:Creating package descriptor '/home/umarv/ws/install/nav2_gradient_costmap_plugin/share/nav2_gradient_costmap_plugin/package.dsv'
[0.935s] INFO:colcon.colcon_core.shell:Creating package script '/home/umarv/ws/install/nav2_gradient_costmap_plugin/share/nav2_gradient_costmap_plugin/package.sh'
[0.935s] INFO:colcon.colcon_core.shell:Creating package script '/home/umarv/ws/install/nav2_gradient_costmap_plugin/share/nav2_gradient_costmap_plugin/package.bash'
[0.936s] INFO:colcon.colcon_core.shell:Creating package script '/home/umarv/ws/install/nav2_gradient_costmap_plugin/share/nav2_gradient_costmap_plugin/package.zsh'
[0.936s] Level 1:colcon.colcon_core.environment:create_file_with_runtime_dependencies(/home/umarv/ws/install/nav2_gradient_costmap_plugin/share/colcon-core/packages/nav2_gradient_costmap_plugin)
[0.986s] DEBUG:colcon.colcon_core.event_handler.log_command:Invoking command in '/home/umarv/ws/src/navigation2_tutorials/nav2_gps_waypoint_follower_demo': PYTHONPATH=/home/umarv/ws/build/nav2_gps_waypoint_follower_demo/prefix_override:/home/umarv/ws/install/nav2_gps_waypoint_follower_demo/lib/python3.10/site-packages: /usr/bin/python3 setup.py egg_info --egg-base ../../../build/nav2_gps_waypoint_follower_demo build --build-base /home/umarv/ws/build/nav2_gps_waypoint_follower_demo/build install --record /home/umarv/ws/build/nav2_gps_waypoint_follower_demo/install.log --single-version-externally-managed
[1.247s] DEBUG:colcon.colcon_core.event_handler.log_command:Invoked command in '/home/umarv/ws/src/navigation2_tutorials/nav2_gps_waypoint_follower_demo' returned '0': PYTHONPATH=/home/umarv/ws/build/nav2_gps_waypoint_follower_demo/prefix_override:/home/umarv/ws/install/nav2_gps_waypoint_follower_demo/lib/python3.10/site-packages: /usr/bin/python3 setup.py egg_info --egg-base ../../../build/nav2_gps_waypoint_follower_demo build --build-base /home/umarv/ws/build/nav2_gps_waypoint_follower_demo/build install --record /home/umarv/ws/build/nav2_gps_waypoint_follower_demo/install.log --single-version-externally-managed
[1.252s] Level 1:colcon.colcon_core.environment:checking '/home/umarv/ws/install/nav2_gps_waypoint_follower_demo' for CMake module files
[1.252s] Level 1:colcon.colcon_core.environment:checking '/home/umarv/ws/install/nav2_gps_waypoint_follower_demo' for CMake config files
[1.253s] Level 1:colcon.colcon_core.environment:checking '/home/umarv/ws/install/nav2_gps_waypoint_follower_demo/lib'
[1.253s] Level 1:colcon.colcon_core.environment:checking '/home/umarv/ws/install/nav2_gps_waypoint_follower_demo/bin'
[1.253s] Level 1:colcon.colcon_core.environment:checking '/home/umarv/ws/install/nav2_gps_waypoint_follower_demo/lib/pkgconfig/nav2_gps_waypoint_follower_demo.pc'
[1.254s] Level 1:colcon.colcon_core.environment:checking '/home/umarv/ws/install/nav2_gps_waypoint_follower_demo/lib/python3.10/site-packages'
[1.254s] Level 1:colcon.colcon_core.shell:create_environment_hook('nav2_gps_waypoint_follower_demo', 'pythonpath')
[1.261s] INFO:colcon.colcon_core.shell:Creating environment hook '/home/umarv/ws/install/nav2_gps_waypoint_follower_demo/share/nav2_gps_waypoint_follower_demo/hook/pythonpath.ps1'
[1.262s] INFO:colcon.colcon_core.shell:Creating environment descriptor '/home/umarv/ws/install/nav2_gps_waypoint_follower_demo/share/nav2_gps_waypoint_follower_demo/hook/pythonpath.dsv'
[1.262s] INFO:colcon.colcon_core.shell:Creating environment hook '/home/umarv/ws/install/nav2_gps_waypoint_follower_demo/share/nav2_gps_waypoint_follower_demo/hook/pythonpath.sh'
[1.263s] Level 1:colcon.colcon_core.environment:checking '/home/umarv/ws/install/nav2_gps_waypoint_follower_demo/bin'
[1.263s] Level 1:colcon.colcon_core.environment:create_environment_scripts_only(nav2_gps_waypoint_follower_demo)
[1.268s] INFO:colcon.colcon_core.shell:Creating package script '/home/umarv/ws/install/nav2_gps_waypoint_follower_demo/share/nav2_gps_waypoint_follower_demo/package.ps1'
[1.268s] INFO:colcon.colcon_core.shell:Creating package descriptor '/home/umarv/ws/install/nav2_gps_waypoint_follower_demo/share/nav2_gps_waypoint_follower_demo/package.dsv'
[1.269s] INFO:colcon.colcon_core.shell:Creating package script '/home/umarv/ws/install/nav2_gps_waypoint_follower_demo/share/nav2_gps_waypoint_follower_demo/package.sh'
[1.269s] INFO:colcon.colcon_core.shell:Creating package script '/home/umarv/ws/install/nav2_gps_waypoint_follower_demo/share/nav2_gps_waypoint_follower_demo/package.bash'
[1.270s] INFO:colcon.colcon_core.shell:Creating package script '/home/umarv/ws/install/nav2_gps_waypoint_follower_demo/share/nav2_gps_waypoint_follower_demo/package.zsh'
[1.270s] Level 1:colcon.colcon_core.environment:create_file_with_runtime_dependencies(/home/umarv/ws/install/nav2_gps_waypoint_follower_demo/share/colcon-core/packages/nav2_gps_waypoint_follower_demo)
[4.498s] DEBUG:colcon.colcon_core.event_handler.log_command:Invoked command in '/home/umarv/ws/build/nav2_straightline_planner' returned '2': /usr/bin/cmake --build /home/umarv/ws/build/nav2_straightline_planner -- -j8 -l8
[4.517s] Level 1:colcon.colcon_core.environment:create_environment_scripts_only(nav2_straightline_planner)
[4.522s] Level 1:colcon.colcon_core.environment:checking '/home/umarv/ws/install/nav2_straightline_planner' for CMake module files
[4.522s] Level 1:colcon.colcon_core.environment:checking '/home/umarv/ws/install/nav2_straightline_planner' for CMake config files
[4.522s] Level 1:colcon.colcon_core.shell:create_environment_hook('nav2_straightline_planner', 'cmake_prefix_path')
[4.527s] INFO:colcon.colcon_core.shell:Creating environment hook '/home/umarv/ws/install/nav2_straightline_planner/share/nav2_straightline_planner/hook/cmake_prefix_path.ps1'
[4.528s] INFO:colcon.colcon_core.shell:Creating environment descriptor '/home/umarv/ws/install/nav2_straightline_planner/share/nav2_straightline_planner/hook/cmake_prefix_path.dsv'
[4.528s] INFO:colcon.colcon_core.shell:Creating environment hook '/home/umarv/ws/install/nav2_straightline_planner/share/nav2_straightline_planner/hook/cmake_prefix_path.sh'
[4.529s] Level 1:colcon.colcon_core.environment:checking '/home/umarv/ws/install/nav2_straightline_planner/lib'
[4.529s] Level 1:colcon.colcon_core.shell:create_environment_hook('nav2_straightline_planner', 'ld_library_path_lib')
[4.533s] INFO:colcon.colcon_core.shell:Creating environment hook '/home/umarv/ws/install/nav2_straightline_planner/share/nav2_straightline_planner/hook/ld_library_path_lib.ps1'
[4.533s] INFO:colcon.colcon_core.shell:Creating environment descriptor '/home/umarv/ws/install/nav2_straightline_planner/share/nav2_straightline_planner/hook/ld_library_path_lib.dsv'
[4.534s] INFO:colcon.colcon_core.shell:Creating environment hook '/home/umarv/ws/install/nav2_straightline_planner/share/nav2_straightline_planner/hook/ld_library_path_lib.sh'
[4.534s] Level 1:colcon.colcon_core.environment:checking '/home/umarv/ws/install/nav2_straightline_planner/bin'
[4.534s] Level 1:colcon.colcon_core.environment:checking '/home/umarv/ws/install/nav2_straightline_planner/lib/pkgconfig/nav2_straightline_planner.pc'
[4.534s] Level 1:colcon.colcon_core.environment:checking '/home/umarv/ws/install/nav2_straightline_planner/lib/python3.10/site-packages'
[4.535s] Level 1:colcon.colcon_core.environment:checking '/home/umarv/ws/install/nav2_straightline_planner/bin'
[4.539s] INFO:colcon.colcon_core.shell:Creating package script '/home/umarv/ws/install/nav2_straightline_planner/share/nav2_straightline_planner/package.ps1'
[4.539s] INFO:colcon.colcon_core.shell:Creating package descriptor '/home/umarv/ws/install/nav2_straightline_planner/share/nav2_straightline_planner/package.dsv'
[4.540s] INFO:colcon.colcon_core.shell:Creating package script '/home/umarv/ws/install/nav2_straightline_planner/share/nav2_straightline_planner/package.sh'
[4.540s] INFO:colcon.colcon_core.shell:Creating package script '/home/umarv/ws/install/nav2_straightline_planner/share/nav2_straightline_planner/package.bash'
[4.541s] INFO:colcon.colcon_core.shell:Creating package script '/home/umarv/ws/install/nav2_straightline_planner/share/nav2_straightline_planner/package.zsh'
[4.541s] Level 1:colcon.colcon_core.environment:create_file_with_runtime_dependencies(/home/umarv/ws/install/nav2_straightline_planner/share/colcon-core/packages/nav2_straightline_planner)
[4.552s] DEBUG:colcon.colcon_parallel_executor.executor.parallel:closing loop
[4.552s] DEBUG:colcon.colcon_parallel_executor.executor.parallel:loop closed
[4.552s] DEBUG:colcon.colcon_parallel_executor.executor.parallel:run_until_complete finished with '2'
[4.552s] DEBUG:colcon.colcon_core.event_reactor:joining thread
[4.562s] INFO:colcon.colcon_core.plugin_system:Skipping extension 'colcon_notification.desktop_notification.notify_send': Could not find 'notify-send'
[4.562s] INFO:colcon.colcon_core.plugin_system:Skipping extension 'colcon_notification.desktop_notification.terminal_notifier': Not used on non-Darwin systems
[4.562s] INFO:colcon.colcon_core.plugin_system:Skipping extension 'colcon_notification.desktop_notification.win32': Not used on non-Windows systems
[4.562s] INFO:colcon.colcon_notification.desktop_notification:Sending desktop notification using 'notify2'
[4.564s] DEBUG:colcon.colcon_notification.desktop_notification.notify2:Failed to initialize notify2: org.freedesktop.DBus.Error.Spawn.ExecFailed: /usr/bin/dbus-launch terminated abnormally without any error message
[4.564s] DEBUG:colcon.colcon_core.event_reactor:joined thread
[4.570s] INFO:colcon.colcon_core.shell:Creating prefix script '/home/umarv/ws/install/local_setup.ps1'
[4.571s] INFO:colcon.colcon_core.shell:Creating prefix util module '/home/umarv/ws/install/_local_setup_util_ps1.py'
[4.572s] INFO:colcon.colcon_core.shell:Creating prefix chain script '/home/umarv/ws/install/setup.ps1'
[4.577s] INFO:colcon.colcon_core.shell:Creating prefix script '/home/umarv/ws/install/local_setup.sh'
[4.578s] INFO:colcon.colcon_core.shell:Creating prefix util module '/home/umarv/ws/install/_local_setup_util_sh.py'
[4.578s] INFO:colcon.colcon_core.shell:Creating prefix chain script '/home/umarv/ws/install/setup.sh'
[4.584s] INFO:colcon.colcon_core.shell:Creating prefix script '/home/umarv/ws/install/local_setup.bash'
[4.585s] INFO:colcon.colcon_core.shell:Creating prefix chain script '/home/umarv/ws/install/setup.bash'
[4.590s] INFO:colcon.colcon_core.shell:Creating prefix script '/home/umarv/ws/install/local_setup.zsh'
[4.590s] INFO:colcon.colcon_core.shell:Creating prefix chain script '/home/umarv/ws/install/setup.zsh'
