[0.187s] Invoking command in '/home/umarv/ws/src/build/nav2_sms_behavior': /usr/bin/cmake --build /home/umarv/ws/src/build/nav2_sms_behavior -- -j8 -l8
[0.217s] [35m[1mConsolidate compiler generated dependencies of target nav2_sms_behavior__rosidl_generator_c[0m
[0.224s] [  2%] Built target nav2_sms_behavior__cpp
[0.228s] [ 11%] Built target nav2_sms_behavior__rosidl_generator_c
[0.233s] [35m[1mConsolidate compiler generated dependencies of target nav2_sms_behavior__rosidl_typesupport_cpp[0m
[0.235s] [ 11%] Built target ament_cmake_python_copy_nav2_sms_behavior
[0.236s] [35m[1mConsolidate compiler generated dependencies of target nav2_sms_behavior__rosidl_typesupport_introspection_cpp[0m
[0.242s] [35m[1mConsolidate compiler generated dependencies of target nav2_sms_behavior__rosidl_typesupport_fastrtps_cpp[0m
[0.249s] [35m[1mConsolidate compiler generated dependencies of target nav2_sms_behavior__rosidl_typesupport_fastrtps_c[0m
[0.249s] [35m[1mConsolidate compiler generated dependencies of target nav2_sms_behavior__rosidl_typesupport_introspection_c[0m
[0.249s] [35m[1mConsolidate compiler generated dependencies of target nav2_sms_behavior__rosidl_typesupport_c[0m
[0.251s] [ 20%] Built target nav2_sms_behavior__rosidl_typesupport_cpp
[0.256s] [ 29%] Built target nav2_sms_behavior__rosidl_typesupport_introspection_cpp
[0.258s] [ 38%] Built target nav2_sms_behavior__rosidl_typesupport_c
[0.259s] [ 47%] Built target nav2_sms_behavior__rosidl_typesupport_introspection_c
[0.263s] [ 55%] Built target nav2_sms_behavior__rosidl_typesupport_fastrtps_cpp
[0.263s] [ 64%] Built target nav2_sms_behavior__rosidl_typesupport_fastrtps_c
[0.269s] [35m[1mConsolidate compiler generated dependencies of target nav2_sms_behavior_plugin[0m
[0.282s] [ 64%] Built target nav2_sms_behavior
[0.290s] [ 73%] Built target nav2_sms_behavior_plugin
[0.297s] [ 76%] Built target nav2_sms_behavior__py
[0.304s] [35m[1mConsolidate compiler generated dependencies of target nav2_sms_behavior__rosidl_generator_py[0m
[0.313s] [ 82%] Built target nav2_sms_behavior__rosidl_generator_py
[0.323s] [35m[1mConsolidate compiler generated dependencies of target nav2_sms_behavior__rosidl_typesupport_introspection_c__pyext[0m
[0.323s] [35m[1mConsolidate compiler generated dependencies of target nav2_sms_behavior__rosidl_typesupport_fastrtps_c__pyext[0m
[0.336s] [35m[1mConsolidate compiler generated dependencies of target nav2_sms_behavior__rosidl_typesupport_c__pyext[0m
[0.337s] [ 88%] Built target nav2_sms_behavior__rosidl_typesupport_introspection_c__pyext
[0.337s] [ 94%] Built target nav2_sms_behavior__rosidl_typesupport_c__pyext
[0.337s] [100%] Built target nav2_sms_behavior__rosidl_typesupport_fastrtps_c__pyext
[0.415s] running egg_info
[0.415s] writing nav2_sms_behavior.egg-info/PKG-INFO
[0.417s] writing dependency_links to nav2_sms_behavior.egg-info/dependency_links.txt
[0.418s] writing top-level names to nav2_sms_behavior.egg-info/top_level.txt
[0.419s] reading manifest file 'nav2_sms_behavior.egg-info/SOURCES.txt'
[0.419s] writing manifest file 'nav2_sms_behavior.egg-info/SOURCES.txt'
[0.439s] [100%] Built target ament_cmake_python_build_nav2_sms_behavior_egg
[0.479s] Invoked command in '/home/umarv/ws/src/build/nav2_sms_behavior' returned '0': /usr/bin/cmake --build /home/umarv/ws/src/build/nav2_sms_behavior -- -j8 -l8
[0.518s] Invoking command in '/home/umarv/ws/src/build/nav2_sms_behavior': /usr/bin/cmake --install /home/umarv/ws/src/build/nav2_sms_behavior
[0.525s] -- Install configuration: ""
[0.525s] -- Installing: /home/umarv/ws/src/install/nav2_sms_behavior/share/ament_index/resource_index/rosidl_interfaces/nav2_sms_behavior
[0.526s] -- Installing: /home/umarv/ws/src/install/nav2_sms_behavior/include/nav2_sms_behavior/nav2_sms_behavior
[0.526s] -- Installing: /home/umarv/ws/src/install/nav2_sms_behavior/include/nav2_sms_behavior/nav2_sms_behavior/msg
[0.526s] -- Installing: /home/umarv/ws/src/install/nav2_sms_behavior/include/nav2_sms_behavior/nav2_sms_behavior/msg/rosidl_generator_c__visibility_control.h
[0.527s] -- Installing: /home/umarv/ws/src/install/nav2_sms_behavior/include/nav2_sms_behavior/nav2_sms_behavior/action
[0.527s] -- Installing: /home/umarv/ws/src/install/nav2_sms_behavior/include/nav2_sms_behavior/nav2_sms_behavior/action/send_sms.h
[0.527s] -- Installing: /home/umarv/ws/src/install/nav2_sms_behavior/include/nav2_sms_behavior/nav2_sms_behavior/action/detail
[0.527s] -- Installing: /home/umarv/ws/src/install/nav2_sms_behavior/include/nav2_sms_behavior/nav2_sms_behavior/action/detail/send_sms__functions.h
[0.527s] -- Installing: /home/umarv/ws/src/install/nav2_sms_behavior/include/nav2_sms_behavior/nav2_sms_behavior/action/detail/send_sms__functions.c
[0.527s] -- Installing: /home/umarv/ws/src/install/nav2_sms_behavior/include/nav2_sms_behavior/nav2_sms_behavior/action/detail/send_sms__struct.h
[0.527s] -- Installing: /home/umarv/ws/src/install/nav2_sms_behavior/include/nav2_sms_behavior/nav2_sms_behavior/action/detail/send_sms__type_support.h
[0.527s] -- Installing: /home/umarv/ws/src/install/nav2_sms_behavior/share/nav2_sms_behavior/environment/library_path.sh
[0.528s] -- Installing: /home/umarv/ws/src/install/nav2_sms_behavior/share/nav2_sms_behavior/environment/library_path.dsv
[0.528s] -- Installing: /home/umarv/ws/src/install/nav2_sms_behavior/lib/libnav2_sms_behavior__rosidl_generator_c.so
[0.528s] -- Set runtime path of "/home/umarv/ws/src/install/nav2_sms_behavior/lib/libnav2_sms_behavior__rosidl_generator_c.so" to ""
[0.529s] -- Up-to-date: /home/umarv/ws/src/install/nav2_sms_behavior/include/nav2_sms_behavior/nav2_sms_behavior
[0.529s] -- Up-to-date: /home/umarv/ws/src/install/nav2_sms_behavior/include/nav2_sms_behavior/nav2_sms_behavior/msg
[0.529s] -- Installing: /home/umarv/ws/src/install/nav2_sms_behavior/include/nav2_sms_behavior/nav2_sms_behavior/msg/rosidl_typesupport_fastrtps_c__visibility_control.h
[0.529s] -- Up-to-date: /home/umarv/ws/src/install/nav2_sms_behavior/include/nav2_sms_behavior/nav2_sms_behavior/action
[0.529s] -- Up-to-date: /home/umarv/ws/src/install/nav2_sms_behavior/include/nav2_sms_behavior/nav2_sms_behavior/action/detail
[0.529s] -- Installing: /home/umarv/ws/src/install/nav2_sms_behavior/include/nav2_sms_behavior/nav2_sms_behavior/action/detail/send_sms__rosidl_typesupport_fastrtps_c.h
[0.530s] -- Installing: /home/umarv/ws/src/install/nav2_sms_behavior/lib/libnav2_sms_behavior__rosidl_typesupport_fastrtps_c.so
[0.530s] -- Set runtime path of "/home/umarv/ws/src/install/nav2_sms_behavior/lib/libnav2_sms_behavior__rosidl_typesupport_fastrtps_c.so" to ""
[0.530s] -- Up-to-date: /home/umarv/ws/src/install/nav2_sms_behavior/include/nav2_sms_behavior/nav2_sms_behavior
[0.530s] -- Up-to-date: /home/umarv/ws/src/install/nav2_sms_behavior/include/nav2_sms_behavior/nav2_sms_behavior/action
[0.530s] -- Installing: /home/umarv/ws/src/install/nav2_sms_behavior/include/nav2_sms_behavior/nav2_sms_behavior/action/send_sms.hpp
[0.530s] -- Up-to-date: /home/umarv/ws/src/install/nav2_sms_behavior/include/nav2_sms_behavior/nav2_sms_behavior/action/detail
[0.530s] -- Installing: /home/umarv/ws/src/install/nav2_sms_behavior/include/nav2_sms_behavior/nav2_sms_behavior/action/detail/send_sms__struct.hpp
[0.530s] -- Installing: /home/umarv/ws/src/install/nav2_sms_behavior/include/nav2_sms_behavior/nav2_sms_behavior/action/detail/send_sms__traits.hpp
[0.531s] -- Installing: /home/umarv/ws/src/install/nav2_sms_behavior/include/nav2_sms_behavior/nav2_sms_behavior/action/detail/send_sms__builder.hpp
[0.531s] -- Up-to-date: /home/umarv/ws/src/install/nav2_sms_behavior/include/nav2_sms_behavior/nav2_sms_behavior
[0.531s] -- Up-to-date: /home/umarv/ws/src/install/nav2_sms_behavior/include/nav2_sms_behavior/nav2_sms_behavior/msg
[0.531s] -- Installing: /home/umarv/ws/src/install/nav2_sms_behavior/include/nav2_sms_behavior/nav2_sms_behavior/msg/rosidl_typesupport_fastrtps_cpp__visibility_control.h
[0.531s] -- Up-to-date: /home/umarv/ws/src/install/nav2_sms_behavior/include/nav2_sms_behavior/nav2_sms_behavior/action
[0.531s] -- Up-to-date: /home/umarv/ws/src/install/nav2_sms_behavior/include/nav2_sms_behavior/nav2_sms_behavior/action/detail
[0.531s] -- Installing: /home/umarv/ws/src/install/nav2_sms_behavior/include/nav2_sms_behavior/nav2_sms_behavior/action/detail/dds_fastrtps
[0.532s] -- Installing: /home/umarv/ws/src/install/nav2_sms_behavior/include/nav2_sms_behavior/nav2_sms_behavior/action/detail/send_sms__rosidl_typesupport_fastrtps_cpp.hpp
[0.532s] -- Installing: /home/umarv/ws/src/install/nav2_sms_behavior/lib/libnav2_sms_behavior__rosidl_typesupport_fastrtps_cpp.so
[0.532s] -- Set runtime path of "/home/umarv/ws/src/install/nav2_sms_behavior/lib/libnav2_sms_behavior__rosidl_typesupport_fastrtps_cpp.so" to ""
[0.532s] -- Up-to-date: /home/umarv/ws/src/install/nav2_sms_behavior/include/nav2_sms_behavior/nav2_sms_behavior
[0.532s] -- Up-to-date: /home/umarv/ws/src/install/nav2_sms_behavior/include/nav2_sms_behavior/nav2_sms_behavior/msg
[0.532s] -- Installing: /home/umarv/ws/src/install/nav2_sms_behavior/include/nav2_sms_behavior/nav2_sms_behavior/msg/rosidl_typesupport_introspection_c__visibility_control.h
[0.532s] -- Up-to-date: /home/umarv/ws/src/install/nav2_sms_behavior/include/nav2_sms_behavior/nav2_sms_behavior/action
[0.533s] -- Up-to-date: /home/umarv/ws/src/install/nav2_sms_behavior/include/nav2_sms_behavior/nav2_sms_behavior/action/detail
[0.533s] -- Installing: /home/umarv/ws/src/install/nav2_sms_behavior/include/nav2_sms_behavior/nav2_sms_behavior/action/detail/send_sms__type_support.c
[0.533s] -- Installing: /home/umarv/ws/src/install/nav2_sms_behavior/include/nav2_sms_behavior/nav2_sms_behavior/action/detail/send_sms__rosidl_typesupport_introspection_c.h
[0.533s] -- Installing: /home/umarv/ws/src/install/nav2_sms_behavior/lib/libnav2_sms_behavior__rosidl_typesupport_introspection_c.so
[0.533s] -- Set runtime path of "/home/umarv/ws/src/install/nav2_sms_behavior/lib/libnav2_sms_behavior__rosidl_typesupport_introspection_c.so" to ""
[0.533s] -- Installing: /home/umarv/ws/src/install/nav2_sms_behavior/lib/libnav2_sms_behavior__rosidl_typesupport_c.so
[0.533s] -- Set runtime path of "/home/umarv/ws/src/install/nav2_sms_behavior/lib/libnav2_sms_behavior__rosidl_typesupport_c.so" to ""
[0.534s] -- Up-to-date: /home/umarv/ws/src/install/nav2_sms_behavior/include/nav2_sms_behavior/nav2_sms_behavior
[0.534s] -- Up-to-date: /home/umarv/ws/src/install/nav2_sms_behavior/include/nav2_sms_behavior/nav2_sms_behavior/action
[0.534s] -- Up-to-date: /home/umarv/ws/src/install/nav2_sms_behavior/include/nav2_sms_behavior/nav2_sms_behavior/action/detail
[0.534s] -- Installing: /home/umarv/ws/src/install/nav2_sms_behavior/include/nav2_sms_behavior/nav2_sms_behavior/action/detail/send_sms__type_support.cpp
[0.534s] -- Installing: /home/umarv/ws/src/install/nav2_sms_behavior/include/nav2_sms_behavior/nav2_sms_behavior/action/detail/send_sms__rosidl_typesupport_introspection_cpp.hpp
[0.534s] -- Installing: /home/umarv/ws/src/install/nav2_sms_behavior/lib/libnav2_sms_behavior__rosidl_typesupport_introspection_cpp.so
[0.534s] -- Set runtime path of "/home/umarv/ws/src/install/nav2_sms_behavior/lib/libnav2_sms_behavior__rosidl_typesupport_introspection_cpp.so" to ""
[0.535s] -- Installing: /home/umarv/ws/src/install/nav2_sms_behavior/lib/libnav2_sms_behavior__rosidl_typesupport_cpp.so
[0.535s] -- Set runtime path of "/home/umarv/ws/src/install/nav2_sms_behavior/lib/libnav2_sms_behavior__rosidl_typesupport_cpp.so" to ""
[0.535s] -- Installing: /home/umarv/ws/src/install/nav2_sms_behavior/share/nav2_sms_behavior/environment/pythonpath.sh
[0.535s] -- Installing: /home/umarv/ws/src/install/nav2_sms_behavior/share/nav2_sms_behavior/environment/pythonpath.dsv
[0.535s] -- Installing: /home/umarv/ws/src/install/nav2_sms_behavior/local/lib/python3.10/dist-packages/nav2_sms_behavior-1.0.0-py3.10.egg-info
[0.535s] -- Installing: /home/umarv/ws/src/install/nav2_sms_behavior/local/lib/python3.10/dist-packages/nav2_sms_behavior-1.0.0-py3.10.egg-info/top_level.txt
[0.535s] -- Installing: /home/umarv/ws/src/install/nav2_sms_behavior/local/lib/python3.10/dist-packages/nav2_sms_behavior-1.0.0-py3.10.egg-info/dependency_links.txt
[0.535s] -- Installing: /home/umarv/ws/src/install/nav2_sms_behavior/local/lib/python3.10/dist-packages/nav2_sms_behavior-1.0.0-py3.10.egg-info/SOURCES.txt
[0.536s] -- Installing: /home/umarv/ws/src/install/nav2_sms_behavior/local/lib/python3.10/dist-packages/nav2_sms_behavior-1.0.0-py3.10.egg-info/PKG-INFO
[0.536s] -- Installing: /home/umarv/ws/src/install/nav2_sms_behavior/local/lib/python3.10/dist-packages/nav2_sms_behavior
[0.536s] -- Installing: /home/umarv/ws/src/install/nav2_sms_behavior/local/lib/python3.10/dist-packages/nav2_sms_behavior/_nav2_sms_behavior_s.ep.rosidl_typesupport_fastrtps_c.c
[0.536s] -- Installing: /home/umarv/ws/src/install/nav2_sms_behavior/local/lib/python3.10/dist-packages/nav2_sms_behavior/_nav2_sms_behavior_s.ep.rosidl_typesupport_c.c
[0.536s] -- Installing: /home/umarv/ws/src/install/nav2_sms_behavior/local/lib/python3.10/dist-packages/nav2_sms_behavior/nav2_sms_behavior_s__rosidl_typesupport_fastrtps_c.cpython-310-x86_64-linux-gnu.so
[0.536s] -- Installing: /home/umarv/ws/src/install/nav2_sms_behavior/local/lib/python3.10/dist-packages/nav2_sms_behavior/_nav2_sms_behavior_s.ep.rosidl_typesupport_introspection_c.c
[0.536s] -- Installing: /home/umarv/ws/src/install/nav2_sms_behavior/local/lib/python3.10/dist-packages/nav2_sms_behavior/nav2_sms_behavior_s__rosidl_typesupport_c.cpython-310-x86_64-linux-gnu.so
[0.536s] -- Installing: /home/umarv/ws/src/install/nav2_sms_behavior/local/lib/python3.10/dist-packages/nav2_sms_behavior/__init__.py
[0.536s] -- Installing: /home/umarv/ws/src/install/nav2_sms_behavior/local/lib/python3.10/dist-packages/nav2_sms_behavior/nav2_sms_behavior_s__rosidl_typesupport_introspection_c.cpython-310-x86_64-linux-gnu.so
[0.537s] -- Installing: /home/umarv/ws/src/install/nav2_sms_behavior/local/lib/python3.10/dist-packages/nav2_sms_behavior/action
[0.537s] -- Installing: /home/umarv/ws/src/install/nav2_sms_behavior/local/lib/python3.10/dist-packages/nav2_sms_behavior/action/_send_sms.py
[0.537s] -- Installing: /home/umarv/ws/src/install/nav2_sms_behavior/local/lib/python3.10/dist-packages/nav2_sms_behavior/action/_send_sms_s.c
[0.537s] -- Installing: /home/umarv/ws/src/install/nav2_sms_behavior/local/lib/python3.10/dist-packages/nav2_sms_behavior/action/__init__.py
[0.537s] -- Installing: /home/umarv/ws/src/install/nav2_sms_behavior/local/lib/python3.10/dist-packages/nav2_sms_behavior/libnav2_sms_behavior__rosidl_generator_py.so
[0.565s] Listing '/home/umarv/ws/src/install/nav2_sms_behavior/local/lib/python3.10/dist-packages/nav2_sms_behavior'...
[0.565s] Compiling '/home/umarv/ws/src/install/nav2_sms_behavior/local/lib/python3.10/dist-packages/nav2_sms_behavior/__init__.py'...
[0.565s] Listing '/home/umarv/ws/src/install/nav2_sms_behavior/local/lib/python3.10/dist-packages/nav2_sms_behavior/action'...
[0.566s] Compiling '/home/umarv/ws/src/install/nav2_sms_behavior/local/lib/python3.10/dist-packages/nav2_sms_behavior/action/__init__.py'...
[0.566s] Compiling '/home/umarv/ws/src/install/nav2_sms_behavior/local/lib/python3.10/dist-packages/nav2_sms_behavior/action/_send_sms.py'...
[0.569s] -- Installing: /home/umarv/ws/src/install/nav2_sms_behavior/local/lib/python3.10/dist-packages/nav2_sms_behavior/nav2_sms_behavior_s__rosidl_typesupport_fastrtps_c.cpython-310-x86_64-linux-gnu.so
[0.569s] -- Set runtime path of "/home/umarv/ws/src/install/nav2_sms_behavior/local/lib/python3.10/dist-packages/nav2_sms_behavior/nav2_sms_behavior_s__rosidl_typesupport_fastrtps_c.cpython-310-x86_64-linux-gnu.so" to ""
[0.569s] -- Installing: /home/umarv/ws/src/install/nav2_sms_behavior/local/lib/python3.10/dist-packages/nav2_sms_behavior/nav2_sms_behavior_s__rosidl_typesupport_introspection_c.cpython-310-x86_64-linux-gnu.so
[0.570s] -- Set runtime path of "/home/umarv/ws/src/install/nav2_sms_behavior/local/lib/python3.10/dist-packages/nav2_sms_behavior/nav2_sms_behavior_s__rosidl_typesupport_introspection_c.cpython-310-x86_64-linux-gnu.so" to ""
[0.570s] -- Installing: /home/umarv/ws/src/install/nav2_sms_behavior/local/lib/python3.10/dist-packages/nav2_sms_behavior/nav2_sms_behavior_s__rosidl_typesupport_c.cpython-310-x86_64-linux-gnu.so
[0.570s] -- Set runtime path of "/home/umarv/ws/src/install/nav2_sms_behavior/local/lib/python3.10/dist-packages/nav2_sms_behavior/nav2_sms_behavior_s__rosidl_typesupport_c.cpython-310-x86_64-linux-gnu.so" to ""
[0.570s] -- Installing: /home/umarv/ws/src/install/nav2_sms_behavior/lib/libnav2_sms_behavior__rosidl_generator_py.so
[0.570s] -- Set runtime path of "/home/umarv/ws/src/install/nav2_sms_behavior/lib/libnav2_sms_behavior__rosidl_generator_py.so" to ""
[0.570s] -- Installing: /home/umarv/ws/src/install/nav2_sms_behavior/share/nav2_sms_behavior/action/SendSms.idl
[0.570s] -- Installing: /home/umarv/ws/src/install/nav2_sms_behavior/share/nav2_sms_behavior/action/SendSms.action
[0.571s] -- Installing: /home/umarv/ws/src/install/nav2_sms_behavior/share/nav2_sms_behavior/behavior_plugin.xml
[0.571s] -- Installing: /home/umarv/ws/src/install/nav2_sms_behavior/lib/libnav2_sms_behavior_plugin.so
[0.573s] -- Set runtime path of "/home/umarv/ws/src/install/nav2_sms_behavior/lib/libnav2_sms_behavior_plugin.so" to ""
[0.574s] -- Up-to-date: /home/umarv/ws/src/install/nav2_sms_behavior/include/
[0.574s] -- Up-to-date: /home/umarv/ws/src/install/nav2_sms_behavior/include//nav2_sms_behavior
[0.574s] -- Installing: /home/umarv/ws/src/install/nav2_sms_behavior/include//nav2_sms_behavior/send_sms.hpp
[0.574s] -- Installing: /home/umarv/ws/src/install/nav2_sms_behavior/include//nav2_sms_behavior/type_conversion.hpp
[0.574s] -- Installing: /home/umarv/ws/src/install/nav2_sms_behavior/include//nav2_sms_behavior/twilio.hpp
[0.574s] -- Up-to-date: /home/umarv/ws/src/install/nav2_sms_behavior/share/nav2_sms_behavior/behavior_plugin.xml
[0.574s] -- Installing: /home/umarv/ws/src/install/nav2_sms_behavior/share/ament_index/resource_index/package_run_dependencies/nav2_sms_behavior
[0.575s] -- Installing: /home/umarv/ws/src/install/nav2_sms_behavior/share/ament_index/resource_index/parent_prefix_path/nav2_sms_behavior
[0.575s] -- Installing: /home/umarv/ws/src/install/nav2_sms_behavior/share/nav2_sms_behavior/environment/ament_prefix_path.sh
[0.575s] -- Installing: /home/umarv/ws/src/install/nav2_sms_behavior/share/nav2_sms_behavior/environment/ament_prefix_path.dsv
[0.575s] -- Installing: /home/umarv/ws/src/install/nav2_sms_behavior/share/nav2_sms_behavior/environment/path.sh
[0.575s] -- Installing: /home/umarv/ws/src/install/nav2_sms_behavior/share/nav2_sms_behavior/environment/path.dsv
[0.576s] -- Installing: /home/umarv/ws/src/install/nav2_sms_behavior/share/nav2_sms_behavior/local_setup.bash
[0.576s] -- Installing: /home/umarv/ws/src/install/nav2_sms_behavior/share/nav2_sms_behavior/local_setup.sh
[0.576s] -- Installing: /home/umarv/ws/src/install/nav2_sms_behavior/share/nav2_sms_behavior/local_setup.zsh
[0.576s] -- Installing: /home/umarv/ws/src/install/nav2_sms_behavior/share/nav2_sms_behavior/local_setup.dsv
[0.576s] -- Installing: /home/umarv/ws/src/install/nav2_sms_behavior/share/nav2_sms_behavior/package.dsv
[0.576s] -- Installing: /home/umarv/ws/src/install/nav2_sms_behavior/share/ament_index/resource_index/packages/nav2_sms_behavior
[0.576s] -- Installing: /home/umarv/ws/src/install/nav2_sms_behavior/share/ament_index/resource_index/nav2_core__pluginlib__plugin/nav2_sms_behavior
[0.576s] -- Installing: /home/umarv/ws/src/install/nav2_sms_behavior/share/nav2_sms_behavior/cmake/export_nav2_sms_behavior__rosidl_generator_cExport.cmake
[0.576s] -- Installing: /home/umarv/ws/src/install/nav2_sms_behavior/share/nav2_sms_behavior/cmake/export_nav2_sms_behavior__rosidl_generator_cExport-noconfig.cmake
[0.577s] -- Installing: /home/umarv/ws/src/install/nav2_sms_behavior/share/nav2_sms_behavior/cmake/export_nav2_sms_behavior__rosidl_typesupport_fastrtps_cExport.cmake
[0.577s] -- Installing: /home/umarv/ws/src/install/nav2_sms_behavior/share/nav2_sms_behavior/cmake/export_nav2_sms_behavior__rosidl_typesupport_fastrtps_cExport-noconfig.cmake
[0.577s] -- Installing: /home/umarv/ws/src/install/nav2_sms_behavior/share/nav2_sms_behavior/cmake/export_nav2_sms_behavior__rosidl_generator_cppExport.cmake
[0.577s] -- Installing: /home/umarv/ws/src/install/nav2_sms_behavior/share/nav2_sms_behavior/cmake/export_nav2_sms_behavior__rosidl_typesupport_fastrtps_cppExport.cmake
[0.577s] -- Installing: /home/umarv/ws/src/install/nav2_sms_behavior/share/nav2_sms_behavior/cmake/export_nav2_sms_behavior__rosidl_typesupport_fastrtps_cppExport-noconfig.cmake
[0.577s] -- Installing: /home/umarv/ws/src/install/nav2_sms_behavior/share/nav2_sms_behavior/cmake/nav2_sms_behavior__rosidl_typesupport_introspection_cExport.cmake
[0.578s] -- Installing: /home/umarv/ws/src/install/nav2_sms_behavior/share/nav2_sms_behavior/cmake/nav2_sms_behavior__rosidl_typesupport_introspection_cExport-noconfig.cmake
[0.578s] -- Installing: /home/umarv/ws/src/install/nav2_sms_behavior/share/nav2_sms_behavior/cmake/nav2_sms_behavior__rosidl_typesupport_cExport.cmake
[0.578s] -- Installing: /home/umarv/ws/src/install/nav2_sms_behavior/share/nav2_sms_behavior/cmake/nav2_sms_behavior__rosidl_typesupport_cExport-noconfig.cmake
[0.578s] -- Installing: /home/umarv/ws/src/install/nav2_sms_behavior/share/nav2_sms_behavior/cmake/nav2_sms_behavior__rosidl_typesupport_introspection_cppExport.cmake
[0.578s] -- Installing: /home/umarv/ws/src/install/nav2_sms_behavior/share/nav2_sms_behavior/cmake/nav2_sms_behavior__rosidl_typesupport_introspection_cppExport-noconfig.cmake
[0.579s] -- Installing: /home/umarv/ws/src/install/nav2_sms_behavior/share/nav2_sms_behavior/cmake/nav2_sms_behavior__rosidl_typesupport_cppExport.cmake
[0.579s] -- Installing: /home/umarv/ws/src/install/nav2_sms_behavior/share/nav2_sms_behavior/cmake/nav2_sms_behavior__rosidl_typesupport_cppExport-noconfig.cmake
[0.579s] -- Installing: /home/umarv/ws/src/install/nav2_sms_behavior/share/nav2_sms_behavior/cmake/export_nav2_sms_behavior__rosidl_generator_pyExport.cmake
[0.579s] -- Installing: /home/umarv/ws/src/install/nav2_sms_behavior/share/nav2_sms_behavior/cmake/export_nav2_sms_behavior__rosidl_generator_pyExport-noconfig.cmake
[0.579s] -- Installing: /home/umarv/ws/src/install/nav2_sms_behavior/share/nav2_sms_behavior/cmake/rosidl_cmake-extras.cmake
[0.579s] -- Installing: /home/umarv/ws/src/install/nav2_sms_behavior/share/nav2_sms_behavior/cmake/ament_cmake_export_dependencies-extras.cmake
[0.580s] -- Installing: /home/umarv/ws/src/install/nav2_sms_behavior/share/nav2_sms_behavior/cmake/ament_cmake_export_include_directories-extras.cmake
[0.580s] -- Installing: /home/umarv/ws/src/install/nav2_sms_behavior/share/nav2_sms_behavior/cmake/ament_cmake_export_libraries-extras.cmake
[0.580s] -- Installing: /home/umarv/ws/src/install/nav2_sms_behavior/share/nav2_sms_behavior/cmake/ament_cmake_export_targets-extras.cmake
[0.580s] -- Installing: /home/umarv/ws/src/install/nav2_sms_behavior/share/nav2_sms_behavior/cmake/rosidl_cmake_export_typesupport_targets-extras.cmake
[0.580s] -- Installing: /home/umarv/ws/src/install/nav2_sms_behavior/share/nav2_sms_behavior/cmake/rosidl_cmake_export_typesupport_libraries-extras.cmake
[0.580s] -- Installing: /home/umarv/ws/src/install/nav2_sms_behavior/share/nav2_sms_behavior/cmake/nav2_sms_behaviorConfig.cmake
[0.580s] -- Installing: /home/umarv/ws/src/install/nav2_sms_behavior/share/nav2_sms_behavior/cmake/nav2_sms_behaviorConfig-version.cmake
[0.580s] -- Installing: /home/umarv/ws/src/install/nav2_sms_behavior/share/nav2_sms_behavior/package.xml
[0.582s] Invoked command in '/home/umarv/ws/src/build/nav2_sms_behavior' returned '0': /usr/bin/cmake --install /home/umarv/ws/src/build/nav2_sms_behavior
