[0.181s] Invoking command in '/home/umarv/ws/src/build/nav2_straightline_planner': /usr/bin/cmake --build /home/umarv/ws/src/build/nav2_straightline_planner -- -j8 -l8
[0.211s] [35m[1mConsolidate compiler generated dependencies of target nav2_straightline_planner_plugin[0m
[0.242s] [100%] Built target nav2_straightline_planner_plugin
[0.253s] Invoked command in '/home/umarv/ws/src/build/nav2_straightline_planner' returned '0': /usr/bin/cmake --build /home/umarv/ws/src/build/nav2_straightline_planner -- -j8 -l8
[0.300s] Invoking command in '/home/umarv/ws/src/build/nav2_straightline_planner': /usr/bin/cmake --install /home/umarv/ws/src/build/nav2_straightline_planner
[0.307s] -- Install configuration: ""
[0.308s] -- Up-to-date: /home/umarv/ws/src/install/nav2_straightline_planner/share/nav2_straightline_planner/global_planner_plugin.xml
[0.308s] -- Up-to-date: /home/umarv/ws/src/install/nav2_straightline_planner/lib/libnav2_straightline_planner_plugin.so
[0.309s] -- Up-to-date: /home/umarv/ws/src/install/nav2_straightline_planner/include/
[0.309s] -- Up-to-date: /home/umarv/ws/src/install/nav2_straightline_planner/include//nav2_straightline_planner
[0.309s] -- Up-to-date: /home/umarv/ws/src/install/nav2_straightline_planner/include//nav2_straightline_planner/straight_line_planner.hpp
[0.310s] -- Up-to-date: /home/umarv/ws/src/install/nav2_straightline_planner/share/nav2_straightline_planner/global_planner_plugin.xml
[0.310s] -- Up-to-date: /home/umarv/ws/src/install/nav2_straightline_planner/share/nav2_straightline_planner/environment/library_path.sh
[0.312s] -- Up-to-date: /home/umarv/ws/src/install/nav2_straightline_planner/share/nav2_straightline_planner/environment/library_path.dsv
[0.312s] -- Up-to-date: /home/umarv/ws/src/install/nav2_straightline_planner/share/ament_index/resource_index/package_run_dependencies/nav2_straightline_planner
[0.312s] -- Up-to-date: /home/umarv/ws/src/install/nav2_straightline_planner/share/ament_index/resource_index/parent_prefix_path/nav2_straightline_planner
[0.312s] -- Up-to-date: /home/umarv/ws/src/install/nav2_straightline_planner/share/nav2_straightline_planner/environment/ament_prefix_path.sh
[0.317s] -- Up-to-date: /home/umarv/ws/src/install/nav2_straightline_planner/share/nav2_straightline_planner/environment/ament_prefix_path.dsv
[0.317s] -- Up-to-date: /home/umarv/ws/src/install/nav2_straightline_planner/share/nav2_straightline_planner/environment/path.sh
[0.317s] -- Up-to-date: /home/umarv/ws/src/install/nav2_straightline_planner/share/nav2_straightline_planner/environment/path.dsv
[0.317s] -- Up-to-date: /home/umarv/ws/src/install/nav2_straightline_planner/share/nav2_straightline_planner/local_setup.bash
[0.317s] -- Up-to-date: /home/umarv/ws/src/install/nav2_straightline_planner/share/nav2_straightline_planner/local_setup.sh
[0.317s] -- Up-to-date: /home/umarv/ws/src/install/nav2_straightline_planner/share/nav2_straightline_planner/local_setup.zsh
[0.317s] -- Up-to-date: /home/umarv/ws/src/install/nav2_straightline_planner/share/nav2_straightline_planner/local_setup.dsv
[0.317s] -- Installing: /home/umarv/ws/src/install/nav2_straightline_planner/share/nav2_straightline_planner/package.dsv
[0.317s] -- Up-to-date: /home/umarv/ws/src/install/nav2_straightline_planner/share/ament_index/resource_index/packages/nav2_straightline_planner
[0.318s] -- Up-to-date: /home/umarv/ws/src/install/nav2_straightline_planner/share/ament_index/resource_index/nav2_core__pluginlib__plugin/nav2_straightline_planner
[0.318s] -- Up-to-date: /home/umarv/ws/src/install/nav2_straightline_planner/share/nav2_straightline_planner/cmake/ament_cmake_export_include_directories-extras.cmake
[0.318s] -- Up-to-date: /home/umarv/ws/src/install/nav2_straightline_planner/share/nav2_straightline_planner/cmake/ament_cmake_export_libraries-extras.cmake
[0.318s] -- Up-to-date: /home/umarv/ws/src/install/nav2_straightline_planner/share/nav2_straightline_planner/cmake/ament_cmake_export_dependencies-extras.cmake
[0.323s] -- Up-to-date: /home/umarv/ws/src/install/nav2_straightline_planner/share/nav2_straightline_planner/cmake/nav2_straightline_plannerConfig.cmake
[0.323s] -- Up-to-date: /home/umarv/ws/src/install/nav2_straightline_planner/share/nav2_straightline_planner/cmake/nav2_straightline_plannerConfig-version.cmake
[0.324s] -- Up-to-date: /home/umarv/ws/src/install/nav2_straightline_planner/share/nav2_straightline_planner/package.xml
[0.346s] Invoked command in '/home/umarv/ws/src/build/nav2_straightline_planner' returned '0': /usr/bin/cmake --install /home/umarv/ws/src/build/nav2_straightline_planner
