[0.094s] Invoking command in '/home/umarv/ws/src/build/nav2_straightline_planner': AMENT_PREFIX_PATH=/home/umarv/ws/src/install/nav2_core CMAKE_PREFIX_PATH=/home/umarv/ws/src/install/nav2_core /usr/bin/cmake --build /home/umarv/ws/src/build/nav2_straightline_planner -- -j8 -l8
[0.138s] [100%] Built target nav2_straightline_planner_plugin
[0.147s] Invoked command in '/home/umarv/ws/src/build/nav2_straightline_planner' returned '0': AMENT_PREFIX_PATH=/home/umarv/ws/src/install/nav2_core CMAKE_PREFIX_PATH=/home/umarv/ws/src/install/nav2_core /usr/bin/cmake --build /home/umarv/ws/src/build/nav2_straightline_planner -- -j8 -l8
[0.167s] Invoking command in '/home/umarv/ws/src/build/nav2_straightline_planner': AMENT_PREFIX_PATH=/home/umarv/ws/src/install/nav2_core CMAKE_PREFIX_PATH=/home/umarv/ws/src/install/nav2_core /usr/bin/cmake --install /home/umarv/ws/src/build/nav2_straightline_planner
[0.173s] -- Install configuration: ""
[0.173s] -- Up-to-date: /home/umarv/ws/src/install/nav2_straightline_planner/share/nav2_straightline_planner/global_planner_plugin.xml
[0.173s] -- Up-to-date: /home/umarv/ws/src/install/nav2_straightline_planner/lib/libnav2_straightline_planner_plugin.so
[0.173s] -- Up-to-date: /home/umarv/ws/src/install/nav2_straightline_planner/include/
[0.174s] -- Up-to-date: /home/umarv/ws/src/install/nav2_straightline_planner/include//nav2_straightline_planner
[0.174s] -- Up-to-date: /home/umarv/ws/src/install/nav2_straightline_planner/include//nav2_straightline_planner/straight_line_planner.hpp
[0.174s] -- Up-to-date: /home/umarv/ws/src/install/nav2_straightline_planner/share/nav2_straightline_planner/global_planner_plugin.xml
[0.174s] -- Up-to-date: /home/umarv/ws/src/install/nav2_straightline_planner/share/nav2_straightline_planner/environment/library_path.sh
[0.174s] -- Up-to-date: /home/umarv/ws/src/install/nav2_straightline_planner/share/nav2_straightline_planner/environment/library_path.dsv
[0.174s] -- Up-to-date: /home/umarv/ws/src/install/nav2_straightline_planner/share/ament_index/resource_index/package_run_dependencies/nav2_straightline_planner
[0.175s] -- Up-to-date: /home/umarv/ws/src/install/nav2_straightline_planner/share/ament_index/resource_index/parent_prefix_path/nav2_straightline_planner
[0.175s] -- Up-to-date: /home/umarv/ws/src/install/nav2_straightline_planner/share/nav2_straightline_planner/environment/ament_prefix_path.sh
[0.175s] -- Up-to-date: /home/umarv/ws/src/install/nav2_straightline_planner/share/nav2_straightline_planner/environment/ament_prefix_path.dsv
[0.175s] -- Up-to-date: /home/umarv/ws/src/install/nav2_straightline_planner/share/nav2_straightline_planner/environment/path.sh
[0.175s] -- Up-to-date: /home/umarv/ws/src/install/nav2_straightline_planner/share/nav2_straightline_planner/environment/path.dsv
[0.175s] -- Up-to-date: /home/umarv/ws/src/install/nav2_straightline_planner/share/nav2_straightline_planner/local_setup.bash
[0.175s] -- Up-to-date: /home/umarv/ws/src/install/nav2_straightline_planner/share/nav2_straightline_planner/local_setup.sh
[0.175s] -- Up-to-date: /home/umarv/ws/src/install/nav2_straightline_planner/share/nav2_straightline_planner/local_setup.zsh
[0.175s] -- Up-to-date: /home/umarv/ws/src/install/nav2_straightline_planner/share/nav2_straightline_planner/local_setup.dsv
[0.176s] -- Installing: /home/umarv/ws/src/install/nav2_straightline_planner/share/nav2_straightline_planner/package.dsv
[0.176s] -- Up-to-date: /home/umarv/ws/src/install/nav2_straightline_planner/share/ament_index/resource_index/packages/nav2_straightline_planner
[0.176s] -- Up-to-date: /home/umarv/ws/src/install/nav2_straightline_planner/share/ament_index/resource_index/nav2_core__pluginlib__plugin/nav2_straightline_planner
[0.176s] -- Up-to-date: /home/umarv/ws/src/install/nav2_straightline_planner/share/nav2_straightline_planner/cmake/ament_cmake_export_include_directories-extras.cmake
[0.176s] -- Up-to-date: /home/umarv/ws/src/install/nav2_straightline_planner/share/nav2_straightline_planner/cmake/ament_cmake_export_libraries-extras.cmake
[0.176s] -- Up-to-date: /home/umarv/ws/src/install/nav2_straightline_planner/share/nav2_straightline_planner/cmake/ament_cmake_export_dependencies-extras.cmake
[0.177s] -- Up-to-date: /home/umarv/ws/src/install/nav2_straightline_planner/share/nav2_straightline_planner/cmake/nav2_straightline_plannerConfig.cmake
[0.178s] -- Up-to-date: /home/umarv/ws/src/install/nav2_straightline_planner/share/nav2_straightline_planner/cmake/nav2_straightline_plannerConfig-version.cmake
[0.181s] -- Up-to-date: /home/umarv/ws/src/install/nav2_straightline_planner/share/nav2_straightline_planner/package.xml
[0.182s] Invoked command in '/home/umarv/ws/src/build/nav2_straightline_planner' returned '0': AMENT_PREFIX_PATH=/home/umarv/ws/src/install/nav2_core CMAKE_PREFIX_PATH=/home/umarv/ws/src/install/nav2_core /usr/bin/cmake --install /home/umarv/ws/src/build/nav2_straightline_planner
