[0.176s] Invoking command in '/home/umarv/ws/src/build/sam_bot_description': /usr/bin/cmake --build /home/umarv/ws/src/build/sam_bot_description -- -j8 -l8
[0.200s] Invoked command in '/home/umarv/ws/src/build/sam_bot_description' returned '0': /usr/bin/cmake --build /home/umarv/ws/src/build/sam_bot_description -- -j8 -l8
[0.233s] Invoking command in '/home/umarv/ws/src/build/sam_bot_description': /usr/bin/cmake --install /home/umarv/ws/src/build/sam_bot_description
[0.244s] -- Install configuration: ""
[0.244s] -- Up-to-date: /home/umarv/ws/src/install/sam_bot_description/share/sam_bot_description/src
[0.244s] -- Up-to-date: /home/umarv/ws/src/install/sam_bot_description/share/sam_bot_description/src/description
[0.244s] -- Up-to-date: /home/umarv/ws/src/install/sam_bot_description/share/sam_bot_description/src/description/sam_bot_description.urdf
[0.244s] -- Up-to-date: /home/umarv/ws/src/install/sam_bot_description/share/sam_bot_description/launch
[0.244s] -- Up-to-date: /home/umarv/ws/src/install/sam_bot_description/share/sam_bot_description/launch/display.launch.py
[0.244s] -- Up-to-date: /home/umarv/ws/src/install/sam_bot_description/share/sam_bot_description/rviz
[0.244s] -- Up-to-date: /home/umarv/ws/src/install/sam_bot_description/share/sam_bot_description/rviz/urdf_config.rviz
[0.245s] -- Up-to-date: /home/umarv/ws/src/install/sam_bot_description/share/sam_bot_description/config
[0.245s] -- Up-to-date: /home/umarv/ws/src/install/sam_bot_description/share/sam_bot_description/config/nav2_params.yaml
[0.245s] -- Up-to-date: /home/umarv/ws/src/install/sam_bot_description/share/sam_bot_description/config/ekf.yaml
[0.246s] -- Up-to-date: /home/umarv/ws/src/install/sam_bot_description/share/sam_bot_description/world
[0.246s] -- Up-to-date: /home/umarv/ws/src/install/sam_bot_description/share/sam_bot_description/world/my_world.sdf
[0.246s] -- Up-to-date: /home/umarv/ws/src/install/sam_bot_description/share/ament_index/resource_index/package_run_dependencies/sam_bot_description
[0.246s] -- Up-to-date: /home/umarv/ws/src/install/sam_bot_description/share/ament_index/resource_index/parent_prefix_path/sam_bot_description
[0.246s] -- Up-to-date: /home/umarv/ws/src/install/sam_bot_description/share/sam_bot_description/environment/ament_prefix_path.sh
[0.247s] -- Up-to-date: /home/umarv/ws/src/install/sam_bot_description/share/sam_bot_description/environment/ament_prefix_path.dsv
[0.247s] -- Up-to-date: /home/umarv/ws/src/install/sam_bot_description/share/sam_bot_description/environment/path.sh
[0.247s] -- Up-to-date: /home/umarv/ws/src/install/sam_bot_description/share/sam_bot_description/environment/path.dsv
[0.247s] -- Up-to-date: /home/umarv/ws/src/install/sam_bot_description/share/sam_bot_description/local_setup.bash
[0.247s] -- Up-to-date: /home/umarv/ws/src/install/sam_bot_description/share/sam_bot_description/local_setup.sh
[0.247s] -- Up-to-date: /home/umarv/ws/src/install/sam_bot_description/share/sam_bot_description/local_setup.zsh
[0.247s] -- Up-to-date: /home/umarv/ws/src/install/sam_bot_description/share/sam_bot_description/local_setup.dsv
[0.248s] -- Up-to-date: /home/umarv/ws/src/install/sam_bot_description/share/sam_bot_description/package.dsv
[0.248s] -- Up-to-date: /home/umarv/ws/src/install/sam_bot_description/share/ament_index/resource_index/packages/sam_bot_description
[0.248s] -- Up-to-date: /home/umarv/ws/src/install/sam_bot_description/share/sam_bot_description/cmake/sam_bot_descriptionConfig.cmake
[0.248s] -- Up-to-date: /home/umarv/ws/src/install/sam_bot_description/share/sam_bot_description/cmake/sam_bot_descriptionConfig-version.cmake
[0.248s] -- Up-to-date: /home/umarv/ws/src/install/sam_bot_description/share/sam_bot_description/package.xml
[0.256s] Invoked command in '/home/umarv/ws/src/build/sam_bot_description' returned '0': /usr/bin/cmake --install /home/umarv/ws/src/build/sam_bot_description
