[0.343s] Invoking command in '/home/umarv/ws/build/nav2_straightline_planner': CMAKE_PREFIX_PATH=/opt/ros/humble /usr/bin/cmake /home/umarv/ws/src/navigation2_tutorials/nav2_straightline_planner -DCMAKE_INSTALL_PREFIX=/home/umarv/ws/install/nav2_straightline_planner
[0.429s] -- Found ament_cmake: 1.3.5 (/opt/ros/humble/share/ament_cmake/cmake)
[0.648s] -- Found Python3: /usr/bin/python3.10 (found version "3.10.12") found components: Interpreter 
[0.803s] -- Found rclcpp: 16.0.6 (/opt/ros/humble/share/rclcpp/cmake)
[0.900s] -- Found rosidl_generator_c: 3.1.5 (/opt/ros/humble/share/rosidl_generator_c/cmake)
[0.910s] -- Found rosidl_adapter: 3.1.5 (/opt/ros/humble/share/rosidl_adapter/cmake)
[0.930s] -- Found rosidl_generator_cpp: 3.1.5 (/opt/ros/humble/share/rosidl_generator_cpp/cmake)
[0.961s] -- Using all available rosidl_typesupport_c: rosidl_typesupport_fastrtps_c;rosidl_typesupport_introspection_c
[1.003s] -- Using all available rosidl_typesupport_cpp: rosidl_typesupport_fastrtps_cpp;rosidl_typesupport_introspection_cpp
[1.112s] -- Found rmw_implementation_cmake: 6.1.1 (/opt/ros/humble/share/rmw_implementation_cmake/cmake)
[1.121s] -- Found rmw_fastrtps_cpp: 6.2.4 (/opt/ros/humble/share/rmw_fastrtps_cpp/cmake)
[1.263s] -- Found OpenSSL: /usr/lib/x86_64-linux-gnu/libcrypto.so (found version "3.0.2")  
[1.299s] -- Found FastRTPS: /opt/ros/humble/include  
[1.352s] -- Using RMW implementation 'rmw_fastrtps_cpp' as default
[1.372s] -- Looking for pthread.h
[1.487s] -- Looking for pthread.h - found
[1.487s] -- Performing Test CMAKE_HAVE_LIBC_PTHREAD
[1.551s] -- Performing Test CMAKE_HAVE_LIBC_PTHREAD - Success
[1.552s] -- Found Threads: TRUE  
[1.745s] -- Found rclcpp_action: 16.0.6 (/opt/ros/humble/share/rclcpp_action/cmake)
[1.866s] -- Found rclcpp_lifecycle: 16.0.6 (/opt/ros/humble/share/rclcpp_lifecycle/cmake)
[1.925s] -- Found visualization_msgs: 4.2.3 (/opt/ros/humble/share/visualization_msgs/cmake)
[2.214s] -- Found nav2_util: 1.1.12 (/opt/ros/humble/share/nav2_util/cmake)
[2.777s] -- Found eigen3_cmake_module: 0.1.1 (/opt/ros/humble/share/eigen3_cmake_module/cmake)
[2.785s] -- Found Eigen3: TRUE (found version "3.4.0") 
[2.785s] -- Ensuring Eigen3 include directory is part of orocos-kdl CMake target
[2.988s] -- Found nav2_costmap_2d: 1.1.12 (/opt/ros/humble/share/nav2_costmap_2d/cmake)
[3.726s] -- Found nav2_core: 1.1.12 (/opt/ros/humble/share/nav2_core/cmake)
[8.329s] -- Found ament_lint_auto: 0.12.8 (/opt/ros/humble/share/ament_lint_auto/cmake)
[8.410s] -- Added test 'copyright' to check source files copyright and LICENSE
[8.411s] -- Added test 'cppcheck' to perform static code analysis on C / C++ code
[8.412s] -- Configured cppcheck include dirs: /home/umarv/ws/src/navigation2_tutorials/nav2_straightline_planner/include
[8.412s] -- Configured cppcheck exclude dirs and/or files: 
[8.413s] -- Added test 'cpplint' to check C / C++ code against the Google style
[8.413s] -- Configured cpplint exclude dirs and/or files: 
[8.414s] -- Added test 'lint_cmake' to check CMake code style
[8.415s] -- Added test 'uncrustify' to check C / C++ code style
[8.415s] -- Configured uncrustify additional arguments: 
[8.416s] -- Added test 'xmllint' to check XML markup files
[8.421s] -- Configuring done
[8.456s] -- Generating done
[8.458s] -- Build files have been written to: /home/umarv/ws/build/nav2_straightline_planner
[8.477s] Invoked command in '/home/umarv/ws/build/nav2_straightline_planner' returned '0': CMAKE_PREFIX_PATH=/opt/ros/humble /usr/bin/cmake /home/umarv/ws/src/navigation2_tutorials/nav2_straightline_planner -DCMAKE_INSTALL_PREFIX=/home/umarv/ws/install/nav2_straightline_planner
[8.479s] Invoking command in '/home/umarv/ws/build/nav2_straightline_planner': CMAKE_PREFIX_PATH=/opt/ros/humble /usr/bin/cmake --build /home/umarv/ws/build/nav2_straightline_planner -- -j8 -l8
[8.523s] [ 50%] [32mBuilding CXX object CMakeFiles/nav2_straightline_planner_plugin.dir/src/straight_line_planner.cpp.o[0m
[12.908s] [100%] [32m[1mLinking CXX shared library libnav2_straightline_planner_plugin.so[0m
[13.083s] [100%] Built target nav2_straightline_planner_plugin
[13.097s] Invoked command in '/home/umarv/ws/build/nav2_straightline_planner' returned '0': CMAKE_PREFIX_PATH=/opt/ros/humble /usr/bin/cmake --build /home/umarv/ws/build/nav2_straightline_planner -- -j8 -l8
[13.120s] Invoking command in '/home/umarv/ws/build/nav2_straightline_planner': CMAKE_PREFIX_PATH=/opt/ros/humble /usr/bin/cmake --install /home/umarv/ws/build/nav2_straightline_planner
[13.125s] -- Install configuration: ""
[13.125s] -- Installing: /home/umarv/ws/install/nav2_straightline_planner/share/nav2_straightline_planner/global_planner_plugin.xml
[13.125s] [31mCMake Error at cmake_install.cmake:46 (file):
[13.126s]   file INSTALL cannot copy file
[13.126s]   "/home/umarv/ws/src/navigation2_tutorials/nav2_straightline_planner/global_planner_plugin.xml"
[13.127s]   to
[13.127s]   "/home/umarv/ws/install/nav2_straightline_planner/share/nav2_straightline_planner/global_planner_plugin.xml":
[13.128s]   Permission denied.
[13.128s] 
[13.129s] [0m
[13.129s] Invoked command in '/home/umarv/ws/build/nav2_straightline_planner' returned '1': CMAKE_PREFIX_PATH=/opt/ros/humble /usr/bin/cmake --install /home/umarv/ws/build/nav2_straightline_planner
[13.192s] Traceback (most recent call last):
  File "/usr/lib/python3/dist-packages/colcon_core/executor/__init__.py", line 91, in __call__
    rc = await self.task(*args, **kwargs)
  File "/usr/lib/python3/dist-packages/colcon_core/task/__init__.py", line 93, in __call__
    return await task_method(*args, **kwargs)
  File "/usr/lib/python3/dist-packages/colcon_ros/task/ament_cmake/build.py", line 84, in build
    create_environment_scripts(
  File "/usr/lib/python3/dist-packages/colcon_core/environment/__init__.py", line 89, in create_environment_scripts
    create_file_with_runtime_dependencies(prefix_path, pkg))
  File "/usr/lib/python3/dist-packages/colcon_core/environment/__init__.py", line 172, in create_file_with_runtime_dependencies
    path.write_text(
  File "/usr/lib/python3.10/pathlib.py", line 1154, in write_text
    with self.open(mode='w', encoding=encoding, errors=errors, newline=newline) as f:
  File "/usr/lib/python3.10/pathlib.py", line 1119, in open
    return self._accessor.open(self, mode, buffering, encoding, errors,
PermissionError: [Errno 13] Permission denied: '/home/umarv/ws/install/nav2_straightline_planner/share/colcon-core/packages/nav2_straightline_planner'
