[0.380s] Invoking command in '/home/umarv/ws/build/nav2_sms_behavior': CMAKE_PREFIX_PATH=/opt/ros/humble /usr/bin/cmake /home/umarv/ws/src/navigation2_tutorials/nav2_sms_behavior -DCMAKE_INSTALL_PREFIX=/home/umarv/ws/install/nav2_sms_behavior
[0.472s] -- Found ament_cmake: 1.3.5 (/opt/ros/humble/share/ament_cmake/cmake)
[0.693s] -- Found Python3: /usr/bin/python3.10 (found version "3.10.12") found components: Interpreter 
[0.846s] -- Found rclcpp: 16.0.6 (/opt/ros/humble/share/rclcpp/cmake)
[0.942s] -- Found rosidl_generator_c: 3.1.5 (/opt/ros/humble/share/rosidl_generator_c/cmake)
[0.953s] -- Found rosidl_adapter: 3.1.5 (/opt/ros/humble/share/rosidl_adapter/cmake)
[0.973s] -- Found rosidl_generator_cpp: 3.1.5 (/opt/ros/humble/share/rosidl_generator_cpp/cmake)
[1.004s] -- Using all available rosidl_typesupport_c: rosidl_typesupport_fastrtps_c;rosidl_typesupport_introspection_c
[1.047s] -- Using all available rosidl_typesupport_cpp: rosidl_typesupport_fastrtps_cpp;rosidl_typesupport_introspection_cpp
[1.158s] -- Found rmw_implementation_cmake: 6.1.1 (/opt/ros/humble/share/rmw_implementation_cmake/cmake)
[1.163s] -- Found rmw_fastrtps_cpp: 6.2.4 (/opt/ros/humble/share/rmw_fastrtps_cpp/cmake)
[1.309s] -- Found OpenSSL: /usr/lib/x86_64-linux-gnu/libcrypto.so (found version "3.0.2")  
[1.341s] -- Found FastRTPS: /opt/ros/humble/include  
[1.395s] -- Using RMW implementation 'rmw_fastrtps_cpp' as default
[1.414s] -- Looking for pthread.h
[1.530s] -- Looking for pthread.h - found
[1.530s] -- Performing Test CMAKE_HAVE_LIBC_PTHREAD
[1.596s] -- Performing Test CMAKE_HAVE_LIBC_PTHREAD - Success
[1.597s] -- Found Threads: TRUE  
[1.794s] -- Found rclcpp_action: 16.0.6 (/opt/ros/humble/share/rclcpp_action/cmake)
[1.909s] -- Found rclcpp_lifecycle: 16.0.6 (/opt/ros/humble/share/rclcpp_lifecycle/cmake)
[1.971s] -- Found visualization_msgs: 4.2.3 (/opt/ros/humble/share/visualization_msgs/cmake)
[2.257s] -- Found nav2_util: 1.1.12 (/opt/ros/humble/share/nav2_util/cmake)
[2.820s] -- Found eigen3_cmake_module: 0.1.1 (/opt/ros/humble/share/eigen3_cmake_module/cmake)
[2.835s] -- Found Eigen3: TRUE (found version "3.4.0") 
[2.835s] -- Ensuring Eigen3 include directory is part of orocos-kdl CMake target
[3.031s] -- Found nav2_costmap_2d: 1.1.12 (/opt/ros/humble/share/nav2_costmap_2d/cmake)
[3.810s] -- Found nav2_core: 1.1.12 (/opt/ros/humble/share/nav2_core/cmake)
[4.440s] -- Found nav2_behaviors: 1.1.12 (/opt/ros/humble/share/nav2_behaviors/cmake)
[8.217s] -- Found rosidl_default_generators: 1.2.0 (/opt/ros/humble/share/rosidl_default_generators/cmake)
[8.287s] -- Found CURL: /usr/lib/x86_64-linux-gnu/libcurl.so (found version "7.81.0")  
[8.553s] -- Found ament_cmake_ros: 0.10.0 (/opt/ros/humble/share/ament_cmake_ros/cmake)
[8.911s] -- Using all available rosidl_typesupport_c: rosidl_typesupport_fastrtps_c;rosidl_typesupport_introspection_c
[9.037s] -- Using all available rosidl_typesupport_cpp: rosidl_typesupport_fastrtps_cpp;rosidl_typesupport_introspection_cpp
[9.059s] -- Found PythonInterp: /usr/bin/python3 (found suitable version "3.10.12", minimum required is "3.6") 
[9.062s] -- Found python_cmake_module: 0.10.0 (/opt/ros/humble/share/python_cmake_module/cmake)
[9.086s] -- Found PythonLibs: /usr/lib/x86_64-linux-gnu/libpython3.10.so (found suitable version "3.10.12", minimum required is "3.5") 
[9.086s] -- Using PYTHON_EXECUTABLE: /usr/bin/python3
[9.086s] -- Using PYTHON_INCLUDE_DIRS: /usr/include/python3.10
[9.086s] -- Using PYTHON_LIBRARIES: /usr/lib/x86_64-linux-gnu/libpython3.10.so
[9.104s] -- Found PythonExtra: .so  
[19.852s] -- Found ament_lint_auto: 0.12.8 (/opt/ros/humble/share/ament_lint_auto/cmake)
[19.892s] -- Added test 'copyright' to check source files copyright and LICENSE
[19.893s] -- Added test 'cppcheck' to perform static code analysis on C / C++ code
[19.894s] -- Configured cppcheck include dirs: /home/umarv/ws/src/navigation2_tutorials/nav2_sms_behavior/include
[19.894s] -- Configured cppcheck exclude dirs and/or files: 
[19.894s] -- Added test 'cpplint' to check C / C++ code against the Google style
[19.895s] -- Configured cpplint exclude dirs and/or files: 
[19.895s] -- Added test 'lint_cmake' to check CMake code style
[19.896s] -- Added test 'uncrustify' to check C / C++ code style
[19.896s] -- Configured uncrustify additional arguments: 
[19.897s] -- Added test 'xmllint' to check XML markup files
[19.900s] -- Configuring done
[19.975s] -- Generating done
[19.979s] -- Build files have been written to: /home/umarv/ws/build/nav2_sms_behavior
