[0.283s] Invoking command in '/home/umarv/ws/src/build/nav2_straightline_planner': CMAKE_PREFIX_PATH=/opt/ros/humble /usr/bin/cmake /home/umarv/ws/src/navigation2_tutorials/nav2_straightline_planner -DCMAKE_INSTALL_PREFIX=/home/umarv/ws/src/install/nav2_straightline_planner
[0.291s] -- Found ament_cmake: 1.3.5 (/opt/ros/humble/share/ament_cmake/cmake)
[0.494s] -- Found Python3: /usr/bin/python3.10 (found version "3.10.12") found components: Interpreter 
[0.626s] -- Found rclcpp: 16.0.6 (/opt/ros/humble/share/rclcpp/cmake)
[0.698s] -- Found rosidl_generator_c: 3.1.5 (/opt/ros/humble/share/rosidl_generator_c/cmake)
[0.706s] -- Found rosidl_adapter: 3.1.5 (/opt/ros/humble/share/rosidl_adapter/cmake)
[0.723s] -- Found rosidl_generator_cpp: 3.1.5 (/opt/ros/humble/share/rosidl_generator_cpp/cmake)
[0.747s] -- Using all available rosidl_typesupport_c: rosidl_typesupport_fastrtps_c;rosidl_typesupport_introspection_c
[0.772s] -- Using all available rosidl_typesupport_cpp: rosidl_typesupport_fastrtps_cpp;rosidl_typesupport_introspection_cpp
[0.881s] -- Found rmw_implementation_cmake: 6.1.1 (/opt/ros/humble/share/rmw_implementation_cmake/cmake)
[0.884s] -- Found rmw_fastrtps_cpp: 6.2.4 (/opt/ros/humble/share/rmw_fastrtps_cpp/cmake)
[0.996s] -- Found OpenSSL: /usr/lib/x86_64-linux-gnu/libcrypto.so (found version "3.0.2")  
[1.027s] -- Found FastRTPS: /opt/ros/humble/include  
[1.080s] -- Using RMW implementation 'rmw_fastrtps_cpp' as default
[1.092s] -- Looking for pthread.h
[1.152s] -- Looking for pthread.h - found
[1.153s] -- Performing Test CMAKE_HAVE_LIBC_PTHREAD
[1.208s] -- Performing Test CMAKE_HAVE_LIBC_PTHREAD - Success
[1.209s] -- Found Threads: TRUE  
[1.400s] -- Found rclcpp_action: 16.0.6 (/opt/ros/humble/share/rclcpp_action/cmake)
[1.495s] -- Found rclcpp_lifecycle: 16.0.6 (/opt/ros/humble/share/rclcpp_lifecycle/cmake)
[1.546s] -- Found visualization_msgs: 4.2.3 (/opt/ros/humble/share/visualization_msgs/cmake)
[1.779s] -- Found nav2_util: 1.1.12 (/opt/ros/humble/share/nav2_util/cmake)
[2.311s] -- Found eigen3_cmake_module: 0.1.1 (/opt/ros/humble/share/eigen3_cmake_module/cmake)
[2.313s] -- Found Eigen3: TRUE (found version "3.4.0") 
[2.313s] -- Ensuring Eigen3 include directory is part of orocos-kdl CMake target
[2.510s] -- Found nav2_costmap_2d: 1.1.12 (/opt/ros/humble/share/nav2_costmap_2d/cmake)
[3.281s] -- Found nav2_core: 1.1.12 (/opt/ros/humble/share/nav2_core/cmake)
[7.694s] -- Found ament_lint_auto: 0.12.8 (/opt/ros/humble/share/ament_lint_auto/cmake)
[7.783s] -- Added test 'copyright' to check source files copyright and LICENSE
[7.783s] -- Added test 'cppcheck' to perform static code analysis on C / C++ code
[7.784s] -- Configured cppcheck include dirs: /home/umarv/ws/src/navigation2_tutorials/nav2_straightline_planner/include
[7.784s] -- Configured cppcheck exclude dirs and/or files: 
[7.784s] -- Added test 'cpplint' to check C / C++ code against the Google style
[7.785s] -- Configured cpplint exclude dirs and/or files: 
[7.786s] -- Added test 'lint_cmake' to check CMake code style
[7.787s] -- Added test 'uncrustify' to check C / C++ code style
[7.787s] -- Configured uncrustify additional arguments: 
[7.787s] -- Added test 'xmllint' to check XML markup files
[7.793s] -- Configuring done
[7.827s] -- Generating done
[7.829s] -- Build files have been written to: /home/umarv/ws/src/build/nav2_straightline_planner
[7.840s] Invoked command in '/home/umarv/ws/src/build/nav2_straightline_planner' returned '0': CMAKE_PREFIX_PATH=/opt/ros/humble /usr/bin/cmake /home/umarv/ws/src/navigation2_tutorials/nav2_straightline_planner -DCMAKE_INSTALL_PREFIX=/home/umarv/ws/src/install/nav2_straightline_planner
[7.842s] Invoking command in '/home/umarv/ws/src/build/nav2_straightline_planner': CMAKE_PREFIX_PATH=/opt/ros/humble /usr/bin/cmake --build /home/umarv/ws/src/build/nav2_straightline_planner -- -j8 -l8
[7.883s] [ 50%] [32mBuilding CXX object CMakeFiles/nav2_straightline_planner_plugin.dir/src/straight_line_planner.cpp.o[0m
[11.972s] [100%] [32m[1mLinking CXX shared library libnav2_straightline_planner_plugin.so[0m
[12.122s] [100%] Built target nav2_straightline_planner_plugin
[12.131s] Invoked command in '/home/umarv/ws/src/build/nav2_straightline_planner' returned '0': CMAKE_PREFIX_PATH=/opt/ros/humble /usr/bin/cmake --build /home/umarv/ws/src/build/nav2_straightline_planner -- -j8 -l8
[12.151s] Invoking command in '/home/umarv/ws/src/build/nav2_straightline_planner': CMAKE_PREFIX_PATH=/opt/ros/humble /usr/bin/cmake --install /home/umarv/ws/src/build/nav2_straightline_planner
[12.156s] -- Install configuration: ""
[12.157s] -- Installing: /home/umarv/ws/src/install/nav2_straightline_planner/share/nav2_straightline_planner/global_planner_plugin.xml
[12.157s] -- Installing: /home/umarv/ws/src/install/nav2_straightline_planner/lib/libnav2_straightline_planner_plugin.so
[12.157s] -- Set runtime path of "/home/umarv/ws/src/install/nav2_straightline_planner/lib/libnav2_straightline_planner_plugin.so" to ""
[12.157s] -- Installing: /home/umarv/ws/src/install/nav2_straightline_planner/include/
[12.158s] -- Installing: /home/umarv/ws/src/install/nav2_straightline_planner/include//nav2_straightline_planner
[12.158s] -- Installing: /home/umarv/ws/src/install/nav2_straightline_planner/include//nav2_straightline_planner/straight_line_planner.hpp
[12.158s] -- Up-to-date: /home/umarv/ws/src/install/nav2_straightline_planner/share/nav2_straightline_planner/global_planner_plugin.xml
[12.158s] -- Installing: /home/umarv/ws/src/install/nav2_straightline_planner/share/nav2_straightline_planner/environment/library_path.sh
[12.158s] -- Installing: /home/umarv/ws/src/install/nav2_straightline_planner/share/nav2_straightline_planner/environment/library_path.dsv
[12.158s] -- Installing: /home/umarv/ws/src/install/nav2_straightline_planner/share/ament_index/resource_index/package_run_dependencies/nav2_straightline_planner
[12.159s] -- Installing: /home/umarv/ws/src/install/nav2_straightline_planner/share/ament_index/resource_index/parent_prefix_path/nav2_straightline_planner
[12.159s] -- Installing: /home/umarv/ws/src/install/nav2_straightline_planner/share/nav2_straightline_planner/environment/ament_prefix_path.sh
[12.159s] -- Installing: /home/umarv/ws/src/install/nav2_straightline_planner/share/nav2_straightline_planner/environment/ament_prefix_path.dsv
[12.159s] -- Installing: /home/umarv/ws/src/install/nav2_straightline_planner/share/nav2_straightline_planner/environment/path.sh
[12.159s] -- Installing: /home/umarv/ws/src/install/nav2_straightline_planner/share/nav2_straightline_planner/environment/path.dsv
[12.159s] -- Installing: /home/umarv/ws/src/install/nav2_straightline_planner/share/nav2_straightline_planner/local_setup.bash
[12.160s] -- Installing: /home/umarv/ws/src/install/nav2_straightline_planner/share/nav2_straightline_planner/local_setup.sh
[12.160s] -- Installing: /home/umarv/ws/src/install/nav2_straightline_planner/share/nav2_straightline_planner/local_setup.zsh
[12.160s] -- Installing: /home/umarv/ws/src/install/nav2_straightline_planner/share/nav2_straightline_planner/local_setup.dsv
[12.160s] -- Installing: /home/umarv/ws/src/install/nav2_straightline_planner/share/nav2_straightline_planner/package.dsv
[12.160s] -- Installing: /home/umarv/ws/src/install/nav2_straightline_planner/share/ament_index/resource_index/packages/nav2_straightline_planner
[12.160s] -- Installing: /home/umarv/ws/src/install/nav2_straightline_planner/share/ament_index/resource_index/nav2_core__pluginlib__plugin/nav2_straightline_planner
[12.160s] -- Installing: /home/umarv/ws/src/install/nav2_straightline_planner/share/nav2_straightline_planner/cmake/ament_cmake_export_include_directories-extras.cmake
[12.161s] -- Installing: /home/umarv/ws/src/install/nav2_straightline_planner/share/nav2_straightline_planner/cmake/ament_cmake_export_libraries-extras.cmake
[12.161s] -- Installing: /home/umarv/ws/src/install/nav2_straightline_planner/share/nav2_straightline_planner/cmake/ament_cmake_export_dependencies-extras.cmake
[12.161s] -- Installing: /home/umarv/ws/src/install/nav2_straightline_planner/share/nav2_straightline_planner/cmake/nav2_straightline_plannerConfig.cmake
[12.161s] -- Installing: /home/umarv/ws/src/install/nav2_straightline_planner/share/nav2_straightline_planner/cmake/nav2_straightline_plannerConfig-version.cmake
[12.161s] -- Installing: /home/umarv/ws/src/install/nav2_straightline_planner/share/nav2_straightline_planner/package.xml
[12.162s] Invoked command in '/home/umarv/ws/src/build/nav2_straightline_planner' returned '0': CMAKE_PREFIX_PATH=/opt/ros/humble /usr/bin/cmake --install /home/umarv/ws/src/build/nav2_straightline_planner
