[0.168s] Invoking command in '/home/umarv/ws/build/nav2_straightline_planner': /usr/bin/cmake /home/umarv/ws/src/navigation2_tutorials/nav2_straightline_planner -DCMAKE_INSTALL_PREFIX=/home/umarv/ws/install/nav2_straightline_planner
[0.204s] -- Configuring incomplete, errors occurred!
[0.204s] See also "/home/umarv/ws/build/nav2_straightline_planner/CMakeFiles/CMakeOutput.log".
[0.205s] [31mCMake Error at CMakeLists.txt:12 (find_package):
[0.206s]   By not providing "Findament_cmake.cmake" in CMAKE_MODULE_PATH this project
[0.207s]   has asked CMake to find a package configuration file provided by
[0.208s]   "ament_cmake", but CMake did not find one.
[0.208s] 
[0.208s]   Could not find a package configuration file provided by "ament_cmake" with
[0.208s]   any of the following names:
[0.208s] 
[0.209s]     ament_cmakeConfig.cmake
[0.209s]     ament_cmake-config.cmake
[0.210s] 
[0.210s]   Add the installation prefix of "ament_cmake" to CMAKE_PREFIX_PATH or set
[0.210s]   "ament_cmake_DIR" to a directory containing one of the above files.  If
[0.210s]   "ament_cmake" provides a separate development package or SDK, be sure it
[0.210s]   has been installed.
[0.211s] 
[0.211s] [0m
[0.216s] Invoked command in '/home/umarv/ws/build/nav2_straightline_planner' returned '1': /usr/bin/cmake /home/umarv/ws/src/navigation2_tutorials/nav2_straightline_planner -DCMAKE_INSTALL_PREFIX=/home/umarv/ws/install/nav2_straightline_planner
