[  2%] Built target nav2_sms_behavior__cpp
[ 11%] Built target nav2_sms_behavior__rosidl_generator_c
[ 11%] Built target ament_cmake_python_copy_nav2_sms_behavior
[ 20%] Built target nav2_sms_behavior__rosidl_typesupport_cpp
[ 29%] Built target nav2_sms_behavior__rosidl_typesupport_introspection_cpp
[ 38%] Built target nav2_sms_behavior__rosidl_typesupport_fastrtps_cpp
[ 55%] Built target nav2_sms_behavior__rosidl_typesupport_fastrtps_c
[ 58%] Built target nav2_sms_behavior__rosidl_typesupport_introspection_c
[ 64%] Built target nav2_sms_behavior__rosidl_typesupport_c
[ 64%] Built target nav2_sms_behavior
[ 73%] Built target nav2_sms_behavior_plugin
[ 76%] Built target nav2_sms_behavior__py
[ 82%] Built target nav2_sms_behavior__rosidl_generator_py
[ 94%] Built target nav2_sms_behavior__rosidl_typesupport_fastrtps_c__pyext
[ 94%] Built target nav2_sms_behavior__rosidl_typesupport_c__pyext
[100%] Built target nav2_sms_behavior__rosidl_typesupport_introspection_c__pyext
running egg_info
writing nav2_sms_behavior.egg-info/PKG-INFO
writing dependency_links to nav2_sms_behavior.egg-info/dependency_links.txt
writing top-level names to nav2_sms_behavior.egg-info/top_level.txt
reading manifest file 'nav2_sms_behavior.egg-info/SOURCES.txt'
writing manifest file 'nav2_sms_behavior.egg-info/SOURCES.txt'
[100%] Built target ament_cmake_python_build_nav2_sms_behavior_egg
