[0.189s] Invoking command in '/home/umarv/ws/build/nav2_sms_behavior': /usr/bin/cmake /home/umarv/ws/src/navigation2_tutorials/nav2_sms_behavior -DCMAKE_INSTALL_PREFIX=/home/umarv/ws/install/nav2_sms_behavior
[0.217s] -- Configuring incomplete, errors occurred!
[0.217s] See also "/home/umarv/ws/build/nav2_sms_behavior/CMakeFiles/CMakeOutput.log".
[0.217s] [31mCMake Error at CMakeLists.txt:8 (find_package):
[0.217s]   By not providing "Findament_cmake.cmake" in CMAKE_MODULE_PATH this project
[0.218s]   has asked CMake to find a package configuration file provided by
[0.218s]   "ament_cmake", but CMake did not find one.
[0.220s] 
[0.221s]   Could not find a package configuration file provided by "ament_cmake" with
[0.222s]   any of the following names:
[0.222s] 
[0.223s]     ament_cmakeConfig.cmake
[0.223s]     ament_cmake-config.cmake
[0.226s] 
[0.226s]   Add the installation prefix of "ament_cmake" to CMAKE_PREFIX_PATH or set
[0.227s]   "ament_cmake_DIR" to a directory containing one of the above files.  If
[0.227s]   "ament_cmake" provides a separate development package or SDK, be sure it
[0.227s]   has been installed.
[0.227s] 
[0.227s] [0m
[0.240s] Invoked command in '/home/umarv/ws/build/nav2_sms_behavior' returned '1': /usr/bin/cmake /home/umarv/ws/src/navigation2_tutorials/nav2_sms_behavior -DCMAKE_INSTALL_PREFIX=/home/umarv/ws/install/nav2_sms_behavior
