[0.340s] Invoking command in '/home/umarv/ws/build/nav2_straightline_planner': /usr/bin/cmake --build /home/umarv/ws/build/nav2_straightline_planner -- -j8 -l8
[0.492s] [100%] Built target nav2_straightline_planner_plugin
[0.517s] Invoked command in '/home/umarv/ws/build/nav2_straightline_planner' returned '0': /usr/bin/cmake --build /home/umarv/ws/build/nav2_straightline_planner -- -j8 -l8
[0.619s] Invoking command in '/home/umarv/ws/build/nav2_straightline_planner': /usr/bin/cmake --install /home/umarv/ws/build/nav2_straightline_planner
[0.635s] -- Install configuration: ""
[0.636s] -- Up-to-date: /home/umarv/ws/install/nav2_straightline_planner/share/nav2_straightline_planner/global_planner_plugin.xml
[0.637s] -- Up-to-date: /home/umarv/ws/install/nav2_straightline_planner/lib/libnav2_straightline_planner_plugin.so
[0.638s] -- Up-to-date: /home/umarv/ws/install/nav2_straightline_planner/include/
[0.641s] -- Up-to-date: /home/umarv/ws/install/nav2_straightline_planner/include//nav2_straightline_planner
[0.645s] -- Up-to-date: /home/umarv/ws/install/nav2_straightline_planner/include//nav2_straightline_planner/rpastar.h
[0.648s] -- Up-to-date: /home/umarv/ws/install/nav2_straightline_planner/include//nav2_straightline_planner/straight_line_planner.hpp
[0.649s] -- Up-to-date: /home/umarv/ws/install/nav2_straightline_planner/share/nav2_straightline_planner/global_planner_plugin.xml
[0.654s] -- Up-to-date: /home/umarv/ws/install/nav2_straightline_planner/share/nav2_straightline_planner/environment/library_path.sh
[0.654s] -- Up-to-date: /home/umarv/ws/install/nav2_straightline_planner/share/nav2_straightline_planner/environment/library_path.dsv
[0.655s] -- Up-to-date: /home/umarv/ws/install/nav2_straightline_planner/share/ament_index/resource_index/package_run_dependencies/nav2_straightline_planner
[0.659s] -- Up-to-date: /home/umarv/ws/install/nav2_straightline_planner/share/ament_index/resource_index/parent_prefix_path/nav2_straightline_planner
[0.660s] -- Up-to-date: /home/umarv/ws/install/nav2_straightline_planner/share/nav2_straightline_planner/environment/ament_prefix_path.sh
[0.662s] -- Up-to-date: /home/umarv/ws/install/nav2_straightline_planner/share/nav2_straightline_planner/environment/ament_prefix_path.dsv
[0.669s] -- Up-to-date: /home/umarv/ws/install/nav2_straightline_planner/share/nav2_straightline_planner/environment/path.sh
[0.672s] -- Up-to-date: /home/umarv/ws/install/nav2_straightline_planner/share/nav2_straightline_planner/environment/path.dsv
[0.675s] -- Up-to-date: /home/umarv/ws/install/nav2_straightline_planner/share/nav2_straightline_planner/local_setup.bash
[0.676s] -- Up-to-date: /home/umarv/ws/install/nav2_straightline_planner/share/nav2_straightline_planner/local_setup.sh
[0.680s] -- Up-to-date: /home/umarv/ws/install/nav2_straightline_planner/share/nav2_straightline_planner/local_setup.zsh
[0.682s] -- Up-to-date: /home/umarv/ws/install/nav2_straightline_planner/share/nav2_straightline_planner/local_setup.dsv
[0.683s] -- Installing: /home/umarv/ws/install/nav2_straightline_planner/share/nav2_straightline_planner/package.dsv
[0.704s] -- Up-to-date: /home/umarv/ws/install/nav2_straightline_planner/share/ament_index/resource_index/packages/nav2_straightline_planner
[0.705s] -- Up-to-date: /home/umarv/ws/install/nav2_straightline_planner/share/ament_index/resource_index/nav2_core__pluginlib__plugin/nav2_straightline_planner
[0.706s] -- Up-to-date: /home/umarv/ws/install/nav2_straightline_planner/share/nav2_straightline_planner/cmake/ament_cmake_export_include_directories-extras.cmake
[0.706s] -- Up-to-date: /home/umarv/ws/install/nav2_straightline_planner/share/nav2_straightline_planner/cmake/ament_cmake_export_libraries-extras.cmake
[0.707s] -- Up-to-date: /home/umarv/ws/install/nav2_straightline_planner/share/nav2_straightline_planner/cmake/ament_cmake_export_dependencies-extras.cmake
[0.708s] -- Up-to-date: /home/umarv/ws/install/nav2_straightline_planner/share/nav2_straightline_planner/cmake/nav2_straightline_plannerConfig.cmake
[0.710s] -- Up-to-date: /home/umarv/ws/install/nav2_straightline_planner/share/nav2_straightline_planner/cmake/nav2_straightline_plannerConfig-version.cmake
[0.710s] -- Up-to-date: /home/umarv/ws/install/nav2_straightline_planner/share/nav2_straightline_planner/package.xml
[0.723s] Invoked command in '/home/umarv/ws/build/nav2_straightline_planner' returned '0': /usr/bin/cmake --install /home/umarv/ws/build/nav2_straightline_planner
