[0.754s] DEBUG:colcon:Command line arguments: ['/usr/bin/colcon', 'build', '--packages-select', 'nav2_straightline_planner', '--symlink-install']
[0.754s] DEBUG:colcon:Parsed command line arguments: Namespace(log_base=None, log_level=None, verb_name='build', build_base='build', install_base='install', merge_install=False, symlink_install=True, test_result_base=None, continue_on_error=False, executor='parallel', parallel_workers=8, event_handlers=None, ignore_user_meta=False, metas=['./colcon.meta'], base_paths=['.'], packages_ignore=None, packages_ignore_regex=None, paths=None, packages_up_to=None, packages_up_to_regex=None, packages_above=None, packages_above_and_dependencies=None, packages_above_depth=None, packages_select_by_dep=None, packages_skip_by_dep=None, packages_skip_up_to=None, packages_select_build_failed=False, packages_skip_build_finished=False, packages_select_test_failures=False, packages_skip_test_passed=False, packages_select=['nav2_straightline_planner'], packages_skip=None, packages_select_regex=None, packages_skip_regex=None, packages_start=None, packages_end=None, cmake_args=None, cmake_target=None, cmake_target_skip_unavailable=False, cmake_clean_cache=False, cmake_clean_first=False, cmake_force_configure=False, ament_cmake_args=None, catkin_cmake_args=None, catkin_skip_building_tests=False, mixin_files=None, mixin=None, verb_parser=<colcon_mixin.mixin.mixin_argument.MixinArgumentDecorator object at 0x7fa149995540>, verb_extension=<colcon_core.verb.build.BuildVerb object at 0x7fa149996b00>, main=<bound method BuildVerb.main of <colcon_core.verb.build.BuildVerb object at 0x7fa149996b00>>, mixin_verb=('build',))
[0.784s] Level 1:colcon.colcon_core.package_discovery:discover_packages(colcon_meta) check parameters
[0.784s] Level 1:colcon.colcon_core.package_discovery:discover_packages(recursive) check parameters
[0.784s] Level 1:colcon.colcon_core.package_discovery:discover_packages(ignore) check parameters
[0.784s] Level 1:colcon.colcon_core.package_discovery:discover_packages(path) check parameters
[0.784s] Level 1:colcon.colcon_core.package_discovery:discover_packages(colcon_meta) discover
[0.784s] Level 1:colcon.colcon_core.package_discovery:discover_packages(recursive) discover
[0.784s] INFO:colcon.colcon_core.package_discovery:Crawling recursively for packages in '/home/umarv/ws/src'
[0.785s] Level 1:colcon.colcon_core.package_identification:_identify(.) by extensions ['ignore', 'ignore_ament_install']
[0.785s] Level 1:colcon.colcon_core.package_identification:_identify(.) by extension 'ignore'
[0.785s] Level 1:colcon.colcon_core.package_identification:_identify(.) by extension 'ignore_ament_install'
[0.785s] Level 1:colcon.colcon_core.package_identification:_identify(.) by extensions ['colcon_pkg']
[0.785s] Level 1:colcon.colcon_core.package_identification:_identify(.) by extension 'colcon_pkg'
[0.785s] Level 1:colcon.colcon_core.package_identification:_identify(.) by extensions ['colcon_meta']
[0.785s] Level 1:colcon.colcon_core.package_identification:_identify(.) by extension 'colcon_meta'
[0.785s] Level 1:colcon.colcon_core.package_identification:_identify(.) by extensions ['ros']
[0.785s] Level 1:colcon.colcon_core.package_identification:_identify(.) by extension 'ros'
[0.793s] Level 1:colcon.colcon_core.package_identification:_identify(.) by extensions ['cmake', 'python']
[0.793s] Level 1:colcon.colcon_core.package_identification:_identify(.) by extension 'cmake'
[0.793s] Level 1:colcon.colcon_core.package_identification:_identify(.) by extension 'python'
[0.793s] Level 1:colcon.colcon_core.package_identification:_identify(.) by extensions ['python_setup_py']
[0.793s] Level 1:colcon.colcon_core.package_identification:_identify(.) by extension 'python_setup_py'
[0.793s] Level 1:colcon.colcon_core.package_identification:_identify(build) by extensions ['ignore', 'ignore_ament_install']
[0.793s] Level 1:colcon.colcon_core.package_identification:_identify(build) by extension 'ignore'
[0.793s] Level 1:colcon.colcon_core.package_identification:_identify(build) ignored
[0.793s] Level 1:colcon.colcon_core.package_identification:_identify(install) by extensions ['ignore', 'ignore_ament_install']
[0.793s] Level 1:colcon.colcon_core.package_identification:_identify(install) by extension 'ignore'
[0.793s] Level 1:colcon.colcon_core.package_identification:_identify(install) ignored
[0.793s] Level 1:colcon.colcon_core.package_identification:_identify(log) by extensions ['ignore', 'ignore_ament_install']
[0.793s] Level 1:colcon.colcon_core.package_identification:_identify(log) by extension 'ignore'
[0.793s] Level 1:colcon.colcon_core.package_identification:_identify(log) ignored
[0.794s] Level 1:colcon.colcon_core.package_identification:_identify(nav2_straightline_planner) by extensions ['ignore', 'ignore_ament_install']
[0.794s] Level 1:colcon.colcon_core.package_identification:_identify(nav2_straightline_planner) by extension 'ignore'
[0.794s] Level 1:colcon.colcon_core.package_identification:_identify(nav2_straightline_planner) by extension 'ignore_ament_install'
[0.794s] Level 1:colcon.colcon_core.package_identification:_identify(nav2_straightline_planner) by extensions ['colcon_pkg']
[0.794s] Level 1:colcon.colcon_core.package_identification:_identify(nav2_straightline_planner) by extension 'colcon_pkg'
[0.794s] Level 1:colcon.colcon_core.package_identification:_identify(nav2_straightline_planner) by extensions ['colcon_meta']
[0.794s] Level 1:colcon.colcon_core.package_identification:_identify(nav2_straightline_planner) by extension 'colcon_meta'
[0.794s] Level 1:colcon.colcon_core.package_identification:_identify(nav2_straightline_planner) by extensions ['ros']
[0.794s] Level 1:colcon.colcon_core.package_identification:_identify(nav2_straightline_planner) by extension 'ros'
[0.796s] DEBUG:colcon.colcon_core.package_identification:Package 'nav2_straightline_planner' with type 'ros.ament_cmake' and name 'nav2_straightline_planner'
[0.797s] Level 1:colcon.colcon_core.package_identification:_identify(navigation2_tutorials) by extensions ['ignore', 'ignore_ament_install']
[0.797s] Level 1:colcon.colcon_core.package_identification:_identify(navigation2_tutorials) by extension 'ignore'
[0.797s] Level 1:colcon.colcon_core.package_identification:_identify(navigation2_tutorials) by extension 'ignore_ament_install'
[0.797s] Level 1:colcon.colcon_core.package_identification:_identify(navigation2_tutorials) by extensions ['colcon_pkg']
[0.797s] Level 1:colcon.colcon_core.package_identification:_identify(navigation2_tutorials) by extension 'colcon_pkg'
[0.797s] Level 1:colcon.colcon_core.package_identification:_identify(navigation2_tutorials) by extensions ['colcon_meta']
[0.797s] Level 1:colcon.colcon_core.package_identification:_identify(navigation2_tutorials) by extension 'colcon_meta'
[0.797s] Level 1:colcon.colcon_core.package_identification:_identify(navigation2_tutorials) by extensions ['ros']
[0.797s] Level 1:colcon.colcon_core.package_identification:_identify(navigation2_tutorials) by extension 'ros'
[0.797s] Level 1:colcon.colcon_core.package_identification:_identify(navigation2_tutorials) by extensions ['cmake', 'python']
[0.797s] Level 1:colcon.colcon_core.package_identification:_identify(navigation2_tutorials) by extension 'cmake'
[0.797s] Level 1:colcon.colcon_core.package_identification:_identify(navigation2_tutorials) by extension 'python'
[0.797s] Level 1:colcon.colcon_core.package_identification:_identify(navigation2_tutorials) by extensions ['python_setup_py']
[0.797s] Level 1:colcon.colcon_core.package_identification:_identify(navigation2_tutorials) by extension 'python_setup_py'
[0.797s] Level 1:colcon.colcon_core.package_identification:_identify(navigation2_tutorials/build) by extensions ['ignore', 'ignore_ament_install']
[0.797s] Level 1:colcon.colcon_core.package_identification:_identify(navigation2_tutorials/build) by extension 'ignore'
[0.797s] Level 1:colcon.colcon_core.package_identification:_identify(navigation2_tutorials/build) ignored
[0.798s] Level 1:colcon.colcon_core.package_identification:_identify(navigation2_tutorials/install) by extensions ['ignore', 'ignore_ament_install']
[0.798s] Level 1:colcon.colcon_core.package_identification:_identify(navigation2_tutorials/install) by extension 'ignore'
[0.798s] Level 1:colcon.colcon_core.package_identification:_identify(navigation2_tutorials/install) ignored
[0.798s] Level 1:colcon.colcon_core.package_identification:_identify(navigation2_tutorials/log) by extensions ['ignore', 'ignore_ament_install']
[0.798s] Level 1:colcon.colcon_core.package_identification:_identify(navigation2_tutorials/log) by extension 'ignore'
[0.798s] Level 1:colcon.colcon_core.package_identification:_identify(navigation2_tutorials/log) ignored
[0.798s] Level 1:colcon.colcon_core.package_identification:_identify(navigation2_tutorials/nav2_gps_waypoint_follower_demo) by extensions ['ignore', 'ignore_ament_install']
[0.799s] Level 1:colcon.colcon_core.package_identification:_identify(navigation2_tutorials/nav2_gps_waypoint_follower_demo) by extension 'ignore'
[0.799s] Level 1:colcon.colcon_core.package_identification:_identify(navigation2_tutorials/nav2_gps_waypoint_follower_demo) by extension 'ignore_ament_install'
[0.799s] Level 1:colcon.colcon_core.package_identification:_identify(navigation2_tutorials/nav2_gps_waypoint_follower_demo) by extensions ['colcon_pkg']
[0.799s] Level 1:colcon.colcon_core.package_identification:_identify(navigation2_tutorials/nav2_gps_waypoint_follower_demo) by extension 'colcon_pkg'
[0.799s] Level 1:colcon.colcon_core.package_identification:_identify(navigation2_tutorials/nav2_gps_waypoint_follower_demo) by extensions ['colcon_meta']
[0.799s] Level 1:colcon.colcon_core.package_identification:_identify(navigation2_tutorials/nav2_gps_waypoint_follower_demo) by extension 'colcon_meta'
[0.799s] Level 1:colcon.colcon_core.package_identification:_identify(navigation2_tutorials/nav2_gps_waypoint_follower_demo) by extensions ['ros']
[0.799s] Level 1:colcon.colcon_core.package_identification:_identify(navigation2_tutorials/nav2_gps_waypoint_follower_demo) by extension 'ros'
[0.799s] DEBUG:colcon.colcon_core.package_identification:Package 'navigation2_tutorials/nav2_gps_waypoint_follower_demo' with type 'ros.ament_python' and name 'nav2_gps_waypoint_follower_demo'
[0.799s] Level 1:colcon.colcon_core.package_identification:_identify(navigation2_tutorials/nav2_gradient_costmap_plugin) by extensions ['ignore', 'ignore_ament_install']
[0.800s] Level 1:colcon.colcon_core.package_identification:_identify(navigation2_tutorials/nav2_gradient_costmap_plugin) by extension 'ignore'
[0.800s] Level 1:colcon.colcon_core.package_identification:_identify(navigation2_tutorials/nav2_gradient_costmap_plugin) by extension 'ignore_ament_install'
[0.800s] Level 1:colcon.colcon_core.package_identification:_identify(navigation2_tutorials/nav2_gradient_costmap_plugin) by extensions ['colcon_pkg']
[0.800s] Level 1:colcon.colcon_core.package_identification:_identify(navigation2_tutorials/nav2_gradient_costmap_plugin) by extension 'colcon_pkg'
[0.800s] Level 1:colcon.colcon_core.package_identification:_identify(navigation2_tutorials/nav2_gradient_costmap_plugin) by extensions ['colcon_meta']
[0.800s] Level 1:colcon.colcon_core.package_identification:_identify(navigation2_tutorials/nav2_gradient_costmap_plugin) by extension 'colcon_meta'
[0.800s] Level 1:colcon.colcon_core.package_identification:_identify(navigation2_tutorials/nav2_gradient_costmap_plugin) by extensions ['ros']
[0.800s] Level 1:colcon.colcon_core.package_identification:_identify(navigation2_tutorials/nav2_gradient_costmap_plugin) by extension 'ros'
[0.800s] DEBUG:colcon.colcon_core.package_identification:Package 'navigation2_tutorials/nav2_gradient_costmap_plugin' with type 'ros.ament_cmake' and name 'nav2_gradient_costmap_plugin'
[0.800s] Level 1:colcon.colcon_core.package_identification:_identify(navigation2_tutorials/nav2_sms_behavior) by extensions ['ignore', 'ignore_ament_install']
[0.800s] Level 1:colcon.colcon_core.package_identification:_identify(navigation2_tutorials/nav2_sms_behavior) by extension 'ignore'
[0.800s] Level 1:colcon.colcon_core.package_identification:_identify(navigation2_tutorials/nav2_sms_behavior) by extension 'ignore_ament_install'
[0.801s] Level 1:colcon.colcon_core.package_identification:_identify(navigation2_tutorials/nav2_sms_behavior) by extensions ['colcon_pkg']
[0.801s] Level 1:colcon.colcon_core.package_identification:_identify(navigation2_tutorials/nav2_sms_behavior) by extension 'colcon_pkg'
[0.801s] Level 1:colcon.colcon_core.package_identification:_identify(navigation2_tutorials/nav2_sms_behavior) by extensions ['colcon_meta']
[0.801s] Level 1:colcon.colcon_core.package_identification:_identify(navigation2_tutorials/nav2_sms_behavior) by extension 'colcon_meta'
[0.801s] Level 1:colcon.colcon_core.package_identification:_identify(navigation2_tutorials/nav2_sms_behavior) by extensions ['ros']
[0.801s] Level 1:colcon.colcon_core.package_identification:_identify(navigation2_tutorials/nav2_sms_behavior) by extension 'ros'
[0.802s] DEBUG:colcon.colcon_core.package_identification:Package 'navigation2_tutorials/nav2_sms_behavior' with type 'ros.ament_cmake' and name 'nav2_sms_behavior'
[0.802s] Level 1:colcon.colcon_core.package_identification:_identify(sam_bot_description) by extensions ['ignore', 'ignore_ament_install']
[0.802s] Level 1:colcon.colcon_core.package_identification:_identify(sam_bot_description) by extension 'ignore'
[0.802s] Level 1:colcon.colcon_core.package_identification:_identify(sam_bot_description) by extension 'ignore_ament_install'
[0.802s] Level 1:colcon.colcon_core.package_identification:_identify(sam_bot_description) by extensions ['colcon_pkg']
[0.802s] Level 1:colcon.colcon_core.package_identification:_identify(sam_bot_description) by extension 'colcon_pkg'
[0.802s] Level 1:colcon.colcon_core.package_identification:_identify(sam_bot_description) by extensions ['colcon_meta']
[0.802s] Level 1:colcon.colcon_core.package_identification:_identify(sam_bot_description) by extension 'colcon_meta'
[0.803s] Level 1:colcon.colcon_core.package_identification:_identify(sam_bot_description) by extensions ['ros']
[0.803s] Level 1:colcon.colcon_core.package_identification:_identify(sam_bot_description) by extension 'ros'
[0.803s] DEBUG:colcon.colcon_core.package_identification:Package 'sam_bot_description' with type 'ros.ament_cmake' and name 'sam_bot_description'
[0.803s] Level 1:colcon.colcon_core.package_discovery:discover_packages(recursive) using defaults
[0.803s] Level 1:colcon.colcon_core.package_discovery:discover_packages(ignore) discover
[0.803s] Level 1:colcon.colcon_core.package_discovery:discover_packages(ignore) using defaults
[0.803s] Level 1:colcon.colcon_core.package_discovery:discover_packages(path) discover
[0.803s] Level 1:colcon.colcon_core.package_discovery:discover_packages(path) using defaults
[0.845s] INFO:colcon.colcon_core.package_selection:Skipping not selected package 'nav2_gps_waypoint_follower_demo' in 'navigation2_tutorials/nav2_gps_waypoint_follower_demo'
[0.845s] INFO:colcon.colcon_core.package_selection:Skipping not selected package 'nav2_gradient_costmap_plugin' in 'navigation2_tutorials/nav2_gradient_costmap_plugin'
[0.845s] INFO:colcon.colcon_core.package_selection:Skipping not selected package 'nav2_sms_behavior' in 'navigation2_tutorials/nav2_sms_behavior'
[0.845s] INFO:colcon.colcon_core.package_selection:Skipping not selected package 'sam_bot_description' in 'sam_bot_description'
[0.853s] Level 5:colcon.colcon_core.verb:set package 'nav2_straightline_planner' build argument 'cmake_args' from command line to 'None'
[0.854s] Level 5:colcon.colcon_core.verb:set package 'nav2_straightline_planner' build argument 'cmake_target' from command line to 'None'
[0.854s] Level 5:colcon.colcon_core.verb:set package 'nav2_straightline_planner' build argument 'cmake_target_skip_unavailable' from command line to 'False'
[0.854s] Level 5:colcon.colcon_core.verb:set package 'nav2_straightline_planner' build argument 'cmake_clean_cache' from command line to 'False'
[0.854s] Level 5:colcon.colcon_core.verb:set package 'nav2_straightline_planner' build argument 'cmake_clean_first' from command line to 'False'
[0.854s] Level 5:colcon.colcon_core.verb:set package 'nav2_straightline_planner' build argument 'cmake_force_configure' from command line to 'False'
[0.854s] Level 5:colcon.colcon_core.verb:set package 'nav2_straightline_planner' build argument 'ament_cmake_args' from command line to 'None'
[0.854s] Level 5:colcon.colcon_core.verb:set package 'nav2_straightline_planner' build argument 'catkin_cmake_args' from command line to 'None'
[0.854s] Level 5:colcon.colcon_core.verb:set package 'nav2_straightline_planner' build argument 'catkin_skip_building_tests' from command line to 'False'
[0.854s] DEBUG:colcon.colcon_core.verb:Building package 'nav2_straightline_planner' with the following arguments: {'ament_cmake_args': None, 'build_base': '/home/umarv/ws/src/build/nav2_straightline_planner', 'catkin_cmake_args': None, 'catkin_skip_building_tests': False, 'cmake_args': None, 'cmake_clean_cache': False, 'cmake_clean_first': False, 'cmake_force_configure': False, 'cmake_target': None, 'cmake_target_skip_unavailable': False, 'install_base': '/home/umarv/ws/src/install/nav2_straightline_planner', 'merge_install': False, 'path': '/home/umarv/ws/src/nav2_straightline_planner', 'symlink_install': True, 'test_result_base': None}
[0.862s] INFO:colcon.colcon_core.executor:Executing jobs using 'parallel' executor
[0.871s] DEBUG:colcon.colcon_parallel_executor.executor.parallel:run_until_complete
[0.871s] INFO:colcon.colcon_ros.task.ament_cmake.build:Building ROS package in '/home/umarv/ws/src/nav2_straightline_planner' with build type 'ament_cmake'
[0.871s] INFO:colcon.colcon_cmake.task.cmake.build:Building CMake package in '/home/umarv/ws/src/nav2_straightline_planner'
[0.886s] INFO:colcon.colcon_core.plugin_system:Skipping extension 'colcon_core.shell.bat': Not used on non-Windows systems
[0.887s] INFO:colcon.colcon_core.shell:Skip shell extension 'powershell' for command environment: Not usable outside of PowerShell
[0.887s] DEBUG:colcon.colcon_core.shell:Skip shell extension 'dsv' for command environment
[0.919s] DEBUG:colcon.colcon_core.event_handler.log_command:Invoking command in '/home/umarv/ws/src/build/nav2_straightline_planner': CMAKE_PREFIX_PATH=/opt/ros/humble /usr/bin/cmake /home/umarv/ws/src/nav2_straightline_planner -DAMENT_CMAKE_SYMLINK_INSTALL=1 -DCMAKE_INSTALL_PREFIX=/home/umarv/ws/src/install/nav2_straightline_planner
[1.015s] DEBUG:colcon.colcon_core.event_handler.log_command:Invoked command in '/home/umarv/ws/src/build/nav2_straightline_planner' returned '1': CMAKE_PREFIX_PATH=/opt/ros/humble /usr/bin/cmake /home/umarv/ws/src/nav2_straightline_planner -DAMENT_CMAKE_SYMLINK_INSTALL=1 -DCMAKE_INSTALL_PREFIX=/home/umarv/ws/src/install/nav2_straightline_planner
[1.029s] Level 1:colcon.colcon_core.environment:create_environment_scripts_only(nav2_straightline_planner)
[1.045s] Level 1:colcon.colcon_core.environment:checking '/home/umarv/ws/src/install/nav2_straightline_planner' for CMake module files
[1.045s] Level 1:colcon.colcon_core.environment:checking '/home/umarv/ws/src/install/nav2_straightline_planner' for CMake config files
[1.045s] Level 1:colcon.colcon_core.shell:create_environment_hook('nav2_straightline_planner', 'cmake_prefix_path')
[1.054s] INFO:colcon.colcon_core.shell:Creating environment hook '/home/umarv/ws/src/install/nav2_straightline_planner/share/nav2_straightline_planner/hook/cmake_prefix_path.ps1'
[1.055s] INFO:colcon.colcon_core.shell:Creating environment descriptor '/home/umarv/ws/src/install/nav2_straightline_planner/share/nav2_straightline_planner/hook/cmake_prefix_path.dsv'
[1.056s] INFO:colcon.colcon_core.shell:Creating environment hook '/home/umarv/ws/src/install/nav2_straightline_planner/share/nav2_straightline_planner/hook/cmake_prefix_path.sh'
[1.057s] Level 1:colcon.colcon_core.environment:checking '/home/umarv/ws/src/install/nav2_straightline_planner/lib'
[1.057s] Level 1:colcon.colcon_core.shell:create_environment_hook('nav2_straightline_planner', 'ld_library_path_lib')
[1.066s] INFO:colcon.colcon_core.shell:Creating environment hook '/home/umarv/ws/src/install/nav2_straightline_planner/share/nav2_straightline_planner/hook/ld_library_path_lib.ps1'
[1.066s] INFO:colcon.colcon_core.shell:Creating environment descriptor '/home/umarv/ws/src/install/nav2_straightline_planner/share/nav2_straightline_planner/hook/ld_library_path_lib.dsv'
[1.066s] INFO:colcon.colcon_core.shell:Creating environment hook '/home/umarv/ws/src/install/nav2_straightline_planner/share/nav2_straightline_planner/hook/ld_library_path_lib.sh'
[1.067s] Level 1:colcon.colcon_core.environment:checking '/home/umarv/ws/src/install/nav2_straightline_planner/bin'
[1.067s] Level 1:colcon.colcon_core.environment:checking '/home/umarv/ws/src/install/nav2_straightline_planner/lib/pkgconfig/nav2_straightline_planner.pc'
[1.069s] Level 1:colcon.colcon_core.environment:checking '/home/umarv/ws/src/install/nav2_straightline_planner/lib/python3.10/site-packages'
[1.069s] Level 1:colcon.colcon_core.environment:checking '/home/umarv/ws/src/install/nav2_straightline_planner/bin'
[1.078s] INFO:colcon.colcon_core.shell:Creating package script '/home/umarv/ws/src/install/nav2_straightline_planner/share/nav2_straightline_planner/package.ps1'
[1.080s] INFO:colcon.colcon_core.shell:Creating package descriptor '/home/umarv/ws/src/install/nav2_straightline_planner/share/nav2_straightline_planner/package.dsv'
[1.081s] INFO:colcon.colcon_core.shell:Creating package script '/home/umarv/ws/src/install/nav2_straightline_planner/share/nav2_straightline_planner/package.sh'
[1.082s] INFO:colcon.colcon_core.shell:Creating package script '/home/umarv/ws/src/install/nav2_straightline_planner/share/nav2_straightline_planner/package.bash'
[1.083s] INFO:colcon.colcon_core.shell:Creating package script '/home/umarv/ws/src/install/nav2_straightline_planner/share/nav2_straightline_planner/package.zsh'
[1.084s] Level 1:colcon.colcon_core.environment:create_file_with_runtime_dependencies(/home/umarv/ws/src/install/nav2_straightline_planner/share/colcon-core/packages/nav2_straightline_planner)
[1.094s] DEBUG:colcon.colcon_parallel_executor.executor.parallel:closing loop
[1.094s] DEBUG:colcon.colcon_parallel_executor.executor.parallel:loop closed
[1.094s] DEBUG:colcon.colcon_parallel_executor.executor.parallel:run_until_complete finished with '1'
[1.095s] DEBUG:colcon.colcon_core.event_reactor:joining thread
[1.122s] INFO:colcon.colcon_core.plugin_system:Skipping extension 'colcon_notification.desktop_notification.notify_send': Could not find 'notify-send'
[1.123s] INFO:colcon.colcon_core.plugin_system:Skipping extension 'colcon_notification.desktop_notification.terminal_notifier': Not used on non-Darwin systems
[1.123s] INFO:colcon.colcon_core.plugin_system:Skipping extension 'colcon_notification.desktop_notification.win32': Not used on non-Windows systems
[1.123s] INFO:colcon.colcon_notification.desktop_notification:Sending desktop notification using 'notify2'
[1.131s] DEBUG:colcon.colcon_notification.desktop_notification.notify2:Failed to initialize notify2: org.freedesktop.DBus.Error.Spawn.ExecFailed: /usr/bin/dbus-launch terminated abnormally without any error message
[1.131s] DEBUG:colcon.colcon_core.event_reactor:joined thread
[1.142s] INFO:colcon.colcon_core.shell:Creating prefix script '/home/umarv/ws/src/install/local_setup.ps1'
[1.144s] INFO:colcon.colcon_core.shell:Creating prefix util module '/home/umarv/ws/src/install/_local_setup_util_ps1.py'
[1.146s] INFO:colcon.colcon_core.shell:Creating prefix chain script '/home/umarv/ws/src/install/setup.ps1'
[1.156s] INFO:colcon.colcon_core.shell:Creating prefix script '/home/umarv/ws/src/install/local_setup.sh'
[1.157s] INFO:colcon.colcon_core.shell:Creating prefix util module '/home/umarv/ws/src/install/_local_setup_util_sh.py'
[1.158s] INFO:colcon.colcon_core.shell:Creating prefix chain script '/home/umarv/ws/src/install/setup.sh'
[1.169s] INFO:colcon.colcon_core.shell:Creating prefix script '/home/umarv/ws/src/install/local_setup.bash'
[1.170s] INFO:colcon.colcon_core.shell:Creating prefix chain script '/home/umarv/ws/src/install/setup.bash'
[1.179s] INFO:colcon.colcon_core.shell:Creating prefix script '/home/umarv/ws/src/install/local_setup.zsh'
[1.180s] INFO:colcon.colcon_core.shell:Creating prefix chain script '/home/umarv/ws/src/install/setup.zsh'
