[0.178s] Invoking command in '/home/umarv/ws/build/nav2_sms_behavior': /usr/bin/cmake /home/umarv/ws/src/navigation2_tutorials/nav2_sms_behavior -DCMAKE_INSTALL_PREFIX=/home/umarv/ws/install/nav2_sms_behavior
[0.194s] -- Configuring incomplete, errors occurred!
[0.194s] See also "/home/umarv/ws/build/nav2_sms_behavior/CMakeFiles/CMakeOutput.log".
[0.194s] [31mCMake Error at CMakeLists.txt:8 (find_package):
[0.194s]   By not providing "Findament_cmake.cmake" in CMAKE_MODULE_PATH this project
[0.194s]   has asked CMake to find a package configuration file provided by
[0.194s]   "ament_cmake", but CMake did not find one.
[0.195s] 
[0.195s]   Could not find a package configuration file provided by "ament_cmake" with
[0.195s]   any of the following names:
[0.196s] 
[0.196s]     ament_cmakeConfig.cmake
[0.196s]     ament_cmake-config.cmake
[0.198s] 
[0.199s]   Add the installation prefix of "ament_cmake" to CMAKE_PREFIX_PATH or set
[0.199s]   "ament_cmake_DIR" to a directory containing one of the above files.  If
[0.199s]   "ament_cmake" provides a separate development package or SDK, be sure it
[0.199s]   has been installed.
[0.199s] 
[0.199s] [0m
[0.216s] Invoked command in '/home/umarv/ws/build/nav2_sms_behavior' returned '1': /usr/bin/cmake /home/umarv/ws/src/navigation2_tutorials/nav2_sms_behavior -DCMAKE_INSTALL_PREFIX=/home/umarv/ws/install/nav2_sms_behavior
