[0.179s] Invoking command in '/home/umarv/ws/src/build/nav2_sms_behavior': /usr/bin/cmake /home/umarv/ws/src/navigation2_tutorials/nav2_sms_behavior -DCMAKE_INSTALL_PREFIX=/home/umarv/ws/src/install/nav2_sms_behavior
[0.222s] -- The C compiler identification is GNU 11.4.0
[0.269s] -- The CXX compiler identification is GNU 11.4.0
[0.274s] -- Detecting C compiler ABI info
[0.343s] -- Detecting C compiler ABI info - done
[0.350s] -- Check for working C compiler: /usr/bin/cc - skipped
[0.350s] -- Detecting C compile features
[0.351s] -- Detecting C compile features - done
[0.353s] -- Detecting CXX compiler ABI info
[0.428s] -- Detecting CXX compiler ABI info - done
[0.436s] -- Check for working CXX compiler: /usr/bin/c++ - skipped
[0.436s] -- Detecting CXX compile features
[0.437s] -- Detecting CXX compile features - done
[0.452s] [31mCMake Error at CMakeLists.txt:8 (find_package):
[0.452s]   By not providing "Findament_cmake.cmake" in CMAKE_MODULE_PATH this project
[0.453s]   has asked CMake to find a package configuration file provided by
[0.453s]   "ament_cmake", but CMake did not find one.
[0.453s] 
[0.453s]   Could not find a package configuration file provided by "ament_cmake" with
[0.453s]   any of the following names:
[0.453s] 
[0.453s]     ament_cmakeConfig.cmake
[0.454s]     ament_cmake-config.cmake
[0.454s] 
[0.454s]   Add the installation prefix of "ament_cmake" to CMAKE_PREFIX_PATH or set
[0.454s]   "ament_cmake_DIR" to a directory containing one of the above files.  If
[0.454s]   "ament_cmake" provides a separate development package or SDK, be sure it
[0.454s]   has been installed.
[0.455s] 
[0.455s] [0m
[0.455s] -- Configuring incomplete, errors occurred!
[0.456s] See also "/home/umarv/ws/src/build/nav2_sms_behavior/CMakeFiles/CMakeOutput.log".
[0.467s] Invoked command in '/home/umarv/ws/src/build/nav2_sms_behavior' returned '1': /usr/bin/cmake /home/umarv/ws/src/navigation2_tutorials/nav2_sms_behavior -DCMAKE_INSTALL_PREFIX=/home/umarv/ws/src/install/nav2_sms_behavior
