[0.204s] Invoking command in '/home/umarv/ws/build/nav2_straightline_planner': /usr/bin/cmake --build /home/umarv/ws/build/nav2_straightline_planner -- -j8 -l8
[0.247s] [ 50%] [32mBuilding CXX object CMakeFiles/nav2_straightline_planner_plugin.dir/src/straight_line_planner.cpp.o[0m
[3.184s] In file included from [01m[K/home/umarv/ws/src/navigation2_tutorials/nav2_straightline_planner/src/straight_line_planner.cpp:49[m[K:
[3.184s] [01m[K/home/umarv/ws/src/navigation2_tutorials/nav2_straightline_planner/include/nav2_straightline_planner/rpastar.h:[m[K In member function ‘[01m[Kconst bool& rpastar::Node::operator==(const rpastar::Node&)[m[K’:
[3.184s] [01m[K/home/umarv/ws/src/navigation2_tutorials/nav2_straightline_planner/include/nav2_straightline_planner/rpastar.h:42:36:[m[K [01;35m[Kwarning: [m[Kreturning reference to temporary [[01;35m[K-Wreturn-local-addr[m[K]
[3.184s]    42 |                 return [01;35m[Kthis->state == rhs.state[m[K;
[3.184s]       |                        [01;35m[K~~~~~~~~~~~~^~~~~~~~~~~~[m[K
[4.696s] [100%] [32m[1mLinking CXX shared library libnav2_straightline_planner_plugin.so[0m
[5.000s] [100%] Built target nav2_straightline_planner_plugin
[5.008s] Invoked command in '/home/umarv/ws/build/nav2_straightline_planner' returned '0': /usr/bin/cmake --build /home/umarv/ws/build/nav2_straightline_planner -- -j8 -l8
[5.023s] Invoking command in '/home/umarv/ws/build/nav2_straightline_planner': /usr/bin/cmake --install /home/umarv/ws/build/nav2_straightline_planner
[5.028s] -- Install configuration: ""
[5.028s] -- Up-to-date: /home/umarv/ws/install/nav2_straightline_planner/share/nav2_straightline_planner/global_planner_plugin.xml
[5.028s] -- Installing: /home/umarv/ws/install/nav2_straightline_planner/lib/libnav2_straightline_planner_plugin.so
[5.029s] -- Set runtime path of "/home/umarv/ws/install/nav2_straightline_planner/lib/libnav2_straightline_planner_plugin.so" to ""
[5.029s] -- Up-to-date: /home/umarv/ws/install/nav2_straightline_planner/include/
[5.029s] -- Up-to-date: /home/umarv/ws/install/nav2_straightline_planner/include//nav2_straightline_planner
[5.029s] -- Up-to-date: /home/umarv/ws/install/nav2_straightline_planner/include//nav2_straightline_planner/rpastar.h
[5.029s] -- Installing: /home/umarv/ws/install/nav2_straightline_planner/include//nav2_straightline_planner/straight_line_planner.hpp
[5.029s] -- Up-to-date: /home/umarv/ws/install/nav2_straightline_planner/share/nav2_straightline_planner/global_planner_plugin.xml
[5.029s] -- Up-to-date: /home/umarv/ws/install/nav2_straightline_planner/share/nav2_straightline_planner/environment/library_path.sh
[5.030s] -- Up-to-date: /home/umarv/ws/install/nav2_straightline_planner/share/nav2_straightline_planner/environment/library_path.dsv
[5.030s] -- Up-to-date: /home/umarv/ws/install/nav2_straightline_planner/share/ament_index/resource_index/package_run_dependencies/nav2_straightline_planner
[5.030s] -- Up-to-date: /home/umarv/ws/install/nav2_straightline_planner/share/ament_index/resource_index/parent_prefix_path/nav2_straightline_planner
[5.030s] -- Up-to-date: /home/umarv/ws/install/nav2_straightline_planner/share/nav2_straightline_planner/environment/ament_prefix_path.sh
[5.030s] -- Up-to-date: /home/umarv/ws/install/nav2_straightline_planner/share/nav2_straightline_planner/environment/ament_prefix_path.dsv
[5.030s] -- Up-to-date: /home/umarv/ws/install/nav2_straightline_planner/share/nav2_straightline_planner/environment/path.sh
[5.030s] -- Up-to-date: /home/umarv/ws/install/nav2_straightline_planner/share/nav2_straightline_planner/environment/path.dsv
[5.030s] -- Up-to-date: /home/umarv/ws/install/nav2_straightline_planner/share/nav2_straightline_planner/local_setup.bash
[5.030s] -- Up-to-date: /home/umarv/ws/install/nav2_straightline_planner/share/nav2_straightline_planner/local_setup.sh
[5.031s] -- Up-to-date: /home/umarv/ws/install/nav2_straightline_planner/share/nav2_straightline_planner/local_setup.zsh
[5.031s] -- Up-to-date: /home/umarv/ws/install/nav2_straightline_planner/share/nav2_straightline_planner/local_setup.dsv
[5.031s] -- Installing: /home/umarv/ws/install/nav2_straightline_planner/share/nav2_straightline_planner/package.dsv
[5.032s] -- Up-to-date: /home/umarv/ws/install/nav2_straightline_planner/share/ament_index/resource_index/packages/nav2_straightline_planner
[5.032s] -- Up-to-date: /home/umarv/ws/install/nav2_straightline_planner/share/ament_index/resource_index/nav2_core__pluginlib__plugin/nav2_straightline_planner
[5.032s] -- Up-to-date: /home/umarv/ws/install/nav2_straightline_planner/share/nav2_straightline_planner/cmake/ament_cmake_export_include_directories-extras.cmake
[5.034s] -- Up-to-date: /home/umarv/ws/install/nav2_straightline_planner/share/nav2_straightline_planner/cmake/ament_cmake_export_libraries-extras.cmake
[5.034s] -- Up-to-date: /home/umarv/ws/install/nav2_straightline_planner/share/nav2_straightline_planner/cmake/ament_cmake_export_dependencies-extras.cmake
[5.035s] -- Up-to-date: /home/umarv/ws/install/nav2_straightline_planner/share/nav2_straightline_planner/cmake/nav2_straightline_plannerConfig.cmake
[5.037s] -- Up-to-date: /home/umarv/ws/install/nav2_straightline_planner/share/nav2_straightline_planner/cmake/nav2_straightline_plannerConfig-version.cmake
[5.040s] -- Up-to-date: /home/umarv/ws/install/nav2_straightline_planner/share/nav2_straightline_planner/package.xml
[5.040s] Invoked command in '/home/umarv/ws/build/nav2_straightline_planner' returned '0': /usr/bin/cmake --install /home/umarv/ws/build/nav2_straightline_planner
