[0.169s] Invoking command in '/home/umarv/ws/build/sam_bot_description': /usr/bin/cmake /home/umarv/ws/src/navigation2_tutorials/sam_bot_description -DCMAKE_INSTALL_PREFIX=/home/umarv/ws/install/sam_bot_description
[0.211s] [31mCMake Error at CMakeLists.txt:19 (find_package):
[0.211s]   By not providing "Findament_cmake.cmake" in CMAKE_MODULE_PATH this project
[0.211s]   has asked CMake to find a package configuration file provided by
[0.212s]   "ament_cmake", but CMake did not find one.
[0.212s] 
[0.212s]   Could not find a package configuration file provided by "ament_cmake" with
[0.212s]   any of the following names:
[0.213s] 
[0.213s]     ament_cmakeConfig.cmake
[0.213s]     ament_cmake-config.cmake
[0.213s] 
[0.214s]   Add the installation prefix of "ament_cmake" to CMAKE_PREFIX_PATH or set
[0.215s]   "ament_cmake_DIR" to a directory containing one of the above files.  If
[0.215s]   "ament_cmake" provides a separate development package or SDK, be sure it
[0.215s]   has been installed.
[0.216s] 
[0.216s] [0m
[0.218s] -- Configuring incomplete, errors occurred!
[0.219s] See also "/home/umarv/ws/build/sam_bot_description/CMakeFiles/CMakeOutput.log".
[0.223s] Invoked command in '/home/umarv/ws/build/sam_bot_description' returned '1': /usr/bin/cmake /home/umarv/ws/src/navigation2_tutorials/sam_bot_description -DCMAKE_INSTALL_PREFIX=/home/umarv/ws/install/sam_bot_description
