[0.036s] Invoking command in '/home/umarv/ws/src/build/nav2_straightline_planner': CMAKE_PREFIX_PATH=/opt/ros/humble /usr/bin/cmake /home/umarv/ws/src/navigation2_tutorials/nav2_straightline_planner -DAMENT_CMAKE_SYMLINK_INSTALL=1 -DCMAKE_INSTALL_PREFIX=/home/umarv/ws/src/install/nav2_straightline_planner
[0.061s] -- Found ament_cmake: 1.3.5 (/opt/ros/humble/share/ament_cmake/cmake)
[0.195s] -- Override CMake install command with custom implementation using symlinks instead of copying resources
[0.228s] -- Found rclcpp: 16.0.6 (/opt/ros/humble/share/rclcpp/cmake)
[0.310s] -- Found rosidl_generator_c: 3.1.5 (/opt/ros/humble/share/rosidl_generator_c/cmake)
[0.315s] -- Found rosidl_adapter: 3.1.5 (/opt/ros/humble/share/rosidl_adapter/cmake)
[0.327s] -- Found rosidl_generator_cpp: 3.1.5 (/opt/ros/humble/share/rosidl_generator_cpp/cmake)
[0.346s] -- Using all available rosidl_typesupport_c: rosidl_typesupport_fastrtps_c;rosidl_typesupport_introspection_c
[0.366s] -- Using all available rosidl_typesupport_cpp: rosidl_typesupport_fastrtps_cpp;rosidl_typesupport_introspection_cpp
[0.440s] -- Found rmw_implementation_cmake: 6.1.1 (/opt/ros/humble/share/rmw_implementation_cmake/cmake)
[0.444s] -- Found rmw_fastrtps_cpp: 6.2.4 (/opt/ros/humble/share/rmw_fastrtps_cpp/cmake)
[0.591s] -- Using RMW implementation 'rmw_fastrtps_cpp' as default
[0.770s] -- Found rclcpp_action: 16.0.6 (/opt/ros/humble/share/rclcpp_action/cmake)
[0.875s] -- Found rclcpp_lifecycle: 16.0.6 (/opt/ros/humble/share/rclcpp_lifecycle/cmake)
[0.926s] -- Found visualization_msgs: 4.2.3 (/opt/ros/humble/share/visualization_msgs/cmake)
[1.158s] -- Found nav2_util: 1.1.12 (/opt/ros/humble/share/nav2_util/cmake)
[1.633s] -- Found eigen3_cmake_module: 0.1.1 (/opt/ros/humble/share/eigen3_cmake_module/cmake)
[1.636s] -- Ensuring Eigen3 include directory is part of orocos-kdl CMake target
[1.793s] -- Found nav2_costmap_2d: 1.1.12 (/opt/ros/humble/share/nav2_costmap_2d/cmake)
[2.474s] -- Found nav2_core: 1.1.12 (/opt/ros/humble/share/nav2_core/cmake)
[6.040s] -- Found ament_lint_auto: 0.12.8 (/opt/ros/humble/share/ament_lint_auto/cmake)
[6.127s] -- Added test 'copyright' to check source files copyright and LICENSE
[6.128s] -- Added test 'cppcheck' to perform static code analysis on C / C++ code
[6.129s] -- Configured cppcheck include dirs: /home/umarv/ws/src/navigation2_tutorials/nav2_straightline_planner/include
[6.129s] -- Configured cppcheck exclude dirs and/or files: 
[6.129s] -- Added test 'cpplint' to check C / C++ code against the Google style
[6.129s] -- Configured cpplint exclude dirs and/or files: 
[6.130s] -- Added test 'lint_cmake' to check CMake code style
[6.131s] -- Added test 'uncrustify' to check C / C++ code style
[6.132s] -- Configured uncrustify additional arguments: 
[6.132s] -- Added test 'xmllint' to check XML markup files
[6.141s] -- Configuring done
[6.308s] -- Generating done
[6.311s] -- Build files have been written to: /home/umarv/ws/src/build/nav2_straightline_planner
[6.319s] Invoked command in '/home/umarv/ws/src/build/nav2_straightline_planner' returned '0': CMAKE_PREFIX_PATH=/opt/ros/humble /usr/bin/cmake /home/umarv/ws/src/navigation2_tutorials/nav2_straightline_planner -DAMENT_CMAKE_SYMLINK_INSTALL=1 -DCMAKE_INSTALL_PREFIX=/home/umarv/ws/src/install/nav2_straightline_planner
[6.322s] Invoking command in '/home/umarv/ws/src/build/nav2_straightline_planner': CMAKE_PREFIX_PATH=/opt/ros/humble /usr/bin/cmake --build /home/umarv/ws/src/build/nav2_straightline_planner -- -j8 -l8
[6.352s] [35m[1mConsolidate compiler generated dependencies of target nav2_straightline_planner_plugin[0m
[6.451s] [ 50%] [32m[1mLinking CXX shared library libnav2_straightline_planner_plugin.so[0m
[6.679s] [100%] Built target nav2_straightline_planner_plugin
[6.686s] Invoked command in '/home/umarv/ws/src/build/nav2_straightline_planner' returned '0': CMAKE_PREFIX_PATH=/opt/ros/humble /usr/bin/cmake --build /home/umarv/ws/src/build/nav2_straightline_planner -- -j8 -l8
[6.710s] Invoking command in '/home/umarv/ws/src/build/nav2_straightline_planner': CMAKE_PREFIX_PATH=/opt/ros/humble /usr/bin/cmake --install /home/umarv/ws/src/build/nav2_straightline_planner
[6.714s] -- Install configuration: ""
[6.715s] -- Execute custom install script
[6.715s] -- Symlinking: /home/umarv/ws/src/install/nav2_straightline_planner/share/nav2_straightline_planner//global_planner_plugin.xml
[6.721s] -- Symlinking: /home/umarv/ws/src/install/nav2_straightline_planner/lib/libnav2_straightline_planner_plugin.so
[6.728s] -- Symlinking: /home/umarv/ws/src/install/nav2_straightline_planner/include//nav2_straightline_planner/straight_line_planner.hpp
[6.734s] -- Up-to-date symlink: /home/umarv/ws/src/install/nav2_straightline_planner/share/nav2_straightline_planner/global_planner_plugin.xml
[6.734s] -- Symlinking: /home/umarv/ws/src/install/nav2_straightline_planner/share/nav2_straightline_planner/environment/library_path.sh
[6.741s] -- Symlinking: /home/umarv/ws/src/install/nav2_straightline_planner/share/nav2_straightline_planner/environment/library_path.dsv
[6.747s] -- Symlinking: /home/umarv/ws/src/install/nav2_straightline_planner/share/ament_index/resource_index/package_run_dependencies/nav2_straightline_planner
[6.752s] -- Symlinking: /home/umarv/ws/src/install/nav2_straightline_planner/share/ament_index/resource_index/parent_prefix_path/nav2_straightline_planner
[6.759s] -- Symlinking: /home/umarv/ws/src/install/nav2_straightline_planner/share/nav2_straightline_planner/environment/ament_prefix_path.sh
[6.765s] -- Symlinking: /home/umarv/ws/src/install/nav2_straightline_planner/share/nav2_straightline_planner/environment/ament_prefix_path.dsv
[6.771s] -- Symlinking: /home/umarv/ws/src/install/nav2_straightline_planner/share/nav2_straightline_planner/environment/path.sh
[6.777s] -- Symlinking: /home/umarv/ws/src/install/nav2_straightline_planner/share/nav2_straightline_planner/environment/path.dsv
[6.784s] -- Symlinking: /home/umarv/ws/src/install/nav2_straightline_planner/share/nav2_straightline_planner/local_setup.bash
[6.790s] -- Symlinking: /home/umarv/ws/src/install/nav2_straightline_planner/share/nav2_straightline_planner/local_setup.sh
[6.796s] -- Symlinking: /home/umarv/ws/src/install/nav2_straightline_planner/share/nav2_straightline_planner/local_setup.zsh
[6.801s] -- Symlinking: /home/umarv/ws/src/install/nav2_straightline_planner/share/nav2_straightline_planner/local_setup.dsv
[6.807s] -- Symlinking: /home/umarv/ws/src/install/nav2_straightline_planner/share/nav2_straightline_planner/package.dsv
[6.812s] -- Symlinking: /home/umarv/ws/src/install/nav2_straightline_planner/share/ament_index/resource_index/packages/nav2_straightline_planner
[6.817s] -- Symlinking: /home/umarv/ws/src/install/nav2_straightline_planner/share/ament_index/resource_index/nav2_core__pluginlib__plugin/nav2_straightline_planner
[6.822s] -- Symlinking: /home/umarv/ws/src/install/nav2_straightline_planner/share/nav2_straightline_planner/cmake/ament_cmake_export_include_directories-extras.cmake
[6.828s] -- Symlinking: /home/umarv/ws/src/install/nav2_straightline_planner/share/nav2_straightline_planner/cmake/ament_cmake_export_libraries-extras.cmake
[6.834s] -- Symlinking: /home/umarv/ws/src/install/nav2_straightline_planner/share/nav2_straightline_planner/cmake/ament_cmake_export_dependencies-extras.cmake
[6.840s] -- Symlinking: /home/umarv/ws/src/install/nav2_straightline_planner/share/nav2_straightline_planner/cmake/nav2_straightline_plannerConfig.cmake
[6.846s] -- Symlinking: /home/umarv/ws/src/install/nav2_straightline_planner/share/nav2_straightline_planner/cmake/nav2_straightline_plannerConfig-version.cmake
[6.851s] -- Symlinking: /home/umarv/ws/src/install/nav2_straightline_planner/share/nav2_straightline_planner/package.xml
[6.858s] Invoked command in '/home/umarv/ws/src/build/nav2_straightline_planner' returned '0': CMAKE_PREFIX_PATH=/opt/ros/humble /usr/bin/cmake --install /home/umarv/ws/src/build/nav2_straightline_planner
